#
# A fatal error has been detected by the Java Runtime Environment:
#
#  SIGSEGV (0xb) at pc=0x0000000124c642d7, pid=80637, tid=0x000000000000b703
#
# JRE version: Java(TM) SE Runtime Environment (8.0_121-b13) (build 1.8.0_121-b13)
# Java VM: Java HotSpot(TM) 64-Bit Server VM (25.121-b13 mixed mode bsd-amd64 compressed oops)
# Problematic frame:
# C  [libawt_lwawt.dylib+0x1c2d7]  OGLSD_SetScratchSurface+0x49
#
# Failed to write core dump. Core dumps have been disabled. To enable core dumping, try "ulimit -c unlimited" before starting Java again
#
# If you would like to submit a bug report, please visit:
#   http://bugreport.java.com/bugreport/crash.jsp
# The crash happened outside the Java Virtual Machine in native code.
# See problematic frame for where to report the bug.
#

---------------  T H R E A D  ---------------

Current thread (0x00007fcab91cf800):  JavaThread "Java2D Queue Flusher" daemon [_thread_in_native, id=46851, stack(0x000070000e798000,0x000070000e898000)]

siginfo: si_signo: 11 (SIGSEGV), si_code: 1 (SEGV_MAPERR), si_addr: 0x0000000000000002

Registers:
RAX=0x00000000ffffffff, RBX=0x0000000000000002, RCX=0x0000000000000047, RDX=0x0000000124c85370
RSP=0x000070000e897720, RBP=0x000070000e897740, RSI=0x00007fcab8481550, RDI=0x00007fcab91cf9f8
R8 =0x0000000000001e79, R9 =0xffffffff00000000, R10=0x0000000109017d78, R11=0x000000010906a380
R12=0x0000000000000000, R13=0x000070000e8978e0, R14=0x00007fcab91cf9f8, R15=0x00007fcab91cf800
RIP=0x0000000124c642d7, EFLAGS=0x0000000000010202, ERR=0x0000000000000004
  TRAPNO=0x000000000000000e

Top of Stack: (sp=0x000070000e897720)
0x000070000e897720:   00007fcab8481550 0000000000000000
0x000070000e897730:   00007fcab91e4c10 00007fcab91cf800
0x000070000e897740:   000070000e8977c0 0000000124c84e4e
0x000070000e897750:   00007fcab856d500 0000000200000001
0x000070000e897760:   0000000000000000 0000700000000000
0x000070000e897770:   0000000000000000 0000000000000000
0x000070000e897780:   000070000e8977c0 00007fcab91e4c20
0x000070000e897790:   000000000070f010 00007fcab91cf9f8
0x000070000e8977a0:   000000012bcf4438 0000000000000000
0x000070000e8977b0:   000070000e897960 00007fcab91cf800
0x000070000e8977c0:   000070000e897810 0000000109017dea
0x000070000e8977d0:   00000006c004e4f8 00000001082fb45c
0x000070000e8977e0:   0000000000000064 0000000000000000
0x000070000e8977f0:   0000000000000064 00007fcab856cc38
0x000070000e897800:   000070000e897860 0000000108113494
0x000070000e897810:   000070000e897938 000000010909573c
0x000070000e897820:   0000000000000001 00007fcab856dc60
0x000070000e897830:   00000006c004f800 00007fcab91cf800
0x000070000e897840:   00007fcab91cf800 0000000120abca00
0x000070000e897850:   000070000e897960 00007fcab91cf800
0x000070000e897860:   000070000e8978b0 0000000108faf328
0x000070000e897870:   00000006c004e4f8 0000000108fc05e6
0x000070000e897880:   000070000e897938 000000010906a3dc
0x000070000e897890:   000070000e897890 0000000120fe373c
0x000070000e8978a0:   000070000e8978e0 0000000120fe3828
0x000070000e8978b0:   000070000e897938 0000000108d6e2bd
0x000070000e8978c0:   000070000e897938 0000000108d6e2bd
0x000070000e8978d0:   0000000000000064 0000000108d6e2bd
0x000070000e8978e0:   00000006c004e4f8 0000000000000001
0x000070000e8978f0:   00000006c004f8b0 000070000e8978e8
0x000070000e897900:   0000000120f3ab41 000070000e897960
0x000070000e897910:   0000000120f3b3c8 00000001210f6708 

Instructions: (pc=0x0000000124c642d7)
0x0000000124c642b7:   c0 e9 82 00 00 00 48 8b 5e 10 48 85 db 75 0e bf
0x0000000124c642c7:   01 00 00 00 48 8d 15 0a 7e 03 00 eb d6 49 89 fe
0x0000000124c642d7:   4c 8b 3b 30 c0 e8 d9 a8 02 00 49 8b 3f 49 89 c4
0x0000000124c642e7:   48 8b 35 d2 03 06 00 30 c0 e8 e5 a9 02 00 48 85 

Register to memory mapping:

RAX=0x00000000ffffffff is an unknown value
RBX=0x0000000000000002 is an unknown value
RCX=0x0000000000000047 is an unknown value
RDX=0x0000000124c85370: Java_sun_java2d_opengl_OGLRenderQueue_flushBuffer+0xb5c in /Library/Java/JavaVirtualMachines/jdk1.8.0_121.jdk/Contents/Home/jre/lib/libawt_lwawt.dylib at 0x0000000124c48000
RSP=0x000070000e897720 is pointing into the stack for thread: 0x00007fcab91cf800
RBP=0x000070000e897740 is pointing into the stack for thread: 0x00007fcab91cf800
RSI=0x00007fcab8481550 is an unknown value
RDI=0x00007fcab91cf9f8 is an unknown value
R8 =0x0000000000001e79 is an unknown value
R9 =0xffffffff00000000 is an unknown value
R10=0x0000000109017d78 is at entry_point+56 in (nmethod*)0x0000000109017bd0
R11=0x000000010906a380 is at entry_point+0 in (nmethod*)0x000000010906a210
R12=0x0000000000000000 is an unknown value
R13=0x000070000e8978e0 is pointing into the stack for thread: 0x00007fcab91cf800
R14=0x00007fcab91cf9f8 is an unknown value
R15=0x00007fcab91cf800 is a thread


Stack: [0x000070000e798000,0x000070000e898000],  sp=0x000070000e897720,  free space=1021k
Native frames: (J=compiled Java code, j=interpreted, Vv=VM code, C=native code)
C  [libawt_lwawt.dylib+0x1c2d7]  OGLSD_SetScratchSurface+0x49
C  [libawt_lwawt.dylib+0x3ce4e]  Java_sun_java2d_opengl_OGLRenderQueue_flushBuffer+0x63a
J 729  sun.java2d.opengl.OGLRenderQueue.flushBuffer(JI)V (0 bytes) @ 0x0000000109017dea [0x0000000109017d40+0xaa]
J 1279 C1 sun.java2d.opengl.OGLRenderQueue.flushBuffer()V (41 bytes) @ 0x000000010909573c [0x00000001090954e0+0x25c]
J 1280 C1 sun.java2d.opengl.OGLRenderQueue.access$100(Lsun/java2d/opengl/OGLRenderQueue;)V (5 bytes) @ 0x000000010906a3dc [0x000000010906a380+0x5c]
j  sun.java2d.opengl.OGLRenderQueue$QueueFlusher.run()V+81
v  ~StubRoutines::call_stub
V  [libjvm.dylib+0x2ed9d6]  JavaCalls::call_helper(JavaValue*, methodHandle*, JavaCallArguments*, Thread*)+0x6ae
V  [libjvm.dylib+0x2ee164]  JavaCalls::call_virtual(JavaValue*, KlassHandle, Symbol*, Symbol*, JavaCallArguments*, Thread*)+0x164
V  [libjvm.dylib+0x2ee310]  JavaCalls::call_virtual(JavaValue*, Handle, KlassHandle, Symbol*, Symbol*, Thread*)+0x4a
V  [libjvm.dylib+0x348a5d]  thread_entry(JavaThread*, Thread*)+0x7c
V  [libjvm.dylib+0x56ab0f]  JavaThread::thread_main_inner()+0x9b
V  [libjvm.dylib+0x56c1fc]  JavaThread::run()+0x1c2
V  [libjvm.dylib+0x48a5b2]  java_start(Thread*)+0xf6
C  [libsystem_pthread.dylib+0x3661]  _pthread_body+0x154
C  [libsystem_pthread.dylib+0x350d]  _pthread_body+0x0
C  [libsystem_pthread.dylib+0x2bf9]  thread_start+0xd
C  0x0000000000000000

Java frames: (J=compiled Java code, j=interpreted, Vv=VM code)
J 729  sun.java2d.opengl.OGLRenderQueue.flushBuffer(JI)V (0 bytes) @ 0x0000000109017d78 [0x0000000109017d40+0x38]
J 1279 C1 sun.java2d.opengl.OGLRenderQueue.flushBuffer()V (41 bytes) @ 0x000000010909573c [0x00000001090954e0+0x25c]
J 1280 C1 sun.java2d.opengl.OGLRenderQueue.access$100(Lsun/java2d/opengl/OGLRenderQueue;)V (5 bytes) @ 0x000000010906a3dc [0x000000010906a380+0x5c]
j  sun.java2d.opengl.OGLRenderQueue$QueueFlusher.run()V+81
v  ~StubRoutines::call_stub

---------------  P R O C E S S  ---------------

Java Threads: ( => current thread )
  0x00007fcab91ef000 JavaThread "DestroyJavaVM" [_thread_blocked, id=9731, stack(0x000070000d04a000,0x000070000d14a000)]
  0x00007fcab897a800 JavaThread "Thread-0" [_thread_in_native, id=69651, stack(0x000070000eb24000,0x000070000ec24000)]
  0x00007fcab896a800 JavaThread "AWT-EventQueue-0" [_thread_blocked, id=54335, stack(0x000070000ea21000,0x000070000eb21000)]
  0x00007fcab8941000 JavaThread "Java2D Disposer" daemon [_thread_blocked, id=75279, stack(0x000070000e89b000,0x000070000e99b000)]
=>0x00007fcab91cf800 JavaThread "Java2D Queue Flusher" daemon [_thread_in_native, id=46851, stack(0x000070000e798000,0x000070000e898000)]
  0x00007fcab912c800 JavaThread "AWT-Shutdown" [_thread_blocked, id=39211, stack(0x000070000e383000,0x000070000e483000)]
  0x00007fcaba188800 JavaThread "AppKit Thread" daemon [_thread_in_native, id=775, stack(0x00007ffee94ef000,0x00007ffee9cef000)]
  0x00007fcab900f000 JavaThread "Service Thread" daemon [_thread_blocked, id=16387, stack(0x000070000e17d000,0x000070000e27d000)]
  0x00007fcaba028000 JavaThread "C1 CompilerThread3" daemon [_thread_blocked, id=15619, stack(0x000070000e07a000,0x000070000e17a000)]
  0x00007fcab880c800 JavaThread "C2 CompilerThread2" daemon [_thread_blocked, id=17155, stack(0x000070000df77000,0x000070000e077000)]
  0x00007fcaba027800 JavaThread "C2 CompilerThread1" daemon [_thread_blocked, id=15107, stack(0x000070000de74000,0x000070000df74000)]
  0x00007fcaba026000 JavaThread "C2 CompilerThread0" daemon [_thread_blocked, id=17411, stack(0x000070000dd71000,0x000070000de71000)]
  0x00007fcaba012000 JavaThread "Signal Dispatcher" daemon [_thread_blocked, id=17671, stack(0x000070000dc6e000,0x000070000dd6e000)]
  0x00007fcaba011000 JavaThread "Finalizer" daemon [_thread_blocked, id=12547, stack(0x000070000db6b000,0x000070000dc6b000)]
  0x00007fcaba817800 JavaThread "Reference Handler" daemon [_thread_blocked, id=19459, stack(0x000070000da68000,0x000070000db68000)]

Other Threads:
  0x00007fcab9046800 VMThread [stack: 0x000070000d965000,0x000070000da65000] [id=19971]
  0x00007fcab8813000 WatcherThread [stack: 0x000070000e280000,0x000070000e380000] [id=15875]

VM state:not at safepoint (normal execution)

VM Mutex/Monitor currently owned by a thread: None

Heap:
 PSYoungGen      total 25088K, used 6344K [0x000000076ab00000, 0x000000077b600000, 0x00000007c0000000)
  eden space 24576K, 25% used [0x000000076ab00000,0x000000076b132348,0x000000076c300000)
  from space 512K, 0% used [0x000000077b500000,0x000000077b500000,0x000000077b580000)
  to   space 512K, 0% used [0x000000077b580000,0x000000077b580000,0x000000077b600000)
 ParOldGen       total 44544K, used 3086K [0x00000006c0000000, 0x00000006c2b80000, 0x000000076ab00000)
  object space 44544K, 6% used [0x00000006c0000000,0x00000006c0303938,0x00000006c2b80000)
 Metaspace       used 11321K, capacity 11512K, committed 11776K, reserved 1058816K
  class space    used 1325K, capacity 1407K, committed 1536K, reserved 1048576K

Card table byte_map: [0x00000001073c0000,0x0000000107bc1000] byte_map_base: 0x0000000103dc0000

Marking Bits: (ParMarkBitMap*) 0x00000001086b4d30
 Begin Bits: [0x00000001182bc000, 0x000000011c2bc000)
 End Bits:   [0x000000011c2bc000, 0x00000001202bc000)

Polling page: 0x0000000105f95000

CodeCache: size=245760Kb used=4280Kb max_used=4432Kb free=241479Kb
 bounds [0x0000000108d66000, 0x00000001091e6000, 0x0000000117d66000]
 total_blobs=1616 nmethods=1119 adapters=411
 compilation: enabled

Compilation events (10 events):
Event: 62736.797 Thread 0x00007fcaba028000 nmethod 1419 0x0000000109006490 code [0x0000000109006600, 0x0000000109006848]
Event: 62736.799 Thread 0x00007fcaba026000 nmethod 1410 0x00000001090e96d0 code [0x00000001090e9820, 0x00000001090e98d8]
Event: 62736.803 Thread 0x00007fcaba027800 1420       4       sun.java2d.opengl.CGLSurfaceData::<init> (50 bytes)
Event: 62736.806 Thread 0x00007fcaba028000 1421       3       java.util.IdentityHashMap$IdentityHashMapIterator::hasNext (50 bytes)
Event: 62736.806 Thread 0x00007fcaba028000 nmethod 1421 0x0000000109005f50 code [0x00000001090060c0, 0x0000000109006350]
Event: 62736.806 Thread 0x00007fcaba028000 1422       1       sun.awt.image.VolatileSurfaceManager::getPrimarySurfaceData (5 bytes)
Event: 62736.806 Thread 0x00007fcaba028000 nmethod 1422 0x0000000109048890 code [0x00000001090489e0, 0x0000000109048af0]
Event: 62736.806 Thread 0x00007fcaba028000 1423       3       java.awt.Color::getAlpha (12 bytes)
Event: 62736.806 Thread 0x00007fcaba028000 nmethod 1423 0x0000000109048450 code [0x00000001090485c0, 0x00000001090487e8]
Event: 62736.812 Thread 0x00007fcaba027800 nmethod 1420 0x0000000109024650 code [0x00000001090247e0, 0x0000000109024ba8]

GC Heap History (10 events):
Event: 62735.869 GC heap before
{Heap before GC invocations=307482 (full 43686):
 PSYoungGen      total 25088K, used 24731K [0x000000076ab00000, 0x000000077b600000, 0x00000007c0000000)
  eden space 24576K, 99% used [0x000000076ab00000,0x000000076c2fee10,0x000000076c300000)
  from space 512K, 31% used [0x000000077b500000,0x000000077b528000,0x000000077b580000)
  to   space 512K, 0% used [0x000000077b580000,0x000000077b580000,0x000000077b600000)
 ParOldGen       total 53760K, used 41622K [0x00000006c0000000, 0x00000006c3480000, 0x000000076ab00000)
  object space 53760K, 77% used [0x00000006c0000000,0x00000006c28a5848,0x00000006c3480000)
 Metaspace       used 11312K, capacity 11512K, committed 11776K, reserved 1058816K
  class space    used 1325K, capacity 1407K, committed 1536K, reserved 1048576K
Event: 62735.869 GC heap after
Heap after GC invocations=307482 (full 43686):
 PSYoungGen      total 25088K, used 192K [0x000000076ab00000, 0x000000077b600000, 0x00000007c0000000)
  eden space 24576K, 0% used [0x000000076ab00000,0x000000076ab00000,0x000000076c300000)
  from space 512K, 37% used [0x000000077b580000,0x000000077b5b0000,0x000000077b600000)
  to   space 512K, 0% used [0x000000077b500000,0x000000077b500000,0x000000077b580000)
 ParOldGen       total 53760K, used 41622K [0x00000006c0000000, 0x00000006c3480000, 0x000000076ab00000)
  object space 53760K, 77% used [0x00000006c0000000,0x00000006c28a5848,0x00000006c3480000)
 Metaspace       used 11312K, capacity 11512K, committed 11776K, reserved 1058816K
  class space    used 1325K, capacity 1407K, committed 1536K, reserved 1048576K
}
Event: 62736.287 GC heap before
{Heap before GC invocations=307483 (full 43686):
 PSYoungGen      total 25088K, used 24679K [0x000000076ab00000, 0x000000077b600000, 0x00000007c0000000)
  eden space 24576K, 99% used [0x000000076ab00000,0x000000076c2e9e58,0x000000076c300000)
  from space 512K, 37% used [0x000000077b580000,0x000000077b5b0000,0x000000077b600000)
  to   space 512K, 0% used [0x000000077b500000,0x000000077b500000,0x000000077b580000)
 ParOldGen       total 53760K, used 41622K [0x00000006c0000000, 0x00000006c3480000, 0x000000076ab00000)
  object space 53760K, 77% used [0x00000006c0000000,0x00000006c28a5848,0x00000006c3480000)
 Metaspace       used 11312K, capacity 11512K, committed 11776K, reserved 1058816K
  class space    used 1325K, capacity 1407K, committed 1536K, reserved 1048576K
Event: 62736.288 GC heap after
Heap after GC invocations=307483 (full 43686):
 PSYoungGen      total 25088K, used 128K [0x000000076ab00000, 0x000000077b600000, 0x00000007c0000000)
  eden space 24576K, 0% used [0x000000076ab00000,0x000000076ab00000,0x000000076c300000)
  from space 512K, 25% used [0x000000077b500000,0x000000077b520000,0x000000077b580000)
  to   space 512K, 0% used [0x000000077b580000,0x000000077b580000,0x000000077b600000)
 ParOldGen       total 53760K, used 41622K [0x00000006c0000000, 0x00000006c3480000, 0x000000076ab00000)
  object space 53760K, 77% used [0x00000006c0000000,0x00000006c28a5848,0x00000006c3480000)
 Metaspace       used 11312K, capacity 11512K, committed 11776K, reserved 1058816K
  class space    used 1325K, capacity 1407K, committed 1536K, reserved 1048576K
}
Event: 62736.500 GC heap before
{Heap before GC invocations=307484 (full 43686):
 PSYoungGen      total 25088K, used 21327K [0x000000076ab00000, 0x000000077b600000, 0x00000007c0000000)
  eden space 24576K, 86% used [0x000000076ab00000,0x000000076bfb3e58,0x000000076c300000)
  from space 512K, 25% used [0x000000077b500000,0x000000077b520000,0x000000077b580000)
  to   space 512K, 0% used [0x000000077b580000,0x000000077b580000,0x000000077b600000)
 ParOldGen       total 53760K, used 41622K [0x00000006c0000000, 0x00000006c3480000, 0x000000076ab00000)
  object space 53760K, 77% used [0x00000006c0000000,0x00000006c28a5848,0x00000006c3480000)
 Metaspace       used 11317K, capacity 11512K, committed 11776K, reserved 1058816K
  class space    used 1325K, capacity 1407K, committed 1536K, reserved 1048576K
Event: 62736.505 GC heap after
Heap after GC invocations=307484 (full 43686):
 PSYoungGen      total 25088K, used 256K [0x000000076ab00000, 0x000000077b600000, 0x00000007c0000000)
  eden space 24576K, 0% used [0x000000076ab00000,0x000000076ab00000,0x000000076c300000)
  from space 512K, 50% used [0x000000077b580000,0x000000077b5c0000,0x000000077b600000)
  to   space 512K, 0% used [0x000000077b500000,0x000000077b500000,0x000000077b580000)
 ParOldGen       total 53760K, used 47528K [0x00000006c0000000, 0x00000006c3480000, 0x000000076ab00000)
  object space 53760K, 88% used [0x00000006c0000000,0x00000006c2e6a208,0x00000006c3480000)
 Metaspace       used 11317K, capacity 11512K, committed 11776K, reserved 1058816K
  class space    used 1325K, capacity 1407K, committed 1536K, reserved 1048576K
}
Event: 62736.800 GC heap before
{Heap before GC invocations=307485 (full 43686):
 PSYoungGen      total 25088K, used 24747K [0x000000076ab00000, 0x000000077b600000, 0x00000007c0000000)
  eden space 24576K, 99% used [0x000000076ab00000,0x000000076c2eada0,0x000000076c300000)
  from space 512K, 50% used [0x000000077b580000,0x000000077b5c0000,0x000000077b600000)
  to   space 512K, 0% used [0x000000077b500000,0x000000077b500000,0x000000077b580000)
 ParOldGen       total 53760K, used 48505K [0x00000006c0000000, 0x00000006c3480000, 0x000000076ab00000)
  object space 53760K, 90% used [0x00000006c0000000,0x00000006c2f5e458,0x00000006c3480000)
 Metaspace       used 11321K, capacity 11512K, committed 11776K, reserved 1058816K
  class space    used 1325K, capacity 1407K, committed 1536K, reserved 1048576K
Event: 62736.803 GC heap after
Heap after GC invocations=307485 (full 43686):
 PSYoungGen      total 25088K, used 288K [0x000000076ab00000, 0x000000077b600000, 0x00000007c0000000)
  eden space 24576K, 0% used [0x000000076ab00000,0x000000076ab00000,0x000000076c300000)
  from space 512K, 56% used [0x000000077b500000,0x000000077b548000,0x000000077b580000)
  to   space 512K, 0% used [0x000000077b580000,0x000000077b580000,0x000000077b600000)
 ParOldGen       total 53760K, used 48505K [0x00000006c0000000, 0x00000006c3480000, 0x000000076ab00000)
  object space 53760K, 90% used [0x00000006c0000000,0x00000006c2f5e458,0x00000006c3480000)
 Metaspace       used 11321K, capacity 11512K, committed 11776K, reserved 1058816K
  class space    used 1325K, capacity 1407K, committed 1536K, reserved 1048576K
}
Event: 62737.076 GC heap before
{Heap before GC invocations=307486 (full 43687):
 PSYoungGen      total 25088K, used 24864K [0x000000076ab00000, 0x000000077b600000, 0x00000007c0000000)
  eden space 24576K, 100% used [0x000000076ab00000,0x000000076c300000,0x000000076c300000)
  from space 512K, 56% used [0x000000077b500000,0x000000077b548000,0x000000077b580000)
  to   space 512K, 0% used [0x000000077b580000,0x000000077b580000,0x000000077b600000)
 ParOldGen       total 68096K, used 67151K [0x00000006c0000000, 0x00000006c4280000, 0x000000076ab00000)
  object space 68096K, 98% used [0x00000006c0000000,0x00000006c4193f08,0x00000006c4280000)
 Metaspace       used 11321K, capacity 11512K, committed 11776K, reserved 1058816K
  class space    used 1325K, capacity 1407K, committed 1536K, reserved 1048576K
Event: 62737.109 GC heap after
Heap after GC invocations=307486 (full 43687):
 PSYoungGen      total 25088K, used 0K [0x000000076ab00000, 0x000000077b600000, 0x00000007c0000000)
  eden space 24576K, 0% used [0x000000076ab00000,0x000000076ab00000,0x000000076c300000)
  from space 512K, 0% used [0x000000077b500000,0x000000077b500000,0x000000077b580000)
  to   space 512K, 0% used [0x000000077b580000,0x000000077b580000,0x000000077b600000)
 ParOldGen       total 44544K, used 3086K [0x00000006c0000000, 0x00000006c2b80000, 0x000000076ab00000)
  object space 44544K, 6% used [0x00000006c0000000,0x00000006c0303938,0x00000006c2b80000)
 Metaspace       used 11321K, capacity 11512K, committed 11776K, reserved 1058816K
  class space    used 1325K, capacity 1407K, committed 1536K, reserved 1048576K
}

Deoptimization events (10 events):
Event: 62385.406 Thread 0x00007fcab897a800 Uncommon trap: reason=unstable_if action=reinterpret pc=0x0000000108fe0248 method=sun.awt.image.SurfaceManager.setCacheData(Ljava/lang/Object;Ljava/lang/Object;)V @ 4
Event: 62385.409 Thread 0x00007fcab896a800 Uncommon trap: reason=unstable_if action=reinterpret pc=0x0000000108f9ad60 method=sun.java2d.loops.Blit.getFromCache(Lsun/java2d/loops/SurfaceType;Lsun/java2d/loops/CompositeType;Lsun/java2d/loops/SurfaceType;)Lsun/java2d/loops/Blit; @ 11
Event: 62385.421 Thread 0x00007fcab897a800 Uncommon trap: reason=unstable_if action=reinterpret pc=0x000000010901eb30 method=sun.java2d.SunGraphics2D.translate(II)V @ 16
Event: 62385.421 Thread 0x00007fcab897a800 Uncommon trap: reason=unstable_if action=reinterpret pc=0x000000010901e5d4 method=sun.java2d.pipe.Region.clipScale(ID)I @ 3
Event: 62385.421 Thread 0x00007fcab897a800 Uncommon trap: reason=unstable_if action=reinterpret pc=0x000000010901e5d4 method=sun.java2d.pipe.Region.clipScale(ID)I @ 3
Event: 62385.421 Thread 0x00007fcab897a800 Uncommon trap: reason=unstable_if action=reinterpret pc=0x000000010901e5d4 method=sun.java2d.pipe.Region.clipScale(ID)I @ 3
Event: 62385.422 Thread 0x00007fcab897a800 Uncommon trap: reason=unstable_if action=reinterpret pc=0x0000000109094f58 method=sun.java2d.loops.RenderCache.get(Lsun/java2d/loops/SurfaceType;Lsun/java2d/loops/CompositeType;Lsun/java2d/loops/SurfaceType;)Ljava/lang/Object; @ 52
Event: 62736.335 Thread 0x00007fcab91cf800 Uncommon trap: reason=class_check action=maybe_recompile pc=0x0000000108fcbb74 method=sun.java2d.opengl.OGLRenderQueue$QueueFlusher.run()V @ 95
Event: 62736.418 Thread 0x00007fcab897a800 Uncommon trap: reason=unstable_if action=reinterpret pc=0x0000000109148830 method=sun.java2d.loops.RenderCache.get(Lsun/java2d/loops/SurfaceType;Lsun/java2d/loops/CompositeType;Lsun/java2d/loops/SurfaceType;)Ljava/lang/Object; @ 52
Event: 62737.109 Thread 0x00007fcab8941000 Uncommon trap: reason=class_check action=maybe_recompile pc=0x000000010901a110 method=sun.java2d.Disposer.run()V @ 21

Internal exceptions (10 events):
Event: 0.056 Thread 0x00007fcaba800000 Exception <a 'java/lang/NoSuchMethodError': Method sun.misc.Unsafe.prefetchRead(Ljava/lang/Object;J)V name or signature does not match> (0x000000076ab07f90) thrown at [/Users/java_re/workspace/8-2-build-macosx-x86_64/jdk8u121/8372/hotspot/src/share/vm/pri
Event: 0.181 Thread 0x00007fcaba800000 Exception <a 'java/security/PrivilegedActionException'> (0x000000076abe47c8) thrown at [/Users/java_re/workspace/8-2-build-macosx-x86_64/jdk8u121/8372/hotspot/src/share/vm/prims/jvm.cpp, line 1390]
Event: 0.181 Thread 0x00007fcaba800000 Exception <a 'java/security/PrivilegedActionException'> (0x000000076abe49d8) thrown at [/Users/java_re/workspace/8-2-build-macosx-x86_64/jdk8u121/8372/hotspot/src/share/vm/prims/jvm.cpp, line 1390]
Event: 0.181 Thread 0x00007fcaba800000 Exception <a 'java/security/PrivilegedActionException'> (0x000000076abe7d08) thrown at [/Users/java_re/workspace/8-2-build-macosx-x86_64/jdk8u121/8372/hotspot/src/share/vm/prims/jvm.cpp, line 1390]
Event: 0.181 Thread 0x00007fcaba800000 Exception <a 'java/security/PrivilegedActionException'> (0x000000076abe7f18) thrown at [/Users/java_re/workspace/8-2-build-macosx-x86_64/jdk8u121/8372/hotspot/src/share/vm/prims/jvm.cpp, line 1390]
Event: 0.232 Thread 0x00007fcaba800000 Exception <a 'java/lang/NoSuchFieldError': method resolution failed> (0x000000076adfc9d0) thrown at [/Users/java_re/workspace/8-2-build-macosx-x86_64/jdk8u121/8372/hotspot/src/share/vm/prims/methodHandles.cpp, line 1146]
Event: 0.233 Thread 0x00007fcaba800000 Exception <a 'java/lang/NoSuchFieldError': method resolution failed> (0x000000076ae0a120) thrown at [/Users/java_re/workspace/8-2-build-macosx-x86_64/jdk8u121/8372/hotspot/src/share/vm/prims/methodHandles.cpp, line 1146]
Event: 0.408 Thread 0x00007fcaba800000 Exception <a 'java/io/FileNotFoundException'> (0x000000076ae84db8) thrown at [/Users/java_re/workspace/8-2-build-macosx-x86_64/jdk8u121/8372/hotspot/src/share/vm/prims/jni.cpp, line 709]
Event: 0.408 Thread 0x00007fcaba800000 Exception <a 'java/io/FileNotFoundException'> (0x000000076ae85940) thrown at [/Users/java_re/workspace/8-2-build-macosx-x86_64/jdk8u121/8372/hotspot/src/share/vm/prims/jni.cpp, line 709]
Event: 1.220 Thread 0x00007fcaba011000 Exception <a 'java/lang/NullPointerException'> (0x000000076ad07f68) thrown at [/Users/java_re/workspace/8-2-build-macosx-x86_64/jdk8u121/8372/hotspot/src/share/vm/interpreter/linkResolver.cpp, line 1178]

Events (10 events):
Event: 62736.505 Executing VM operation: ParallelGCFailedAllocation done
Event: 62736.798 Executing VM operation: ParallelGCFailedAllocation
Event: 62736.799 Executing VM operation: ParallelGCFailedAllocation done
Event: 62736.799 Executing VM operation: ParallelGCSystemGC
Event: 62736.803 Executing VM operation: ParallelGCSystemGC done
Event: 62737.076 Executing VM operation: ParallelGCFailedAllocation
Event: 62737.109 Executing VM operation: ParallelGCFailedAllocation done
Event: 62737.109 Thread 0x00007fcab8941000 Uncommon trap: trap_request=0xffffffde fr.pc=0x000000010901a110
Event: 62737.109 Thread 0x00007fcab8941000 DEOPT PACKING pc=0x000000010901a110 sp=0x000070000e99a8c0
Event: 62737.109 Thread 0x00007fcab8941000 DEOPT UNPACKING pc=0x0000000108d6b229 sp=0x000070000e99a898 mode 2


Dynamic libraries:
0x0000000013155000 	/System/Library/Frameworks/Cocoa.framework/Versions/A/Cocoa
0x0000000013155000 	/System/Library/Frameworks/Security.framework/Versions/A/Security
0x0000000013155000 	/System/Library/Frameworks/ApplicationServices.framework/Versions/A/ApplicationServices
0x0000000013155000 	/usr/lib/libz.1.dylib
0x0000000013155000 	/usr/lib/libSystem.B.dylib
0x0000000013155000 	/usr/lib/libobjc.A.dylib
0x0000000013155000 	/System/Library/Frameworks/CoreFoundation.framework/Versions/A/CoreFoundation
0x0000000013155000 	/System/Library/Frameworks/Foundation.framework/Versions/C/Foundation
0x0000000013155000 	/System/Library/Frameworks/AppKit.framework/Versions/C/AppKit
0x0000000013155000 	/System/Library/Frameworks/CoreData.framework/Versions/A/CoreData
0x0000000013155000 	/System/Library/PrivateFrameworks/RemoteViewServices.framework/Versions/A/RemoteViewServices
0x0000000013155000 	/System/Library/PrivateFrameworks/UIFoundation.framework/Versions/A/UIFoundation
0x0000000013155000 	/System/Library/PrivateFrameworks/DFRFoundation.framework/Versions/A/DFRFoundation
0x0000000013155000 	/System/Library/Frameworks/Metal.framework/Versions/A/Metal
0x0000000013155000 	/System/Library/PrivateFrameworks/DesktopServicesPriv.framework/Versions/A/DesktopServicesPriv
0x0000000013155000 	/usr/lib/libenergytrace.dylib
0x0000000013155000 	/System/Library/PrivateFrameworks/SkyLight.framework/Versions/A/SkyLight
0x0000000013155000 	/System/Library/Frameworks/CoreGraphics.framework/Versions/A/CoreGraphics
0x0000000013155000 	/usr/lib/libScreenReader.dylib
0x0000000013155000 	/System/Library/Frameworks/Accelerate.framework/Versions/A/Accelerate
0x0000000013155000 	/System/Library/Frameworks/IOSurface.framework/Versions/A/IOSurface
0x0000000013155000 	/System/Library/Frameworks/AudioToolbox.framework/Versions/A/AudioToolbox
0x0000000013155000 	/System/Library/Frameworks/AudioUnit.framework/Versions/A/AudioUnit
0x0000000013155000 	/System/Library/PrivateFrameworks/DataDetectorsCore.framework/Versions/A/DataDetectorsCore
0x0000000013155000 	/System/Library/Frameworks/Carbon.framework/Versions/A/Frameworks/HIToolbox.framework/Versions/A/HIToolbox
0x0000000013155000 	/usr/lib/libicucore.A.dylib
0x0000000013155000 	/System/Library/Frameworks/QuartzCore.framework/Versions/A/QuartzCore
0x0000000013155000 	/System/Library/PrivateFrameworks/SignpostNotification.framework/Versions/A/SignpostNotification
0x0000000013155000 	/System/Library/Frameworks/Carbon.framework/Versions/A/Frameworks/SpeechRecognition.framework/Versions/A/SpeechRecognition
0x0000000013155000 	/usr/lib/libauto.dylib
0x0000000013155000 	/usr/lib/libxml2.2.dylib
0x0000000013155000 	/System/Library/PrivateFrameworks/CoreUI.framework/Versions/A/CoreUI
0x0000000013155000 	/System/Library/Frameworks/CoreAudio.framework/Versions/A/CoreAudio
0x0000000013155000 	/System/Library/Frameworks/DiskArbitration.framework/Versions/A/DiskArbitration
0x0000000013155000 	/usr/lib/liblangid.dylib
0x0000000013155000 	/System/Library/PrivateFrameworks/MultitouchSupport.framework/Versions/A/MultitouchSupport
0x0000000013155000 	/System/Library/Frameworks/IOKit.framework/Versions/A/IOKit
0x0000000013155000 	/usr/lib/libDiagnosticMessagesClient.dylib
0x0000000013155000 	/System/Library/Frameworks/CoreServices.framework/Versions/A/CoreServices
0x0000000013155000 	/System/Library/PrivateFrameworks/PerformanceAnalysis.framework/Versions/A/PerformanceAnalysis
0x0000000013155000 	/System/Library/Frameworks/OpenGL.framework/Versions/A/OpenGL
0x0000000013155000 	/System/Library/Frameworks/ColorSync.framework/Versions/A/ColorSync
0x0000000013155000 	/System/Library/Frameworks/CoreImage.framework/Versions/A/CoreImage
0x0000000013155000 	/System/Library/Frameworks/CoreText.framework/Versions/A/CoreText
0x0000000013155000 	/System/Library/Frameworks/ImageIO.framework/Versions/A/ImageIO
0x0000000013155000 	/System/Library/PrivateFrameworks/Backup.framework/Versions/A/Backup
0x0000000013155000 	/usr/lib/libarchive.2.dylib
0x0000000013155000 	/System/Library/Frameworks/CFNetwork.framework/Versions/A/CFNetwork
0x0000000013155000 	/System/Library/Frameworks/SystemConfiguration.framework/Versions/A/SystemConfiguration
0x0000000013155000 	/usr/lib/libCRFSuite.dylib
0x0000000013155000 	/usr/lib/libc++.1.dylib
0x0000000013155000 	/usr/lib/libc++abi.dylib
0x0000000013155000 	/usr/lib/system/libcache.dylib
0x0000000013155000 	/usr/lib/system/libcommonCrypto.dylib
0x0000000013155000 	/usr/lib/system/libcompiler_rt.dylib
0x0000000013155000 	/usr/lib/system/libcopyfile.dylib
0x0000000013155000 	/usr/lib/system/libcorecrypto.dylib
0x0000000013155000 	/usr/lib/system/libdispatch.dylib
0x0000000013155000 	/usr/lib/system/libdyld.dylib
0x0000000013155000 	/usr/lib/system/libkeymgr.dylib
0x0000000013155000 	/usr/lib/system/liblaunch.dylib
0x0000000013155000 	/usr/lib/system/libmacho.dylib
0x0000000013155000 	/usr/lib/system/libquarantine.dylib
0x0000000013155000 	/usr/lib/system/libremovefile.dylib
0x0000000013155000 	/usr/lib/system/libsystem_asl.dylib
0x0000000013155000 	/usr/lib/system/libsystem_blocks.dylib
0x0000000013155000 	/usr/lib/system/libsystem_c.dylib
0x0000000013155000 	/usr/lib/system/libsystem_configuration.dylib
0x0000000013155000 	/usr/lib/system/libsystem_coreservices.dylib
0x0000000013155000 	/usr/lib/system/libsystem_darwin.dylib
0x0000000013155000 	/usr/lib/system/libsystem_dnssd.dylib
0x0000000013155000 	/usr/lib/system/libsystem_info.dylib
0x0000000013155000 	/usr/lib/system/libsystem_m.dylib
0x0000000013155000 	/usr/lib/system/libsystem_malloc.dylib
0x0000000013155000 	/usr/lib/system/libsystem_network.dylib
0x0000000013155000 	/usr/lib/system/libsystem_networkextension.dylib
0x0000000013155000 	/usr/lib/system/libsystem_notify.dylib
0x0000000013155000 	/usr/lib/system/libsystem_sandbox.dylib
0x0000000013155000 	/usr/lib/system/libsystem_secinit.dylib
0x0000000013155000 	/usr/lib/system/libsystem_kernel.dylib
0x0000000013155000 	/usr/lib/system/libsystem_platform.dylib
0x0000000013155000 	/usr/lib/system/libsystem_pthread.dylib
0x0000000013155000 	/usr/lib/system/libsystem_symptoms.dylib
0x0000000013155000 	/usr/lib/system/libsystem_trace.dylib
0x0000000013155000 	/usr/lib/system/libunwind.dylib
0x0000000013155000 	/usr/lib/system/libxpc.dylib
0x0000000013155000 	/usr/lib/closure/libclosured.dylib
0x0000000013155000 	/usr/lib/libbsm.0.dylib
0x0000000013155000 	/usr/lib/system/libkxld.dylib
0x0000000013155000 	/usr/lib/libOpenScriptingUtil.dylib
0x0000000013155000 	/usr/lib/libcoretls.dylib
0x0000000013155000 	/usr/lib/libcoretls_cfhelpers.dylib
0x0000000013155000 	/usr/lib/libpam.2.dylib
0x0000000013155000 	/usr/lib/libsqlite3.dylib
0x0000000013155000 	/usr/lib/libxar.1.dylib
0x0000000013155000 	/usr/lib/libbz2.1.0.dylib
0x0000000013155000 	/usr/lib/liblzma.5.dylib
0x0000000013155000 	/usr/lib/libnetwork.dylib
0x0000000013155000 	/usr/lib/libapple_nghttp2.dylib
0x0000000013155000 	/usr/lib/libpcap.A.dylib
0x0000000013155000 	/usr/lib/libboringssl.dylib
0x0000000013155000 	/usr/lib/libusrtcp.dylib
0x0000000013155000 	/usr/lib/libapple_crypto.dylib
0x0000000013155000 	/System/Library/Frameworks/CoreServices.framework/Versions/A/Frameworks/FSEvents.framework/Versions/A/FSEvents
0x0000000013155000 	/System/Library/Frameworks/CoreServices.framework/Versions/A/Frameworks/CarbonCore.framework/Versions/A/CarbonCore
0x0000000013155000 	/System/Library/Frameworks/CoreServices.framework/Versions/A/Frameworks/Metadata.framework/Versions/A/Metadata
0x0000000013155000 	/System/Library/Frameworks/CoreServices.framework/Versions/A/Frameworks/OSServices.framework/Versions/A/OSServices
0x0000000013155000 	/System/Library/Frameworks/CoreServices.framework/Versions/A/Frameworks/SearchKit.framework/Versions/A/SearchKit
0x0000000013155000 	/System/Library/Frameworks/CoreServices.framework/Versions/A/Frameworks/AE.framework/Versions/A/AE
0x0000000013155000 	/System/Library/Frameworks/CoreServices.framework/Versions/A/Frameworks/LaunchServices.framework/Versions/A/LaunchServices
0x0000000013155000 	/System/Library/Frameworks/CoreServices.framework/Versions/A/Frameworks/DictionaryServices.framework/Versions/A/DictionaryServices
0x0000000013155000 	/System/Library/Frameworks/CoreServices.framework/Versions/A/Frameworks/SharedFileList.framework/Versions/A/SharedFileList
0x0000000013155000 	/System/Library/Frameworks/NetFS.framework/Versions/A/NetFS
0x0000000013155000 	/System/Library/PrivateFrameworks/NetAuth.framework/Versions/A/NetAuth
0x0000000013155000 	/System/Library/PrivateFrameworks/login.framework/Versions/A/Frameworks/loginsupport.framework/Versions/A/loginsupport
0x0000000013155000 	/System/Library/PrivateFrameworks/TCC.framework/Versions/A/TCC
0x0000000013155000 	/usr/lib/libmecabra.dylib
0x0000000013155000 	/System/Library/Frameworks/ApplicationServices.framework/Versions/A/Frameworks/ATS.framework/Versions/A/ATS
0x0000000013155000 	/System/Library/Frameworks/ApplicationServices.framework/Versions/A/Frameworks/ColorSyncLegacy.framework/Versions/A/ColorSyncLegacy
0x0000000013155000 	/System/Library/Frameworks/ApplicationServices.framework/Versions/A/Frameworks/HIServices.framework/Versions/A/HIServices
0x0000000013155000 	/System/Library/Frameworks/ApplicationServices.framework/Versions/A/Frameworks/LangAnalysis.framework/Versions/A/LangAnalysis
0x0000000013155000 	/System/Library/Frameworks/ApplicationServices.framework/Versions/A/Frameworks/PrintCore.framework/Versions/A/PrintCore
0x0000000013155000 	/System/Library/Frameworks/ApplicationServices.framework/Versions/A/Frameworks/QD.framework/Versions/A/QD
0x0000000013155000 	/System/Library/Frameworks/ApplicationServices.framework/Versions/A/Frameworks/SpeechSynthesis.framework/Versions/A/SpeechSynthesis
0x0000000013155000 	/System/Library/Frameworks/CoreDisplay.framework/Versions/A/CoreDisplay
0x0000000013155000 	/System/Library/Frameworks/Accelerate.framework/Versions/A/Frameworks/vImage.framework/Versions/A/vImage
0x0000000013155000 	/System/Library/Frameworks/Accelerate.framework/Versions/A/Frameworks/vecLib.framework/Versions/A/vecLib
0x0000000013155000 	/System/Library/Frameworks/Accelerate.framework/Versions/A/Frameworks/vecLib.framework/Versions/A/libvDSP.dylib
0x0000000013155000 	/System/Library/Frameworks/Accelerate.framework/Versions/A/Frameworks/vecLib.framework/Versions/A/libBNNS.dylib
0x0000000013155000 	/System/Library/Frameworks/Accelerate.framework/Versions/A/Frameworks/vecLib.framework/Versions/A/libQuadrature.dylib
0x0000000013155000 	/System/Library/Frameworks/Accelerate.framework/Versions/A/Frameworks/vecLib.framework/Versions/A/libvMisc.dylib
0x0000000013155000 	/System/Library/Frameworks/Accelerate.framework/Versions/A/Frameworks/vecLib.framework/Versions/A/libLAPACK.dylib
0x0000000013155000 	/System/Library/Frameworks/Accelerate.framework/Versions/A/Frameworks/vecLib.framework/Versions/A/libBLAS.dylib
0x0000000013155000 	/System/Library/Frameworks/Accelerate.framework/Versions/A/Frameworks/vecLib.framework/Versions/A/libLinearAlgebra.dylib
0x0000000013155000 	/System/Library/Frameworks/Accelerate.framework/Versions/A/Frameworks/vecLib.framework/Versions/A/libSparse.dylib
0x0000000013155000 	/System/Library/Frameworks/Accelerate.framework/Versions/A/Frameworks/vecLib.framework/Versions/A/libSparseBLAS.dylib
0x0000000013155000 	/System/Library/PrivateFrameworks/GPUWrangler.framework/Versions/A/GPUWrangler
0x0000000013155000 	/System/Library/PrivateFrameworks/IOAccelerator.framework/Versions/A/IOAccelerator
0x0000000013155000 	/System/Library/PrivateFrameworks/IOPresentment.framework/Versions/A/IOPresentment
0x0000000013155000 	/System/Library/PrivateFrameworks/DSExternalDisplay.framework/Versions/A/DSExternalDisplay
0x0000000013155000 	/System/Library/Frameworks/OpenGL.framework/Versions/A/Libraries/libCoreFSCache.dylib
0x0000000013155000 	/System/Library/Frameworks/CoreVideo.framework/Versions/A/CoreVideo
0x0000000013155000 	/System/Library/PrivateFrameworks/GraphVisualizer.framework/Versions/A/GraphVisualizer
0x0000000013155000 	/System/Library/Frameworks/MetalPerformanceShaders.framework/Versions/A/MetalPerformanceShaders
0x0000000013155000 	/usr/lib/libFosl_dynamic.dylib
0x0000000013155000 	/System/Library/PrivateFrameworks/FaceCore.framework/Versions/A/FaceCore
0x0000000013155000 	/System/Library/Frameworks/OpenCL.framework/Versions/A/OpenCL
0x0000000013155000 	/usr/lib/libcompression.dylib
0x0000000013155000 	/System/Library/Frameworks/ApplicationServices.framework/Versions/A/Frameworks/ATS.framework/Versions/A/Resources/libFontParser.dylib
0x0000000013155000 	/System/Library/Frameworks/ApplicationServices.framework/Versions/A/Frameworks/ATS.framework/Versions/A/Resources/libFontRegistry.dylib
0x0000000013155000 	/System/Library/Frameworks/ImageIO.framework/Versions/A/Resources/libJPEG.dylib
0x0000000013155000 	/System/Library/Frameworks/ImageIO.framework/Versions/A/Resources/libTIFF.dylib
0x0000000013155000 	/System/Library/Frameworks/ImageIO.framework/Versions/A/Resources/libPng.dylib
0x0000000013155000 	/System/Library/Frameworks/ImageIO.framework/Versions/A/Resources/libGIF.dylib
0x0000000013155000 	/System/Library/Frameworks/ImageIO.framework/Versions/A/Resources/libJP2.dylib
0x0000000013155000 	/System/Library/Frameworks/ImageIO.framework/Versions/A/Resources/libRadiance.dylib
0x0000000013155000 	/System/Library/PrivateFrameworks/AppleJPEG.framework/Versions/A/AppleJPEG
0x0000000013155000 	/System/Library/Frameworks/MetalPerformanceShaders.framework/Frameworks/MPSCore.framework/Versions/A/MPSCore
0x0000000013155000 	/System/Library/Frameworks/MetalPerformanceShaders.framework/Frameworks/MPSImage.framework/Versions/A/MPSImage
0x0000000013155000 	/System/Library/Frameworks/MetalPerformanceShaders.framework/Frameworks/MPSNeuralNetwork.framework/Versions/A/MPSNeuralNetwork
0x0000000013155000 	/System/Library/Frameworks/MetalPerformanceShaders.framework/Frameworks/MPSMatrix.framework/Versions/A/MPSMatrix
0x0000000013155000 	/System/Library/PrivateFrameworks/MetalTools.framework/Versions/A/MetalTools
0x0000000013155000 	/System/Library/Frameworks/OpenGL.framework/Versions/A/Libraries/libGLU.dylib
0x0000000013155000 	/System/Library/Frameworks/OpenGL.framework/Versions/A/Libraries/libGFXShared.dylib
0x0000000013155000 	/System/Library/Frameworks/OpenGL.framework/Versions/A/Libraries/libGL.dylib
0x0000000013155000 	/System/Library/Frameworks/OpenGL.framework/Versions/A/Libraries/libGLImage.dylib
0x0000000013155000 	/System/Library/Frameworks/OpenGL.framework/Versions/A/Libraries/libCVMSPluginSupport.dylib
0x0000000013155000 	/System/Library/Frameworks/OpenGL.framework/Versions/A/Libraries/libCoreVMClient.dylib
0x0000000013155000 	/usr/lib/libcups.2.dylib
0x0000000013155000 	/System/Library/Frameworks/Kerberos.framework/Versions/A/Kerberos
0x0000000013155000 	/System/Library/Frameworks/GSS.framework/Versions/A/GSS
0x0000000013155000 	/usr/lib/libresolv.9.dylib
0x0000000013155000 	/usr/lib/libiconv.2.dylib
0x0000000013155000 	/System/Library/PrivateFrameworks/Heimdal.framework/Versions/A/Heimdal
0x0000000013155000 	/usr/lib/libheimdal-asn1.dylib
0x0000000013155000 	/System/Library/Frameworks/OpenDirectory.framework/Versions/A/OpenDirectory
0x0000000013155000 	/System/Library/PrivateFrameworks/CommonAuth.framework/Versions/A/CommonAuth
0x0000000013155000 	/System/Library/Frameworks/OpenDirectory.framework/Versions/A/Frameworks/CFOpenDirectory.framework/Versions/A/CFOpenDirectory
0x0000000013155000 	/System/Library/Frameworks/SecurityFoundation.framework/Versions/A/SecurityFoundation
0x0000000013155000 	/System/Library/PrivateFrameworks/APFS.framework/Versions/A/APFS
0x0000000013155000 	/usr/lib/libutil.dylib
0x0000000013155000 	/System/Library/PrivateFrameworks/AppleSauce.framework/Versions/A/AppleSauce
0x0000000013155000 	/System/Library/PrivateFrameworks/LinguisticData.framework/Versions/A/LinguisticData
0x0000000013155000 	/usr/lib/libmarisa.dylib
0x0000000013155000 	/System/Library/PrivateFrameworks/Lexicon.framework/Versions/A/Lexicon
0x0000000013155000 	/usr/lib/libChineseTokenizer.dylib
0x0000000013155000 	/usr/lib/libcmph.dylib
0x0000000013155000 	/System/Library/PrivateFrameworks/LanguageModeling.framework/Versions/A/LanguageModeling
0x0000000013155000 	/System/Library/PrivateFrameworks/CoreEmoji.framework/Versions/A/CoreEmoji
0x0000000013155000 	/System/Library/Frameworks/ServiceManagement.framework/Versions/A/ServiceManagement
0x0000000013155000 	/System/Library/PrivateFrameworks/BackgroundTaskManagement.framework/Versions/A/BackgroundTaskManagement
0x0000000013155000 	/usr/lib/libxslt.1.dylib
0x0000000013155000 	/System/Library/Frameworks/Carbon.framework/Versions/A/Frameworks/Ink.framework/Versions/A/Ink
0x0000000013155000 	/System/Library/PrivateFrameworks/TextureIO.framework/Versions/A/TextureIO
0x0000000013155000 	/usr/lib/libate.dylib
0x0000000013155000 	/System/Library/PrivateFrameworks/CrashReporterSupport.framework/Versions/A/CrashReporterSupport
0x0000000013155000 	/System/Library/PrivateFrameworks/Sharing.framework/Versions/A/Sharing
0x0000000013155000 	/System/Library/PrivateFrameworks/IconServices.framework/Versions/A/IconServices
0x0000000013155000 	/System/Library/PrivateFrameworks/AuthKit.framework/Versions/A/AuthKit
0x0000000013155000 	/System/Library/PrivateFrameworks/Apple80211.framework/Versions/A/Apple80211
0x0000000013155000 	/System/Library/PrivateFrameworks/CoreUtils.framework/Versions/A/CoreUtils
0x0000000013155000 	/System/Library/Frameworks/CoreWLAN.framework/Versions/A/CoreWLAN
0x0000000013155000 	/System/Library/Frameworks/IOBluetooth.framework/Versions/A/IOBluetooth
0x0000000013155000 	/System/Library/PrivateFrameworks/ProtocolBuffer.framework/Versions/A/ProtocolBuffer
0x0000000013155000 	/System/Library/PrivateFrameworks/MobileKeyBag.framework/Versions/A/MobileKeyBag
0x0000000013155000 	/System/Library/PrivateFrameworks/CorePhoneNumbers.framework/Versions/A/CorePhoneNumbers
0x0000000013155000 	/System/Library/PrivateFrameworks/AppleIDAuthSupport.framework/Versions/A/AppleIDAuthSupport
0x0000000013155000 	/System/Library/PrivateFrameworks/KeychainCircle.framework/Versions/A/KeychainCircle
0x0000000013155000 	/System/Library/PrivateFrameworks/CoreWiFi.framework/Versions/A/CoreWiFi
0x0000000013155000 	/System/Library/Frameworks/CoreBluetooth.framework/Versions/A/CoreBluetooth
0x0000000013155000 	/System/Library/PrivateFrameworks/DebugSymbols.framework/Versions/A/DebugSymbols
0x0000000013155000 	/System/Library/PrivateFrameworks/CoreSymbolication.framework/Versions/A/CoreSymbolication
0x0000000013155000 	/System/Library/PrivateFrameworks/Symbolication.framework/Versions/A/Symbolication
0x0000000013155000 	/System/Library/PrivateFrameworks/AppleFSCompression.framework/Versions/A/AppleFSCompression
0x0000000013155000 	/System/Library/PrivateFrameworks/SpeechRecognitionCore.framework/Versions/A/SpeechRecognitionCore
0x0000000107dc4000 	/Library/Java/JavaVirtualMachines/jdk1.8.0_121.jdk/Contents/Home/jre/lib/server/libjvm.dylib
0x0000000013155000 	/usr/lib/libstdc++.6.0.9.dylib
0x0000000105f52000 	/Library/Java/JavaVirtualMachines/jdk1.8.0_121.jdk/Contents/Home/jre/lib/libverify.dylib
0x0000000105f60000 	/Library/Java/JavaVirtualMachines/jdk1.8.0_121.jdk/Contents/Home/jre/lib/libjava.dylib
0x0000000105fdf000 	/Library/Java/JavaVirtualMachines/jdk1.8.0_121.jdk/Contents/Home/jre/lib/libzip.dylib
0x0000000013155000 	/System/Library/Frameworks/JavaVM.framework/Versions/A/Frameworks/JavaRuntimeSupport.framework/Versions/A/JavaRuntimeSupport
0x0000000013155000 	/System/Library/Frameworks/JavaVM.framework/Versions/A/Frameworks/JavaNativeFoundation.framework/Versions/A/JavaNativeFoundation
0x0000000013155000 	/System/Library/Frameworks/JavaVM.framework/Versions/A/JavaVM
0x0000000013155000 	/System/Library/Frameworks/Carbon.framework/Versions/A/Carbon
0x0000000013155000 	/System/Library/PrivateFrameworks/JavaLaunching.framework/Versions/A/JavaLaunching
0x0000000013155000 	/System/Library/Frameworks/Carbon.framework/Versions/A/Frameworks/CommonPanels.framework/Versions/A/CommonPanels
0x0000000013155000 	/System/Library/Frameworks/Carbon.framework/Versions/A/Frameworks/Help.framework/Versions/A/Help
0x0000000013155000 	/System/Library/Frameworks/Carbon.framework/Versions/A/Frameworks/ImageCapture.framework/Versions/A/ImageCapture
0x0000000013155000 	/System/Library/Frameworks/Carbon.framework/Versions/A/Frameworks/OpenScripting.framework/Versions/A/OpenScripting
0x0000000013155000 	/System/Library/Frameworks/Carbon.framework/Versions/A/Frameworks/Print.framework/Versions/A/Print
0x0000000013155000 	/System/Library/Frameworks/Carbon.framework/Versions/A/Frameworks/SecurityHI.framework/Versions/A/SecurityHI
0x0000000124ad4000 	/Library/Java/JavaVirtualMachines/jdk1.8.0_121.jdk/Contents/Home/jre/lib/libawt.dylib
0x0000000124b7c000 	/Library/Java/JavaVirtualMachines/jdk1.8.0_121.jdk/Contents/Home/jre/lib/./libmlib_image.dylib
0x0000000124c48000 	/Library/Java/JavaVirtualMachines/jdk1.8.0_121.jdk/Contents/Home/jre/lib/libawt_lwawt.dylib
0x0000000124cff000 	/Library/Java/JavaVirtualMachines/jdk1.8.0_121.jdk/Contents/Home/jre/lib/./libosxapp.dylib
0x0000000013155000 	/System/Library/Frameworks/ExceptionHandling.framework/Versions/A/ExceptionHandling
0x0000000013155000 	/System/Library/PrivateFrameworks/CoreServicesInternal.framework/Versions/A/CoreServicesInternal
0x0000000013155000 	/System/Library/CoreServices/RawCamera.bundle/Contents/MacOS/RawCamera
0x0000000013155000 	/System/Library/PrivateFrameworks/MobileAsset.framework/Versions/A/MobileAsset
0x0000000013155000 	/System/Library/PrivateFrameworks/StreamingZip.framework/Versions/A/StreamingZip
0x0000000013155000 	/System/Library/Frameworks/MediaToolbox.framework/Versions/A/MediaToolbox
0x0000000013155000 	/System/Library/PrivateFrameworks/CoreAVCHD.framework/Versions/A/CoreAVCHD
0x0000000013155000 	/System/Library/Frameworks/MediaAccessibility.framework/Versions/A/MediaAccessibility
0x0000000013155000 	/System/Library/PrivateFrameworks/Mangrove.framework/Versions/A/Mangrove
0x0000000013155000 	/System/Library/Frameworks/CoreMedia.framework/Versions/A/CoreMedia
0x0000000013155000 	/System/Library/Frameworks/VideoToolbox.framework/Versions/A/VideoToolbox
0x0000000013155000 	/System/Library/PrivateFrameworks/CoreAUC.framework/Versions/A/CoreAUC
0x0000000013155000 	/usr/lib/libspindump.dylib
0x0000000013155000 	/System/Library/PrivateFrameworks/AppleVA.framework/Versions/A/AppleVA
0x0000000013155000 	/System/Library/Frameworks/Accelerate.framework/Versions/A/Frameworks/vImage.framework/Versions/A/Libraries/libCGInterfaces.dylib
0x0000000013155000 	/System/Library/Frameworks/ApplicationServices.framework/Versions/A/Frameworks/ATS.framework/Versions/A/Resources/libTrueTypeScaler.dylib
0x0000000013155000 	/System/Library/Extensions/AppleIntelHD5000GraphicsMTLDriver.bundle/Contents/MacOS/AppleIntelHD5000GraphicsMTLDriver
0x0000000126ef5000 	/System/Library/Extensions/AMDMTLBronzeDriver.bundle/Contents/MacOS/AMDMTLBronzeDriver
0x0000000013155000 	/System/Library/PrivateFrameworks/IOAccelMemoryInfo.framework/Versions/A/IOAccelMemoryInfo
0x0000000013155000 	/System/Library/PrivateFrameworks/GPUCompiler.framework/Versions/3802/Libraries/libmetal_timestamp.dylib
0x0000000013155000 	/System/Library/PrivateFrameworks/FamilyControls.framework/Versions/A/FamilyControls
0x0000000013155000 	/System/Library/PrivateFrameworks/CommerceKit.framework/Versions/A/Frameworks/CommerceCore.framework/Versions/A/CommerceCore
0x0000000013155000 	/System/Library/PrivateFrameworks/SystemAdministration.framework/Versions/A/SystemAdministration
0x0000000013155000 	/System/Library/PrivateFrameworks/AppContainer.framework/Versions/A/AppContainer
0x0000000013155000 	/System/Library/PrivateFrameworks/SecCodeWrapper.framework/Versions/A/SecCodeWrapper
0x0000000013155000 	/System/Library/PrivateFrameworks/DiskManagement.framework/Versions/A/DiskManagement
0x0000000013155000 	/System/Library/Frameworks/DirectoryService.framework/Versions/A/DirectoryService
0x0000000013155000 	/System/Library/PrivateFrameworks/DiskImages.framework/Versions/A/DiskImages
0x0000000013155000 	/System/Library/PrivateFrameworks/LoginUIKit.framework/Versions/A/Frameworks/LoginUICore.framework/Versions/A/LoginUICore
0x0000000013155000 	/usr/lib/libCoreStorage.dylib
0x0000000013155000 	/usr/lib/libcsfde.dylib
0x0000000013155000 	/usr/lib/libodfde.dylib
0x0000000013155000 	/System/Library/PrivateFrameworks/MediaKit.framework/Versions/A/MediaKit
0x0000000013155000 	/System/Library/Frameworks/DiscRecording.framework/Versions/A/DiscRecording
0x0000000013155000 	/System/Library/PrivateFrameworks/EFILogin.framework/Versions/A/EFILogin
0x0000000013155000 	/System/Library/PrivateFrameworks/ProtectedCloudStorage.framework/Versions/A/ProtectedCloudStorage
0x0000000013155000 	/usr/lib/libcurl.4.dylib
0x0000000013155000 	/usr/lib/libcrypto.35.dylib
0x0000000013155000 	/usr/lib/libssl.35.dylib
0x0000000013155000 	/System/Library/Frameworks/LDAP.framework/Versions/A/LDAP
0x0000000013155000 	/System/Library/PrivateFrameworks/TrustEvaluationAgent.framework/Versions/A/TrustEvaluationAgent
0x0000000013155000 	/usr/lib/libsasl2.2.dylib
0x0000000013155000 	/System/Library/PrivateFrameworks/CoreDaemon.framework/Versions/B/CoreDaemon
0x0000000013155000 	/System/Library/PrivateFrameworks/AppleSRP.framework/Versions/A/AppleSRP
0x0000000013155000 	/System/Library/Frameworks/OpenGL.framework/Versions/A/Resources/GLEngine.bundle/GLEngine
0x0000000013155000 	/System/Library/Frameworks/OpenGL.framework/Versions/A/Libraries/libGLProgrammability.dylib
0x0000000127612000 	/System/Library/Extensions/AppleIntelHD5000GraphicsGLDriver.bundle/Contents/MacOS/AppleIntelHD5000GraphicsGLDriver
0x0000000013155000 	/System/Library/PrivateFrameworks/GPUSupport.framework/Versions/A/Libraries/libGPUSupportMercury.dylib
0x0000000127d7a000 	/System/Library/Extensions/AMDRadeonX4000GLDriver.bundle/Contents/MacOS/AMDRadeonX4000GLDriver
0x0000000013155000 	/System/Library/Extensions/AMDRadeonX4000GLDriver.bundle/Contents/MacOS/ATIRadeonX4000SCLib.dylib
0x0000000013155000 	/System/Library/Frameworks/OpenGL.framework/Versions/A/Resources/GLRendererFloat.bundle/GLRendererFloat
0x0000000013155000 	/System/Library/Frameworks/OpenCL.framework/Versions/A/Libraries/libcldcpuengine.dylib
0x000000012802b000 	/Library/Java/JavaVirtualMachines/jdk1.8.0_121.jdk/Contents/Home/jre/lib/libfontmanager.dylib
0x0000000128092000 	/Library/Java/JavaVirtualMachines/jdk1.8.0_121.jdk/Contents/Home/jre/lib/libosxui.dylib
0x0000000013155000 	/System/Library/PrivateFrameworks/ViewBridge.framework/Versions/A/ViewBridge
0x000000012a2c3000 	/Library/Java/JavaVirtualMachines/jdk1.8.0_121.jdk/Contents/Home/jre/lib/libnio.dylib
0x000000012be5d000 	/Library/Java/JavaVirtualMachines/jdk1.8.0_121.jdk/Contents/Home/jre/lib/./libnet.dylib
0x0000000125e7d000 	/Library/Java/JavaVirtualMachines/jdk1.8.0_121.jdk/Contents/Home/jre/lib/libjpeg.dylib
0x0000000125eaa000 	/Library/Java/JavaVirtualMachines/jdk1.8.0_121.jdk/Contents/Home/jre/lib/libdcpr.dylib

VM Arguments:
jvm_args: -Dfile.encoding=UTF-8 
java_command: com.mdu.DrawLine.DLKaleidoscope
java_class_path (initial): /Library/Java/JavaVirtualMachines/jdk1.8.0_121.jdk/Contents/Home/jre/lib/resources.jar:/Library/Java/JavaVirtualMachines/jdk1.8.0_121.jdk/Contents/Home/jre/lib/rt.jar:/Library/Java/JavaVirtualMachines/jdk1.8.0_121.jdk/Contents/Home/jre/lib/jsse.jar:/Library/Java/JavaVirtualMachines/jdk1.8.0_121.jdk/Contents/Home/jre/lib/jce.jar:/Library/Java/JavaVirtualMachines/jdk1.8.0_121.jdk/Contents/Home/jre/lib/charsets.jar:/Library/Java/JavaVirtualMachines/jdk1.8.0_121.jdk/Contents/Home/jre/lib/jfr.jar:/Library/Java/JavaVirtualMachines/jdk1.8.0_121.jdk/Contents/Home/jre/lib/ext/sunec.jar:/Library/Java/JavaVirtualMachines/jdk1.8.0_121.jdk/Contents/Home/jre/lib/ext/nashorn.jar:/Library/Java/JavaVirtualMachines/jdk1.8.0_121.jdk/Contents/Home/jre/lib/ext/cldrdata.jar:/Library/Java/JavaVirtualMachines/jdk1.8.0_121.jdk/Contents/Home/jre/lib/ext/jfxrt.jar:/Library/Java/JavaVirtualMachines/jdk1.8.0_121.jdk/Contents/Home/jre/lib/ext/dnsns.jar:/Library/Java/JavaVirtualMachines/jdk1.8.0_121.jdk/Contents/Home/jre/lib/ext/localedata.jar:/Library/Java/JavaVirtualMachines/jdk1.8.0_121.jdk/Contents/Home/jre/lib/ext/sunjce_provider.jar:/Library/Java/JavaVirtualMachines/jdk1.8.0_121.jdk/Contents/Home/jre/lib/ext/sunpkcs11.jar:/Library/Java/JavaVirtualMachines/jdk1.8.0_121.jdk/Contents/Home/jre/lib/ext/jaccess.jar:/Library/Java/JavaVirtualMachines/jdk1.8.0_121.jdk/Contents/Home/jre/lib/ext/zipfs.jar:/System/Library/Java/Extensions/MRJToolkit.jar:/Users/mdurocher/Documents/ws-android2/DrawLine/target:/Users/mdurocher/Documents/ws-android2/DrawLine/lib/jsoup-1.8.1.jar
Launcher Type: SUN_STANDARD

Environment Variables:
PATH=/usr/bin:/bin:/usr/sbin:/sbin
SHELL=/bin/bash
DISPLAY=/private/tmp/com.apple.launchd.zV4cPayPHj/org.macosforge.xquartz:0

Signal Handlers:
SIGSEGV: [libjvm.dylib+0x5b1141], sa_mask[0]=11111111011111110111111111111111, sa_flags=SA_ONSTACK|SA_RESTART|SA_SIGINFO
SIGBUS: [libjvm.dylib+0x5b1141], sa_mask[0]=11111111011111110111111111111111, sa_flags=SA_RESTART|SA_SIGINFO
SIGFPE: [libjvm.dylib+0x487bc4], sa_mask[0]=11111111011111110111111111111111, sa_flags=SA_RESTART|SA_SIGINFO
SIGPIPE: [libjvm.dylib+0x487bc4], sa_mask[0]=11111111011111110111111111111111, sa_flags=SA_RESTART|SA_SIGINFO
SIGXFSZ: [libjvm.dylib+0x487bc4], sa_mask[0]=11111111011111110111111111111111, sa_flags=SA_RESTART|SA_SIGINFO
SIGILL: [libjvm.dylib+0x487bc4], sa_mask[0]=11111111011111110111111111111111, sa_flags=SA_RESTART|SA_SIGINFO
SIGUSR1: SIG_DFL, sa_mask[0]=00000000000000000000000000000000, sa_flags=none
SIGUSR2: [libjvm.dylib+0x4876e2], sa_mask[0]=00100000000000000000000000000000, sa_flags=SA_RESTART|SA_SIGINFO
SIGHUP: [libjvm.dylib+0x485cb9], sa_mask[0]=11111111011111110111111111111111, sa_flags=SA_RESTART|SA_SIGINFO
SIGINT: [libjvm.dylib+0x485cb9], sa_mask[0]=11111111011111110111111111111111, sa_flags=SA_RESTART|SA_SIGINFO
SIGTERM: [libjvm.dylib+0x485cb9], sa_mask[0]=11111111011111110111111111111111, sa_flags=SA_RESTART|SA_SIGINFO
SIGQUIT: [libjvm.dylib+0x485cb9], sa_mask[0]=11111111011111110111111111111111, sa_flags=SA_RESTART|SA_SIGINFO


---------------  S Y S T E M  ---------------

OS:Bsduname:Darwin 17.7.0 Darwin Kernel Version 17.7.0: Thu Jun 21 22:53:14 PDT 2018; root:xnu-4570.71.2~1/RELEASE_X86_64 x86_64
rlimit: STACK 8192k, CORE 0k, NPROC 1418, NOFILE 10240, AS infinity
load average:3.39 4.54 3.92

CPU:total 8 (4 cores per cpu, 2 threads per core) family 6 model 70 stepping 1, cmov, cx8, fxsr, mmx, sse, sse2, sse3, ssse3, sse4.1, sse4.2, popcnt, avx, avx2, aes, clmul, erms, lzcnt, ht, tsc, tscinvbit, bmi1, bmi2

Memory: 4k page, physical 16777216k(559984k free)

/proc/meminfo:


vm_info: Java HotSpot(TM) 64-Bit Server VM (25.121-b13) for bsd-amd64 JRE (1.8.0_121-b13), built on Dec 12 2016 20:39:32 by "java_re" with gcc 4.2.1 (Based on Apple Inc. build 5658) (LLVM build 2336.11.00)

time: Fri Oct 12 07:04:02 2018
elapsed time: 62737 seconds (0d 17h 25m 37s)

