#
# A fatal error has been detected by the Java Runtime Environment:
#
#  SIGSEGV (0xb) at pc=0x00007fe245da11dd, pid=19582, tid=140608419907328
#
# JRE version: Java(TM) SE Runtime Environment (7.0_60-b19) (build 1.7.0_60-b19)
# Java VM: Java HotSpot(TM) 64-Bit Server VM (24.60-b09 mixed mode linux-amd64 compressed oops)
# Problematic frame:
# C  [libawt.so+0x761dd]  IntRgbSrcMaskFill+0xad
#
# Failed to write core dump. Core dumps have been disabled. To enable core dumping, try "ulimit -c unlimited" before starting Java again
#
# If you would like to submit a bug report, please visit:
#   http://bugreport.sun.com/bugreport/crash.jsp
# The crash happened outside the Java Virtual Machine in native code.
# See problematic frame for where to report the bug.
#

---------------  T H R E A D  ---------------

Current thread (0x00007fe25837f000):  JavaThread "AWT-EventQueue-0" [_thread_in_native, id=19613, stack(0x00007fe1f2dbc000,0x00007fe1f2ebd000)]

siginfo:si_signo=SIGSEGV: si_errno=0, si_code=1 (SEGV_MAPERR), si_addr=0x000000068b83a954

Registers:
RAX=0x00000000000000bf, RBX=0x000000000000000e, RCX=0x0000000000000040, RDX=0x0000000000000040
RSP=0x00007fe1f2eb83b8, RBP=0x00007fe1f2eb83e0, RSI=0x00007fe245fecb20, RDI=0x00000000000000ff
R8 =0x0000000000000097, R9 =0x000000000000009a, R10=0x00000000000000ff, R11=0x0000000000000017
R12=0x000000068b83a954, R13=0x000000070b817542, R14=0x00007fe1f2eb8440, R15=0x0000000000000020
RIP=0x00007fe245da11dd, EFLAGS=0x0000000000010202, CSGSFS=0x0000000000000033, ERR=0x0000000000000004
  TRAPNO=0x000000000000000e

Top of Stack: (sp=0x00007fe1f2eb83b8)
0x00007fe1f2eb83b8:   00007fe1d8209af0 00007fe245fd5ca0
0x00007fe1f2eb83c8:   00007fe25837f1e8 00007fe1f2eb8440
0x00007fe1f2eb83d8:   0000000000004694 00007fe1f2eb8520
0x00007fe1f2eb83e8:   00007fe245d697b6 00007fe2ff970e9a
0x00007fe1f2eb83f8:   00007fe1f2eb8440 00007fe245fd5ca0
0x00007fe1f2eb8408:   00007fe1f2eb84e0 0000000000000020
0x00007fe1f2eb8418:   00007fe200000020 00007fe1f2eb8630
0x00007fe1f2eb8428:   000000070b817538 ff970e9ad803a0b8
0x00007fe1f2eb8438:   000000068b83a930 0000734700004694
0x00007fe1f2eb8448:   00007367000046b4 000000070b82f920
0x00007fe1f2eb8458:   0000000400000000 0000000000011c40
0x00007fe1f2eb8468:   0000000000000000 0000000000000000
0x00007fe1f2eb8478:   0000000000000000 0000000000000000
0x00007fe1f2eb8488:   0000000000000000 0000000000000000
0x00007fe1f2eb8498:   00007fe100000003 000000070b82f920
0x00007fe1f2eb84a8:   0000000000000000 0000000000000000
0x00007fe1f2eb84b8:   00007fe1f2eb85c0 00007fe1f2eb8510
0x00007fe1f2eb84c8:   00007fe1f22d4470 00007fe1f2eb8570
0x00007fe1f2eb84d8:   000000005837f4c0 3f80000000000003
0x00007fe1f2eb84e8:   0000000706d331d8 0000000000000000
0x00007fe1f2eb84f8:   0000000706bf9f78 0000000000000000
0x00007fe1f2eb8508:   0000000706bf9f78 00007fe1f2eb8638
0x00007fe1f2eb8518:   00007fe25837f000 00007fe1f2eb85c8
0x00007fe1f2eb8528:   00007fe255012d98 0000000000007347
0x00007fe1f2eb8538:   00007fe200000020 0000000000000020
0x00007fe1f2eb8548:   00007fe1f2eb85f8 0000000000000000
0x00007fe1f2eb8558:   00007fe100000020 0000000706d33b98
0x00007fe1f2eb8568:   0000000000000000 0000000706d331d8
0x00007fe1f2eb8578:   0000000000000000 00007fe1f2eb85a8
0x00007fe1f2eb8588:   00007fe1f2eb8588 0000000000000000
0x00007fe1f2eb8598:   00007fe1f2eb8638 0000000706bfa800
0x00007fe1f2eb85a8:   0000000000000000 0000000706bf9f78 

Instructions: (pc=0x00007fe245da11dd)
0x00007fe245da11bd:   f0 00 00 00 0f 1f 80 00 00 00 00 b8 ff 00 00 00
0x00007fe245da11cd:   48 8b 35 9c c1 22 00 4c 8b 55 c0 29 d0 48 63 ca
0x00007fe245da11dd:   41 8b 1c 24 48 98 48 c1 e1 08 4c 8b 75 b8 48 c1
0x00007fe245da11ed:   e0 08 44 0f b6 84 06 ff 00 00 00 4a 8d 04 11 44 

Register to memory mapping:

RAX=0x00000000000000bf is an unknown value
RBX=0x000000000000000e is an unknown value
RCX=0x0000000000000040 is an unknown value
RDX=0x0000000000000040 is an unknown value
RSP=0x00007fe1f2eb83b8 is pointing into the stack for thread: 0x00007fe25837f000
RBP=0x00007fe1f2eb83e0 is pointing into the stack for thread: 0x00007fe25837f000
RSI=0x00007fe245fecb20: mul8table+0 in /home/mdurocher/tools/jdk1.7.0_60/jre/lib/amd64/libawt.so at 0x00007fe245d2b000
RDI=0x00000000000000ff is an unknown value
R8 =0x0000000000000097 is an unknown value
R9 =0x000000000000009a is an unknown value
R10=0x00000000000000ff is an unknown value
R11=0x0000000000000017 is an unknown value
R12=0x000000068b83a954 is an unknown value
R13=0x000000070b817542 is pointing into object: 0x000000070b817528
[B 
 - klass: {type array byte}
 - length: 1024
R14=0x00007fe1f2eb8440 is pointing into the stack for thread: 0x00007fe25837f000
R15=0x0000000000000020 is an unknown value


Stack: [0x00007fe1f2dbc000,0x00007fe1f2ebd000],  sp=0x00007fe1f2eb83b8,  free space=1008k
Native frames: (J=compiled Java code, j=interpreted, Vv=VM code, C=native code)
C  [libawt.so+0x761dd]  IntRgbSrcMaskFill+0xad
C  [libawt.so+0x3e7b6]  Java_sun_java2d_loops_MaskFill_MaskFill+0x1e6
j  sun.java2d.loops.MaskFill.MaskFill(Lsun/java2d/SunGraphics2D;Lsun/java2d/SurfaceData;Ljava/awt/Composite;IIII[BII)V+0
j  sun.java2d.pipe.AlphaColorPipe.renderPathTile(Ljava/lang/Object;[BIIIIII)V+35
j  sun.java2d.pipe.AAShapePipe.renderTiles(Lsun/java2d/SunGraphics2D;Ljava/awt/Shape;Lsun/java2d/pipe/AATileGenerator;[I)V+251
j  sun.java2d.pipe.AAShapePipe.renderPath(Lsun/java2d/SunGraphics2D;Ljava/awt/Shape;Ljava/awt/BasicStroke;)V+82
j  sun.java2d.pipe.AAShapePipe.draw(Lsun/java2d/SunGraphics2D;Ljava/awt/Shape;)V+38
j  sun.java2d.pipe.PixelToParallelogramConverter.draw(Lsun/java2d/SunGraphics2D;Ljava/awt/Shape;)V+156
j  sun.java2d.SunGraphics2D.draw(Ljava/awt/Shape;)V+6
j  com.mdu.DrawLine.DLCurve.paint(Ljava/awt/Graphics;Z)V+86
j  com.mdu.DrawLine.DLCurve.paint(Ljava/awt/Graphics;)V+8
j  com.mdu.DrawLine.DrawLine.paint(Ljava/awt/Rectangle;Ljava/awt/Graphics;)V+180
j  com.mdu.DrawLine.DrawLine.paint(Ljava/awt/Rectangle;)V+15
j  com.mdu.DrawLine.DLComponent.redisplay(Ljava/awt/Rectangle;)Ljava/awt/Rectangle;+35
j  com.mdu.DrawLine.DLSpiral.setTours(F)V+16
v  ~StubRoutines::call_stub
V  [libjvm.so+0x5ff8f5]  JavaCalls::call_helper(JavaValue*, methodHandle*, JavaCallArguments*, Thread*)+0x365
V  [libjvm.so+0x5fe358]  JavaCalls::call(JavaValue*, methodHandle, JavaCallArguments*, Thread*)+0x28
V  [libjvm.so+0x893b7f]  Reflection::invoke(instanceKlassHandle, methodHandle, Handle, bool, objArrayHandle, BasicType, objArrayHandle, bool, Thread*)+0x47f
V  [libjvm.so+0x894930]  Reflection::invoke_method(oopDesc*, Handle, objArrayHandle, Thread*)+0x160
V  [libjvm.so+0x687b04]  JVM_InvokeMethod+0x224
j  sun.reflect.NativeMethodAccessorImpl.invoke0(Ljava/lang/reflect/Method;Ljava/lang/Object;[Ljava/lang/Object;)Ljava/lang/Object;+0
j  sun.reflect.NativeMethodAccessorImpl.invoke(Ljava/lang/Object;[Ljava/lang/Object;)Ljava/lang/Object;+87
j  sun.reflect.DelegatingMethodAccessorImpl.invoke(Ljava/lang/Object;[Ljava/lang/Object;)Ljava/lang/Object;+6
j  java.lang.reflect.Method.invoke(Ljava/lang/Object;[Ljava/lang/Object;)Ljava/lang/Object;+57
j  com.mdu.DrawLine.Editor.invokeSetter(Ljava/lang/Object;)V+66
j  com.mdu.DrawLine.FloatEditor$1.stateChanged(Ljavax/swing/event/ChangeEvent;)V+69
j  javax.swing.JSlider.fireStateChanged()V+57
j  javax.swing.JSlider$ModelListener.stateChanged(Ljavax/swing/event/ChangeEvent;)V+4
j  javax.swing.DefaultBoundedRangeModel.fireStateChanged()V+57
j  javax.swing.DefaultBoundedRangeModel.setRangeProperties(IIIIZ)V+130
j  javax.swing.DefaultBoundedRangeModel.setValue(I)V+62
j  javax.swing.JSlider.setValue(I)V+20
j  javax.swing.plaf.synth.SynthSliderUI$SynthTrackListener.mouseDragged(Ljava/awt/event/MouseEvent;)V+478
j  java.awt.AWTEventMulticaster.mouseDragged(Ljava/awt/event/MouseEvent;)V+8
j  java.awt.Component.processMouseMotionEvent(Ljava/awt/event/MouseEvent;)V+52
j  javax.swing.JComponent.processMouseMotionEvent(Ljava/awt/event/MouseEvent;)V+42
j  java.awt.Component.processEvent(Ljava/awt/AWTEvent;)V+92
j  java.awt.Container.processEvent(Ljava/awt/AWTEvent;)V+18
j  java.awt.Component.dispatchEventImpl(Ljava/awt/AWTEvent;)V+581
j  java.awt.Container.dispatchEventImpl(Ljava/awt/AWTEvent;)V+42
j  java.awt.Component.dispatchEvent(Ljava/awt/AWTEvent;)V+2
j  java.awt.LightweightDispatcher.retargetMouseEvent(Ljava/awt/Component;ILjava/awt/event/MouseEvent;)V+327
j  java.awt.LightweightDispatcher.processMouseEvent(Ljava/awt/event/MouseEvent;)Z+191
j  java.awt.LightweightDispatcher.dispatchEvent(Ljava/awt/AWTEvent;)Z+50
j  java.awt.Container.dispatchEventImpl(Ljava/awt/AWTEvent;)V+12
j  java.awt.Window.dispatchEventImpl(Ljava/awt/AWTEvent;)V+19
j  java.awt.Component.dispatchEvent(Ljava/awt/AWTEvent;)V+2
j  java.awt.EventQueue.dispatchEventImpl(Ljava/awt/AWTEvent;Ljava/lang/Object;)V+41
j  java.awt.EventQueue.access$200(Ljava/awt/EventQueue;Ljava/awt/AWTEvent;Ljava/lang/Object;)V+3
j  java.awt.EventQueue$3.run()Ljava/lang/Void;+12
j  java.awt.EventQueue$3.run()Ljava/lang/Object;+1
v  ~StubRoutines::call_stub
V  [libjvm.so+0x5ff8f5]  JavaCalls::call_helper(JavaValue*, methodHandle*, JavaCallArguments*, Thread*)+0x365
V  [libjvm.so+0x5fe358]  JavaCalls::call(JavaValue*, methodHandle, JavaCallArguments*, Thread*)+0x28
V  [libjvm.so+0x684c74]  JVM_DoPrivileged+0x2a4
j  java.security.AccessController.doPrivileged(Ljava/security/PrivilegedAction;Ljava/security/AccessControlContext;)Ljava/lang/Object;+0
j  java.security.ProtectionDomain$1.doIntersectionPrivilege(Ljava/security/PrivilegedAction;Ljava/security/AccessControlContext;Ljava/security/AccessControlContext;)Ljava/lang/Object;+28
j  java.security.ProtectionDomain$1.doIntersectionPrivilege(Ljava/security/PrivilegedAction;Ljava/security/AccessControlContext;)Ljava/lang/Object;+6
j  java.awt.EventQueue$4.run()Ljava/lang/Void;+11
j  java.awt.EventQueue$4.run()Ljava/lang/Object;+1
v  ~StubRoutines::call_stub
V  [libjvm.so+0x5ff8f5]  JavaCalls::call_helper(JavaValue*, methodHandle*, JavaCallArguments*, Thread*)+0x365
V  [libjvm.so+0x5fe358]  JavaCalls::call(JavaValue*, methodHandle, JavaCallArguments*, Thread*)+0x28
V  [libjvm.so+0x684c74]  JVM_DoPrivileged+0x2a4
j  java.security.AccessController.doPrivileged(Ljava/security/PrivilegedAction;Ljava/security/AccessControlContext;)Ljava/lang/Object;+0
j  java.security.ProtectionDomain$1.doIntersectionPrivilege(Ljava/security/PrivilegedAction;Ljava/security/AccessControlContext;Ljava/security/AccessControlContext;)Ljava/lang/Object;+28
j  java.awt.EventQueue.dispatchEvent(Ljava/awt/AWTEvent;)V+73
j  java.awt.EventDispatchThread.pumpOneEventForFilters(I)V+245
j  java.awt.EventDispatchThread.pumpEventsForFilter(ILjava/awt/Conditional;Ljava/awt/EventFilter;)V+35
j  java.awt.EventDispatchThread.pumpEventsForHierarchy(ILjava/awt/Conditional;Ljava/awt/Component;)V+11
j  java.awt.EventDispatchThread.pumpEvents(ILjava/awt/Conditional;)V+4
j  java.awt.EventDispatchThread.pumpEvents(Ljava/awt/Conditional;)V+3
j  java.awt.EventDispatchThread.run()V+9
v  ~StubRoutines::call_stub
V  [libjvm.so+0x5ff8f5]  JavaCalls::call_helper(JavaValue*, methodHandle*, JavaCallArguments*, Thread*)+0x365
V  [libjvm.so+0x5fe358]  JavaCalls::call(JavaValue*, methodHandle, JavaCallArguments*, Thread*)+0x28
V  [libjvm.so+0x5fe627]  JavaCalls::call_virtual(JavaValue*, KlassHandle, Symbol*, Symbol*, JavaCallArguments*, Thread*)+0x197
V  [libjvm.so+0x5fe747]  JavaCalls::call_virtual(JavaValue*, Handle, KlassHandle, Symbol*, Symbol*, Thread*)+0x47
V  [libjvm.so+0x67b1d5]  thread_entry(JavaThread*, Thread*)+0xe5
V  [libjvm.so+0x958bdf]  JavaThread::thread_main_inner()+0xdf
V  [libjvm.so+0x958ce5]  JavaThread::run()+0xf5
V  [libjvm.so+0x81f7f8]  java_start(Thread*)+0x108

Java frames: (J=compiled Java code, j=interpreted, Vv=VM code)
j  sun.java2d.loops.MaskFill.MaskFill(Lsun/java2d/SunGraphics2D;Lsun/java2d/SurfaceData;Ljava/awt/Composite;IIII[BII)V+0
j  sun.java2d.pipe.AlphaColorPipe.renderPathTile(Ljava/lang/Object;[BIIIIII)V+35
j  sun.java2d.pipe.AAShapePipe.renderTiles(Lsun/java2d/SunGraphics2D;Ljava/awt/Shape;Lsun/java2d/pipe/AATileGenerator;[I)V+251
j  sun.java2d.pipe.AAShapePipe.renderPath(Lsun/java2d/SunGraphics2D;Ljava/awt/Shape;Ljava/awt/BasicStroke;)V+82
j  sun.java2d.pipe.AAShapePipe.draw(Lsun/java2d/SunGraphics2D;Ljava/awt/Shape;)V+38
j  sun.java2d.pipe.PixelToParallelogramConverter.draw(Lsun/java2d/SunGraphics2D;Ljava/awt/Shape;)V+156
j  sun.java2d.SunGraphics2D.draw(Ljava/awt/Shape;)V+6
j  com.mdu.DrawLine.DLCurve.paint(Ljava/awt/Graphics;Z)V+86
j  com.mdu.DrawLine.DLCurve.paint(Ljava/awt/Graphics;)V+8
j  com.mdu.DrawLine.DrawLine.paint(Ljava/awt/Rectangle;Ljava/awt/Graphics;)V+180
j  com.mdu.DrawLine.DrawLine.paint(Ljava/awt/Rectangle;)V+15
j  com.mdu.DrawLine.DLComponent.redisplay(Ljava/awt/Rectangle;)Ljava/awt/Rectangle;+35
j  com.mdu.DrawLine.DLSpiral.setTours(F)V+16
v  ~StubRoutines::call_stub
j  sun.reflect.NativeMethodAccessorImpl.invoke0(Ljava/lang/reflect/Method;Ljava/lang/Object;[Ljava/lang/Object;)Ljava/lang/Object;+0
j  sun.reflect.NativeMethodAccessorImpl.invoke(Ljava/lang/Object;[Ljava/lang/Object;)Ljava/lang/Object;+87
j  sun.reflect.DelegatingMethodAccessorImpl.invoke(Ljava/lang/Object;[Ljava/lang/Object;)Ljava/lang/Object;+6
j  java.lang.reflect.Method.invoke(Ljava/lang/Object;[Ljava/lang/Object;)Ljava/lang/Object;+57
j  com.mdu.DrawLine.Editor.invokeSetter(Ljava/lang/Object;)V+66
j  com.mdu.DrawLine.FloatEditor$1.stateChanged(Ljavax/swing/event/ChangeEvent;)V+69
j  javax.swing.JSlider.fireStateChanged()V+57
j  javax.swing.JSlider$ModelListener.stateChanged(Ljavax/swing/event/ChangeEvent;)V+4
j  javax.swing.DefaultBoundedRangeModel.fireStateChanged()V+57
j  javax.swing.DefaultBoundedRangeModel.setRangeProperties(IIIIZ)V+130
j  javax.swing.DefaultBoundedRangeModel.setValue(I)V+62
j  javax.swing.JSlider.setValue(I)V+20
j  javax.swing.plaf.synth.SynthSliderUI$SynthTrackListener.mouseDragged(Ljava/awt/event/MouseEvent;)V+478
j  java.awt.AWTEventMulticaster.mouseDragged(Ljava/awt/event/MouseEvent;)V+8
j  java.awt.Component.processMouseMotionEvent(Ljava/awt/event/MouseEvent;)V+52
j  javax.swing.JComponent.processMouseMotionEvent(Ljava/awt/event/MouseEvent;)V+42
j  java.awt.Component.processEvent(Ljava/awt/AWTEvent;)V+92
j  java.awt.Container.processEvent(Ljava/awt/AWTEvent;)V+18
j  java.awt.Component.dispatchEventImpl(Ljava/awt/AWTEvent;)V+581
j  java.awt.Container.dispatchEventImpl(Ljava/awt/AWTEvent;)V+42
j  java.awt.Component.dispatchEvent(Ljava/awt/AWTEvent;)V+2
j  java.awt.LightweightDispatcher.retargetMouseEvent(Ljava/awt/Component;ILjava/awt/event/MouseEvent;)V+327
j  java.awt.LightweightDispatcher.processMouseEvent(Ljava/awt/event/MouseEvent;)Z+191
j  java.awt.LightweightDispatcher.dispatchEvent(Ljava/awt/AWTEvent;)Z+50
j  java.awt.Container.dispatchEventImpl(Ljava/awt/AWTEvent;)V+12
j  java.awt.Window.dispatchEventImpl(Ljava/awt/AWTEvent;)V+19
j  java.awt.Component.dispatchEvent(Ljava/awt/AWTEvent;)V+2
j  java.awt.EventQueue.dispatchEventImpl(Ljava/awt/AWTEvent;Ljava/lang/Object;)V+41
j  java.awt.EventQueue.access$200(Ljava/awt/EventQueue;Ljava/awt/AWTEvent;Ljava/lang/Object;)V+3
j  java.awt.EventQueue$3.run()Ljava/lang/Void;+12
j  java.awt.EventQueue$3.run()Ljava/lang/Object;+1
v  ~StubRoutines::call_stub
j  java.security.AccessController.doPrivileged(Ljava/security/PrivilegedAction;Ljava/security/AccessControlContext;)Ljava/lang/Object;+0
j  java.security.ProtectionDomain$1.doIntersectionPrivilege(Ljava/security/PrivilegedAction;Ljava/security/AccessControlContext;Ljava/security/AccessControlContext;)Ljava/lang/Object;+28
j  java.security.ProtectionDomain$1.doIntersectionPrivilege(Ljava/security/PrivilegedAction;Ljava/security/AccessControlContext;)Ljava/lang/Object;+6
j  java.awt.EventQueue$4.run()Ljava/lang/Void;+11
j  java.awt.EventQueue$4.run()Ljava/lang/Object;+1
v  ~StubRoutines::call_stub
j  java.security.AccessController.doPrivileged(Ljava/security/PrivilegedAction;Ljava/security/AccessControlContext;)Ljava/lang/Object;+0
j  java.security.ProtectionDomain$1.doIntersectionPrivilege(Ljava/security/PrivilegedAction;Ljava/security/AccessControlContext;Ljava/security/AccessControlContext;)Ljava/lang/Object;+28
j  java.awt.EventQueue.dispatchEvent(Ljava/awt/AWTEvent;)V+73
j  java.awt.EventDispatchThread.pumpOneEventForFilters(I)V+245
j  java.awt.EventDispatchThread.pumpEventsForFilter(ILjava/awt/Conditional;Ljava/awt/EventFilter;)V+35
j  java.awt.EventDispatchThread.pumpEventsForHierarchy(ILjava/awt/Conditional;Ljava/awt/Component;)V+11
j  java.awt.EventDispatchThread.pumpEvents(ILjava/awt/Conditional;)V+4
j  java.awt.EventDispatchThread.pumpEvents(Ljava/awt/Conditional;)V+3
j  java.awt.EventDispatchThread.run()V+9
v  ~StubRoutines::call_stub

---------------  P R O C E S S  ---------------

Java Threads: ( => current thread )
  0x00007fe1d825c800 JavaThread "TimerQueue" daemon [_thread_blocked, id=19633, stack(0x00007fe1f2733000,0x00007fe1f2834000)]
  0x00007fe25800a000 JavaThread "DestroyJavaVM" [_thread_blocked, id=19589, stack(0x00007fe260959000,0x00007fe260a5a000)]
  0x00007fe2583a3000 JavaThread "Timer-1" [_thread_blocked, id=19614, stack(0x00007fe1f2834000,0x00007fe1f2935000)]
=>0x00007fe25837f000 JavaThread "AWT-EventQueue-0" [_thread_in_native, id=19613, stack(0x00007fe1f2dbc000,0x00007fe1f2ebd000)]
  0x00007fe25837d800 JavaThread "AWT-Shutdown" [_thread_blocked, id=19612, stack(0x00007fe1f2ebd000,0x00007fe1f2fbe000)]
  0x00007fe258347000 JavaThread "Timer-0" [_thread_blocked, id=19611, stack(0x00007fe1f801d000,0x00007fe1f811e000)]
  0x00007fe2581b1000 JavaThread "AWT-XAWT" daemon [_thread_in_native, id=19607, stack(0x00007fe24431d000,0x00007fe24441e000)]
  0x00007fe25818f000 JavaThread "Java2D Disposer" daemon [_thread_blocked, id=19606, stack(0x00007fe24482e000,0x00007fe24492f000)]
  0x00007fe25809f800 JavaThread "Service Thread" daemon [_thread_blocked, id=19604, stack(0x00007fe2460fe000,0x00007fe2461ff000)]
  0x00007fe25809d000 JavaThread "C2 CompilerThread1" daemon [_thread_blocked, id=19603, stack(0x00007fe2461ff000,0x00007fe246300000)]
  0x00007fe25809a000 JavaThread "C2 CompilerThread0" daemon [_thread_blocked, id=19602, stack(0x00007fe246300000,0x00007fe246401000)]
  0x00007fe258098800 JavaThread "Signal Dispatcher" daemon [_thread_blocked, id=19601, stack(0x00007fe246401000,0x00007fe246502000)]
  0x00007fe258078800 JavaThread "Finalizer" daemon [_thread_blocked, id=19600, stack(0x00007fe246be5000,0x00007fe246ce6000)]
  0x00007fe258076800 JavaThread "Reference Handler" daemon [_thread_blocked, id=19599, stack(0x00007fe246ce6000,0x00007fe246de7000)]

Other Threads:
  0x00007fe258072800 VMThread [stack: 0x00007fe246de7000,0x00007fe246ee8000] [id=19598]
  0x00007fe2580aa000 WatcherThread [stack: 0x00007fe245ffd000,0x00007fe2460fe000] [id=19605]

VM state:not at safepoint (normal execution)

VM Mutex/Monitor currently owned by a thread: None

Heap
 PSYoungGen      total 126464K, used 23943K [0x00000007ae600000, 0x00000007b7380000, 0x0000000800000000)
  eden space 116224K, 20% used [0x00000007ae600000,0x00000007afd61cc8,0x00000007b5780000)
  from space 10240K, 0% used [0x00000007b5880000,0x00000007b5880000,0x00000007b6280000)
  to   space 14336K, 0% used [0x00000007b6580000,0x00000007b6580000,0x00000007b7380000)
 ParOldGen       total 2674688K, used 2426124K [0x000000070b200000, 0x00000007ae600000, 0x00000007ae600000)
  object space 2674688K, 90% used [0x000000070b200000,0x000000079f343058,0x00000007ae600000)
 PSPermGen       total 30208K, used 14580K [0x0000000706000000, 0x0000000707d80000, 0x000000070b200000)
  object space 30208K, 48% used [0x0000000706000000,0x0000000706e3d170,0x0000000707d80000)

Card table byte_map: [0x00007fe25d488000,0x00007fe25dc59000] byte_map_base: 0x00007fe259c58000

Polling page: 0x00007fe260a77000

Code Cache  [0x00007fe255000000, 0x00007fe255270000, 0x00007fe258000000)
 total_blobs=703 nmethods=179 adapters=477 free_code_cache=48216Kb largest_free_block=49341248

Compilation events (10 events):
Event: 24.001 Thread 0x00007fe25809a000  177             sun.awt.SunToolkit::isInstanceOf (71 bytes)
Event: 24.013 Thread 0x00007fe25809a000 nmethod 177 0x00007fe255078ed0 code [0x00007fe2550790a0, 0x00007fe255079900]
Event: 24.329 Thread 0x00007fe25809d000  178             java.util.ArrayList::ensureExplicitCapacity (26 bytes)
Event: 24.329 Thread 0x00007fe25809a000  179             java.util.ArrayList::ensureCapacityInternal (23 bytes)
Event: 24.331 Thread 0x00007fe25809d000 nmethod 178 0x00007fe2550ecf50 code [0x00007fe2550ed0a0, 0x00007fe2550ed308]
Event: 24.331 Thread 0x00007fe25809d000  180             java.util.ArrayList::add (29 bytes)
Event: 24.331 Thread 0x00007fe25809a000 nmethod 179 0x00007fe25508ed50 code [0x00007fe25508eea0, 0x00007fe25508f128]
Event: 24.334 Thread 0x00007fe25809d000 nmethod 180 0x00007fe2550ec790 code [0x00007fe2550ec900, 0x00007fe2550ecc48]
Event: 27.490 Thread 0x00007fe25809a000  182             java.awt.image.DirectColorModel::getDataElements (951 bytes)
Event: 27.501 Thread 0x00007fe25809a000 nmethod 182 0x00007fe2550ee910 code [0x00007fe2550eeba0, 0x00007fe2550efa98]

GC Heap History (10 events):
Event: 24.281 GC heap before
{Heap before GC invocations=5 (full 2):
 PSYoungGen      total 73728K, used 0K [0x00000007ae600000, 0x00000007b7600000, 0x0000000800000000)
  eden space 63488K, 0% used [0x00000007ae600000,0x00000007ae600000,0x00000007b2400000)
  from space 10240K, 0% used [0x00000007b2400000,0x00000007b2400000,0x00000007b2e00000)
  to   space 10240K, 0% used [0x00000007b6c00000,0x00000007b6c00000,0x00000007b7600000)
 ParOldGen       total 2674688K, used 7867K [0x000000070b200000, 0x00000007ae600000, 0x00000007ae600000)
  object space 2674688K, 0% used [0x000000070b200000,0x000000070b9aefc8,0x00000007ae600000)
 PSPermGen       total 29184K, used 14573K [0x0000000706000000, 0x0000000707c80000, 0x000000070b200000)
  object space 29184K, 49% used [0x0000000706000000,0x0000000706e3b420,0x0000000707c80000)
Event: 24.317 GC heap after
Heap after GC invocations=5 (full 2):
 PSYoungGen      total 73728K, used 0K [0x00000007ae600000, 0x00000007b7600000, 0x0000000800000000)
  eden space 63488K, 0% used [0x00000007ae600000,0x00000007ae600000,0x00000007b2400000)
  from space 10240K, 0% used [0x00000007b2400000,0x00000007b2400000,0x00000007b2e00000)
  to   space 10240K, 0% used [0x00000007b6c00000,0x00000007b6c00000,0x00000007b7600000)
 ParOldGen       total 109568K, used 6956K [0x000000070b200000, 0x0000000711d00000, 0x00000007ae600000)
  object space 109568K, 6% used [0x000000070b200000,0x000000070b8cb388,0x0000000711d00000)
 PSPermGen       total 33280K, used 14570K [0x0000000706000000, 0x0000000708080000, 0x000000070b200000)
  object space 33280K, 43% used [0x0000000706000000,0x0000000706e3a870,0x0000000708080000)
}
Event: 25.080 GC heap before
{Heap before GC invocations=6 (full 2):
 PSYoungGen      total 73728K, used 49225K [0x00000007ae600000, 0x00000007b7600000, 0x0000000800000000)
  eden space 63488K, 77% used [0x00000007ae600000,0x00000007b1612760,0x00000007b2400000)
  from space 10240K, 0% used [0x00000007b2400000,0x00000007b2400000,0x00000007b2e00000)
  to   space 10240K, 0% used [0x00000007b6c00000,0x00000007b6c00000,0x00000007b7600000)
 ParOldGen       total 2674688K, used 2317127K [0x000000070b200000, 0x00000007ae600000, 0x00000007ae600000)
  object space 2674688K, 86% used [0x000000070b200000,0x00000007988d1ed8,0x00000007ae600000)
 PSPermGen       total 33280K, used 14579K [0x0000000706000000, 0x0000000708080000, 0x000000070b200000)
  object space 33280K, 43% used [0x0000000706000000,0x0000000706e3cfa0,0x0000000708080000)
Event: 25.100 GC heap after
Heap after GC invocations=6 (full 2):
 PSYoungGen      total 87552K, used 224K [0x00000007ae600000, 0x00000007b6c80000, 0x0000000800000000)
  eden space 87040K, 0% used [0x00000007ae600000,0x00000007ae600000,0x00000007b3b00000)
  from space 512K, 43% used [0x00000007b6c00000,0x00000007b6c38000,0x00000007b6c80000)
  to   space 10240K, 0% used [0x00000007b5880000,0x00000007b5880000,0x00000007b6280000)
 ParOldGen       total 2674688K, used 2448613K [0x000000070b200000, 0x00000007ae600000, 0x00000007ae600000)
  object space 2674688K, 91% used [0x000000070b200000,0x00000007a0939658,0x00000007ae600000)
 PSPermGen       total 33280K, used 14579K [0x0000000706000000, 0x0000000708080000, 0x000000070b200000)
  object space 33280K, 43% used [0x0000000706000000,0x0000000706e3cfa0,0x0000000708080000)
}
Event: 25.100 GC heap before
{Heap before GC invocations=7 (full 3):
 PSYoungGen      total 87552K, used 224K [0x00000007ae600000, 0x00000007b6c80000, 0x0000000800000000)
  eden space 87040K, 0% used [0x00000007ae600000,0x00000007ae600000,0x00000007b3b00000)
  from space 512K, 43% used [0x00000007b6c00000,0x00000007b6c38000,0x00000007b6c80000)
  to   space 10240K, 0% used [0x00000007b5880000,0x00000007b5880000,0x00000007b6280000)
 ParOldGen       total 2674688K, used 2448613K [0x000000070b200000, 0x00000007ae600000, 0x00000007ae600000)
  object space 2674688K, 91% used [0x000000070b200000,0x00000007a0939658,0x00000007ae600000)
 PSPermGen       total 33280K, used 14579K [0x0000000706000000, 0x0000000708080000, 0x000000070b200000)
  object space 33280K, 43% used [0x0000000706000000,0x0000000706e3cfa0,0x0000000708080000)
Event: 25.447 GC heap after
Heap after GC invocations=7 (full 3):
 PSYoungGen      total 87552K, used 0K [0x00000007ae600000, 0x00000007b6c80000, 0x0000000800000000)
  eden space 87040K, 0% used [0x00000007ae600000,0x00000007ae600000,0x00000007b3b00000)
  from space 512K, 0% used [0x00000007b6c00000,0x00000007b6c00000,0x00000007b6c80000)
  to   space 10240K, 0% used [0x00000007b5880000,0x00000007b5880000,0x00000007b6280000)
 ParOldGen       total 2674688K, used 2360379K [0x000000070b200000, 0x00000007ae600000, 0x00000007ae600000)
  object space 2674688K, 88% used [0x000000070b200000,0x000000079b30ec98,0x00000007ae600000)
 PSPermGen       total 31744K, used 14579K [0x0000000706000000, 0x0000000707f00000, 0x000000070b200000)
  object space 31744K, 45% used [0x0000000706000000,0x0000000706e3cf80,0x0000000707f00000)
}
Event: 25.731 GC heap before
{Heap before GC invocations=8 (full 3):
 PSYoungGen      total 87552K, used 68019K [0x00000007ae600000, 0x00000007b6c80000, 0x0000000800000000)
  eden space 87040K, 78% used [0x00000007ae600000,0x00000007b286ce10,0x00000007b3b00000)
  from space 512K, 0% used [0x00000007b6c00000,0x00000007b6c00000,0x00000007b6c80000)
  to   space 10240K, 0% used [0x00000007b5880000,0x00000007b5880000,0x00000007b6280000)
 ParOldGen       total 2674688K, used 2360379K [0x000000070b200000, 0x00000007ae600000, 0x00000007ae600000)
  object space 2674688K, 88% used [0x000000070b200000,0x000000079b30ec98,0x00000007ae600000)
 PSPermGen       total 31744K, used 14579K [0x0000000706000000, 0x0000000707f00000, 0x000000070b200000)
  object space 31744K, 45% used [0x0000000706000000,0x0000000706e3cf80,0x0000000707f00000)
Event: 25.754 GC heap after
Heap after GC invocations=8 (full 3):
 PSYoungGen      total 126464K, used 192K [0x00000007ae600000, 0x00000007b7380000, 0x0000000800000000)
  eden space 116224K, 0% used [0x00000007ae600000,0x00000007ae600000,0x00000007b5780000)
  from space 10240K, 1% used [0x00000007b5880000,0x00000007b58b0000,0x00000007b6280000)
  to   space 14336K, 0% used [0x00000007b6580000,0x00000007b6580000,0x00000007b7380000)
 ParOldGen       total 2674688K, used 2513779K [0x000000070b200000, 0x00000007ae600000, 0x00000007ae600000)
  object space 2674688K, 93% used [0x000000070b200000,0x00000007a48dcd58,0x00000007ae600000)
 PSPermGen       total 31744K, used 14579K [0x0000000706000000, 0x0000000707f00000, 0x000000070b200000)
  object space 31744K, 45% used [0x0000000706000000,0x0000000706e3cf80,0x0000000707f00000)
}
Event: 25.754 GC heap before
{Heap before GC invocations=9 (full 4):
 PSYoungGen      total 126464K, used 192K [0x00000007ae600000, 0x00000007b7380000, 0x0000000800000000)
  eden space 116224K, 0% used [0x00000007ae600000,0x00000007ae600000,0x00000007b5780000)
  from space 10240K, 1% used [0x00000007b5880000,0x00000007b58b0000,0x00000007b6280000)
  to   space 14336K, 0% used [0x00000007b6580000,0x00000007b6580000,0x00000007b7380000)
 ParOldGen       total 2674688K, used 2513779K [0x000000070b200000, 0x00000007ae600000, 0x00000007ae600000)
  object space 2674688K, 93% used [0x000000070b200000,0x00000007a48dcd58,0x00000007ae600000)
 PSPermGen       total 31744K, used 14579K [0x0000000706000000, 0x0000000707f00000, 0x000000070b200000)
  object space 31744K, 45% used [0x0000000706000000,0x0000000706e3cf80,0x0000000707f00000)
Event: 25.782 GC heap after
Heap after GC invocations=9 (full 4):
 PSYoungGen      total 126464K, used 0K [0x00000007ae600000, 0x00000007b7380000, 0x0000000800000000)
  eden space 116224K, 0% used [0x00000007ae600000,0x00000007ae600000,0x00000007b5780000)
  from space 10240K, 0% used [0x00000007b5880000,0x00000007b5880000,0x00000007b6280000)
  to   space 14336K, 0% used [0x00000007b6580000,0x00000007b6580000,0x00000007b7380000)
 ParOldGen       total 2674688K, used 2426124K [0x000000070b200000, 0x00000007ae600000, 0x00000007ae600000)
  object space 2674688K, 90% used [0x000000070b200000,0x000000079f343058,0x00000007ae600000)
 PSPermGen       total 30208K, used 14579K [0x0000000706000000, 0x0000000707d80000, 0x000000070b200000)
  object space 30208K, 48% used [0x0000000706000000,0x0000000706e3cf80,0x0000000707d80000)
}

Deoptimization events (10 events):
Event: 0.341 Thread 0x00007fe25800a000 Uncommon trap: reason=class_check action=maybe_recompile pc=0x00007fe255076750 method=java.lang.String.equals(Ljava/lang/Object;)Z @ 8
Event: 0.341 Thread 0x00007fe25800a000 Uncommon trap: reason=class_check action=maybe_recompile pc=0x00007fe255076750 method=java.lang.String.equals(Ljava/lang/Object;)Z @ 8
Event: 0.341 Thread 0x00007fe25800a000 Uncommon trap: reason=class_check action=maybe_recompile pc=0x00007fe255076750 method=java.lang.String.equals(Ljava/lang/Object;)Z @ 8
Event: 0.341 Thread 0x00007fe25800a000 Uncommon trap: reason=class_check action=maybe_recompile pc=0x00007fe255076750 method=java.lang.String.equals(Ljava/lang/Object;)Z @ 8
Event: 0.432 Thread 0x00007fe25800a000 Uncommon trap: reason=unreached action=reinterpret pc=0x00007fe25508ef00 method=com.mdu.DrawLine.DLUtil.<clinit>()V @ 494
Event: 4.860 Thread 0x00007fe25837f000 Uncommon trap: reason=class_check action=maybe_recompile pc=0x00007fe2550b6588 method=sun.dc.DuctusRenderingEngine.getAATileGenerator(Ljava/awt/Shape;Ljava/awt/geom/AffineTransform;Lsun/java2d/pipe/Region;Ljava/awt/BasicStroke;ZZ[I)Lsun/java2d/pipe/AATile
Event: 4.860 Thread 0x00007fe25837f000 Uncommon trap: reason=class_check action=maybe_recompile pc=0x00007fe2550b6588 method=sun.dc.DuctusRenderingEngine.getAATileGenerator(Ljava/awt/Shape;Ljava/awt/geom/AffineTransform;Lsun/java2d/pipe/Region;Ljava/awt/BasicStroke;ZZ[I)Lsun/java2d/pipe/AATile
Event: 4.862 Thread 0x00007fe25837f000 Uncommon trap: reason=class_check action=maybe_recompile pc=0x00007fe2550b6588 method=sun.dc.DuctusRenderingEngine.getAATileGenerator(Ljava/awt/Shape;Ljava/awt/geom/AffineTransform;Lsun/java2d/pipe/Region;Ljava/awt/BasicStroke;ZZ[I)Lsun/java2d/pipe/AATile
Event: 4.862 Thread 0x00007fe25837f000 Uncommon trap: reason=class_check action=maybe_recompile pc=0x00007fe2550b6588 method=sun.dc.DuctusRenderingEngine.getAATileGenerator(Ljava/awt/Shape;Ljava/awt/geom/AffineTransform;Lsun/java2d/pipe/Region;Ljava/awt/BasicStroke;ZZ[I)Lsun/java2d/pipe/AATile
Event: 12.131 Thread 0x00007fe25837f000 Uncommon trap: reason=unreached action=reinterpret pc=0x00007fe25509ea9c method=java.awt.image.DirectColorModel.getDataElements(ILjava/lang/Object;)Ljava/lang/Object; @ 41

Internal exceptions (10 events):
Event: 12.089 Thread 0x00007fe25837f000 Threw 0x00000007b0313368 at /HUDSON/workspace/7u-2-build-linux-amd64/jdk7u60/1081/hotspot/src/share/vm/prims/jvm.cpp:1244
Event: 12.106 Thread 0x00007fe25837f000 Threw 0x00000007b031f718 at /HUDSON/workspace/7u-2-build-linux-amd64/jdk7u60/1081/hotspot/src/share/vm/prims/jvm.cpp:1244
Event: 12.111 Thread 0x00007fe25837f000 Threw 0x00000007b032ac00 at /HUDSON/workspace/7u-2-build-linux-amd64/jdk7u60/1081/hotspot/src/share/vm/prims/jvm.cpp:1244
Event: 12.111 Thread 0x00007fe25837f000 Threw 0x00000007b032d408 at /HUDSON/workspace/7u-2-build-linux-amd64/jdk7u60/1081/hotspot/src/share/vm/prims/jvm.cpp:1244
Event: 12.113 Thread 0x00007fe25837f000 Threw 0x00000007b03334d0 at /HUDSON/workspace/7u-2-build-linux-amd64/jdk7u60/1081/hotspot/src/share/vm/prims/jvm.cpp:1244
Event: 12.114 Thread 0x00007fe25837f000 Threw 0x00000007b0335ee8 at /HUDSON/workspace/7u-2-build-linux-amd64/jdk7u60/1081/hotspot/src/share/vm/prims/jvm.cpp:1244
Event: 12.123 Thread 0x00007fe25837f000 Threw 0x00000007b0349e30 at /HUDSON/workspace/7u-2-build-linux-amd64/jdk7u60/1081/hotspot/src/share/vm/prims/jvm.cpp:1244
Event: 12.658 Thread 0x00007fe25837f000 Threw 0x00000007b056ed98 at /HUDSON/workspace/7u-2-build-linux-amd64/jdk7u60/1081/hotspot/src/share/vm/prims/jni.cpp:743
Event: 24.324 Thread 0x00007fe25837f000 Threw 0x00000007060aa628 at /HUDSON/workspace/7u-2-build-linux-amd64/jdk7u60/1081/hotspot/src/share/vm/gc_interface/collectedHeap.inline.hpp:170
Event: 24.324 Thread 0x00007fe25837f000 Threw 0x00000007ae6a9590 at /HUDSON/workspace/7u-2-build-linux-amd64/jdk7u60/1081/hotspot/src/share/vm/runtime/reflection.cpp:1030

Events (10 events):
Event: 24.337 Executing VM operation: RevokeBias
Event: 24.337 Executing VM operation: RevokeBias done
Event: 24.337 Executing VM operation: RevokeBias
Event: 24.337 Executing VM operation: RevokeBias done
Event: 24.337 Executing VM operation: RevokeBias
Event: 24.337 Executing VM operation: RevokeBias done
Event: 25.079 Executing VM operation: ParallelGCFailedAllocation
Event: 25.447 Executing VM operation: ParallelGCFailedAllocation done
Event: 25.731 Executing VM operation: ParallelGCFailedAllocation
Event: 25.782 Executing VM operation: ParallelGCFailedAllocation done


Dynamic libraries:
00400000-00401000 r-xp 00000000 fc:02 3031386                            /home/mdurocher/tools/jdk1.7.0_60/bin/java
00600000-00601000 rw-p 00000000 fc:02 3031386                            /home/mdurocher/tools/jdk1.7.0_60/bin/java
01adf000-01b00000 rw-p 00000000 00:00 0                                  [heap]
706000000-707d80000 rw-p 00000000 00:00 0 
707d80000-708080000 ---p 00000000 00:00 0 
708080000-70b200000 rw-p 00000000 00:00 0 
70b200000-7b7380000 rw-p 00000000 00:00 0 
7b7380000-7b7600000 ---p 00000000 00:00 0 
7b7600000-800000000 rw-p 00000000 00:00 0 
7fe1d0000000-7fe1d0021000 rw-p 00000000 00:00 0 
7fe1d0021000-7fe1d4000000 ---p 00000000 00:00 0 
7fe1d8000000-7fe1d828f000 rw-p 00000000 00:00 0 
7fe1d828f000-7fe1dc000000 ---p 00000000 00:00 0 
7fe1dc000000-7fe1dc021000 rw-p 00000000 00:00 0 
7fe1dc021000-7fe1e0000000 ---p 00000000 00:00 0 
7fe1e0000000-7fe1e0032000 rw-p 00000000 00:00 0 
7fe1e0032000-7fe1e4000000 ---p 00000000 00:00 0 
7fe1e4000000-7fe1e4021000 rw-p 00000000 00:00 0 
7fe1e4021000-7fe1e8000000 ---p 00000000 00:00 0 
7fe1e8000000-7fe1e8022000 rw-p 00000000 00:00 0 
7fe1e8022000-7fe1ec000000 ---p 00000000 00:00 0 
7fe1ec000000-7fe1ec022000 rw-p 00000000 00:00 0 
7fe1ec022000-7fe1f0000000 ---p 00000000 00:00 0 
7fe1f1dae000-7fe1f1ff5000 rw-p 00000000 00:00 0 
7fe1f1ff5000-7fe1f20ce000 r-xp 00000000 fc:02 3032038                    /home/mdurocher/tools/jdk1.7.0_60/jre/lib/amd64/libmlib_image.so
7fe1f20ce000-7fe1f22cd000 ---p 000d9000 fc:02 3032038                    /home/mdurocher/tools/jdk1.7.0_60/jre/lib/amd64/libmlib_image.so
7fe1f22cd000-7fe1f22ce000 rw-p 000d8000 fc:02 3032038                    /home/mdurocher/tools/jdk1.7.0_60/jre/lib/amd64/libmlib_image.so
7fe1f22ce000-7fe1f22f8000 r-xp 00000000 fc:02 3032043                    /home/mdurocher/tools/jdk1.7.0_60/jre/lib/amd64/libdcpr.so
7fe1f22f8000-7fe1f24f8000 ---p 0002a000 fc:02 3032043                    /home/mdurocher/tools/jdk1.7.0_60/jre/lib/amd64/libdcpr.so
7fe1f24f8000-7fe1f24fb000 rw-p 0002a000 fc:02 3032043                    /home/mdurocher/tools/jdk1.7.0_60/jre/lib/amd64/libdcpr.so
7fe1f25d4000-7fe1f2733000 rw-s 00000000 00:04 7569442                    /SYSV00000000 (deleted)
7fe1f2733000-7fe1f2736000 ---p 00000000 00:00 0 
7fe1f2736000-7fe1f2834000 rw-p 00000000 00:00 0                          [stack:19633]
7fe1f2834000-7fe1f2837000 ---p 00000000 00:00 0 
7fe1f2837000-7fe1f2935000 rw-p 00000000 00:00 0                          [stack:19614]
7fe1f2935000-7fe1f299d000 r-xp 00000000 fc:02 3032061                    /home/mdurocher/tools/jdk1.7.0_60/jre/lib/amd64/libt2k.so
7fe1f299d000-7fe1f2b9d000 ---p 00068000 fc:02 3032061                    /home/mdurocher/tools/jdk1.7.0_60/jre/lib/amd64/libt2k.so
7fe1f2b9d000-7fe1f2ba4000 rw-p 00068000 fc:02 3032061                    /home/mdurocher/tools/jdk1.7.0_60/jre/lib/amd64/libt2k.so
7fe1f2ba4000-7fe1f2bb4000 rw-p 00000000 00:00 0 
7fe1f2bb4000-7fe1f2bbc000 r-xp 00000000 fc:02 3032089                    /home/mdurocher/tools/jdk1.7.0_60/jre/lib/amd64/libmanagement.so
7fe1f2bbc000-7fe1f2dbb000 ---p 00008000 fc:02 3032089                    /home/mdurocher/tools/jdk1.7.0_60/jre/lib/amd64/libmanagement.so
7fe1f2dbb000-7fe1f2dbc000 rw-p 00007000 fc:02 3032089                    /home/mdurocher/tools/jdk1.7.0_60/jre/lib/amd64/libmanagement.so
7fe1f2dbc000-7fe1f2dbf000 ---p 00000000 00:00 0 
7fe1f2dbf000-7fe1f2ebd000 rw-p 00000000 00:00 0                          [stack:19613]
7fe1f2ebd000-7fe1f2ec0000 ---p 00000000 00:00 0 
7fe1f2ec0000-7fe1f2fbe000 rw-p 00000000 00:00 0                          [stack:19612]
7fe1f2fbe000-7fe1f2fbf000 ---p 00000000 00:00 0 
7fe1f2fbf000-7fe1f37bf000 rw-p 00000000 00:00 0 
7fe1f37bf000-7fe1f37d9000 r-xp 00000000 fc:02 4592566                    /usr/lib/x86_64-linux-gnu/libdbusmenu-glib.so.4.0.13
7fe1f37d9000-7fe1f39d8000 ---p 0001a000 fc:02 4592566                    /usr/lib/x86_64-linux-gnu/libdbusmenu-glib.so.4.0.13
7fe1f39d8000-7fe1f39d9000 r--p 00019000 fc:02 4592566                    /usr/lib/x86_64-linux-gnu/libdbusmenu-glib.so.4.0.13
7fe1f39d9000-7fe1f39da000 rw-p 0001a000 fc:02 4592566                    /usr/lib/x86_64-linux-gnu/libdbusmenu-glib.so.4.0.13
7fe1f39da000-7fe1f39ec000 r-xp 00000000 fc:02 4591607                    /usr/lib/x86_64-linux-gnu/libdbusmenu-gtk.so.4.0.13
7fe1f39ec000-7fe1f3beb000 ---p 00012000 fc:02 4591607                    /usr/lib/x86_64-linux-gnu/libdbusmenu-gtk.so.4.0.13
7fe1f3beb000-7fe1f3bec000 r--p 00011000 fc:02 4591607                    /usr/lib/x86_64-linux-gnu/libdbusmenu-gtk.so.4.0.13
7fe1f3bec000-7fe1f3bed000 rw-p 00012000 fc:02 4591607                    /usr/lib/x86_64-linux-gnu/libdbusmenu-gtk.so.4.0.13
7fe1f3bed000-7fe1f3bf2000 r-xp 00000000 fc:02 4850424                    /usr/lib/x86_64-linux-gnu/gtk-2.0/2.10.0/menuproxies/libappmenu.so
7fe1f3bf2000-7fe1f3df1000 ---p 00005000 fc:02 4850424                    /usr/lib/x86_64-linux-gnu/gtk-2.0/2.10.0/menuproxies/libappmenu.so
7fe1f3df1000-7fe1f3df2000 r--p 00004000 fc:02 4850424                    /usr/lib/x86_64-linux-gnu/gtk-2.0/2.10.0/menuproxies/libappmenu.so
7fe1f3df2000-7fe1f3df3000 rw-p 00005000 fc:02 4850424                    /usr/lib/x86_64-linux-gnu/gtk-2.0/2.10.0/menuproxies/libappmenu.so
7fe1f3df3000-7fe1f3dff000 r-xp 00000000 fc:02 790201                     /lib/x86_64-linux-gnu/libudev.so.0.13.0
7fe1f3dff000-7fe1f3ffe000 ---p 0000c000 fc:02 790201                     /lib/x86_64-linux-gnu/libudev.so.0.13.0
7fe1f3ffe000-7fe1f3fff000 r--p 0000b000 fc:02 790201                     /lib/x86_64-linux-gnu/libudev.so.0.13.0
7fe1f3fff000-7fe1f4000000 rw-p 0000c000 fc:02 790201                     /lib/x86_64-linux-gnu/libudev.so.0.13.0
7fe1f4000000-7fe1f4022000 rw-p 00000000 00:00 0 
7fe1f4022000-7fe1f8000000 ---p 00000000 00:00 0 
7fe1f801d000-7fe1f8020000 ---p 00000000 00:00 0 
7fe1f8020000-7fe1f811e000 rw-p 00000000 00:00 0                          [stack:19611]
7fe1f811e000-7fe1f8160000 r-xp 00000000 fc:02 787247                     /lib/x86_64-linux-gnu/libdbus-1.so.3.5.8
7fe1f8160000-7fe1f8360000 ---p 00042000 fc:02 787247                     /lib/x86_64-linux-gnu/libdbus-1.so.3.5.8
7fe1f8360000-7fe1f8361000 r--p 00042000 fc:02 787247                     /lib/x86_64-linux-gnu/libdbus-1.so.3.5.8
7fe1f8361000-7fe1f8362000 rw-p 00043000 fc:02 787247                     /lib/x86_64-linux-gnu/libdbus-1.so.3.5.8
7fe1f8362000-7fe1f8378000 r-xp 00000000 fc:02 4850477                    /usr/lib/x86_64-linux-gnu/gvfs/libgvfscommon.so
7fe1f8378000-7fe1f8577000 ---p 00016000 fc:02 4850477                    /usr/lib/x86_64-linux-gnu/gvfs/libgvfscommon.so
7fe1f8577000-7fe1f8578000 r--p 00015000 fc:02 4850477                    /usr/lib/x86_64-linux-gnu/gvfs/libgvfscommon.so
7fe1f8578000-7fe1f8579000 rw-p 00016000 fc:02 4850477                    /usr/lib/x86_64-linux-gnu/gvfs/libgvfscommon.so
7fe1f8579000-7fe1f85a1000 r-xp 00000000 fc:02 4857202                    /usr/lib/x86_64-linux-gnu/gio/modules/libgvfsdbus.so
7fe1f85a1000-7fe1f87a0000 ---p 00028000 fc:02 4857202                    /usr/lib/x86_64-linux-gnu/gio/modules/libgvfsdbus.so
7fe1f87a0000-7fe1f87a1000 r--p 00027000 fc:02 4857202                    /usr/lib/x86_64-linux-gnu/gio/modules/libgvfsdbus.so
7fe1f87a1000-7fe1f87a2000 rw-p 00028000 fc:02 4857202                    /usr/lib/x86_64-linux-gnu/gio/modules/libgvfsdbus.so
7fe1f87a2000-7fe1f87e6000 r-xp 00000000 fc:02 4596334                    /usr/lib/x86_64-linux-gnu/libibus-1.0.so.0.401.0
7fe1f87e6000-7fe1f89e5000 ---p 00044000 fc:02 4596334                    /usr/lib/x86_64-linux-gnu/libibus-1.0.so.0.401.0
7fe1f89e5000-7fe1f89e7000 r--p 00043000 fc:02 4596334                    /usr/lib/x86_64-linux-gnu/libibus-1.0.so.0.401.0
7fe1f89e7000-7fe1f89e8000 rw-p 00045000 fc:02 4596334                    /usr/lib/x86_64-linux-gnu/libibus-1.0.so.0.401.0
7fe1f89e8000-7fe1f89e9000 rw-p 00000000 00:00 0 
7fe1f89e9000-7fe1f89ef000 r-xp 00000000 fc:02 4850415                    /usr/lib/x86_64-linux-gnu/gtk-2.0/2.10.0/immodules/im-ibus.so
7fe1f89ef000-7fe1f8bee000 ---p 00006000 fc:02 4850415                    /usr/lib/x86_64-linux-gnu/gtk-2.0/2.10.0/immodules/im-ibus.so
7fe1f8bee000-7fe1f8bef000 r--p 00005000 fc:02 4850415                    /usr/lib/x86_64-linux-gnu/gtk-2.0/2.10.0/immodules/im-ibus.so
7fe1f8bef000-7fe1f8bf0000 rw-p 00006000 fc:02 4850415                    /usr/lib/x86_64-linux-gnu/gtk-2.0/2.10.0/immodules/im-ibus.so
7fe1f8bf0000-7fe1f8bf2000 r-xp 00000000 fc:02 4850648                    /usr/lib/x86_64-linux-gnu/pango/1.6.0/modules/pango-basic-fc.so
7fe1f8bf2000-7fe1f8df1000 ---p 00002000 fc:02 4850648                    /usr/lib/x86_64-linux-gnu/pango/1.6.0/modules/pango-basic-fc.so
7fe1f8df1000-7fe1f8df2000 r--p 00001000 fc:02 4850648                    /usr/lib/x86_64-linux-gnu/pango/1.6.0/modules/pango-basic-fc.so
7fe1f8df2000-7fe1f8df3000 rw-p 00002000 fc:02 4850648                    /usr/lib/x86_64-linux-gnu/pango/1.6.0/modules/pango-basic-fc.so
7fe1f8e70000-7fe1f8e80000 r-xp 00000000 fc:02 3032076                    /home/mdurocher/tools/jdk1.7.0_60/jre/lib/amd64/libnio.so
7fe1f8e80000-7fe1f9080000 ---p 00010000 fc:02 3032076                    /home/mdurocher/tools/jdk1.7.0_60/jre/lib/amd64/libnio.so
7fe1f9080000-7fe1f9081000 rw-p 00010000 fc:02 3032076                    /home/mdurocher/tools/jdk1.7.0_60/jre/lib/amd64/libnio.so
7fe1f9081000-7fe1f9097000 r-xp 00000000 fc:02 3032036                    /home/mdurocher/tools/jdk1.7.0_60/jre/lib/amd64/libnet.so
7fe1f9097000-7fe1f9297000 ---p 00016000 fc:02 3032036                    /home/mdurocher/tools/jdk1.7.0_60/jre/lib/amd64/libnet.so
7fe1f9297000-7fe1f9298000 rw-p 00016000 fc:02 3032036                    /home/mdurocher/tools/jdk1.7.0_60/jre/lib/amd64/libnet.so
7fe1f9298000-7fe1f92ad000 r-xp 00000000 fc:02 790187                     /lib/x86_64-linux-gnu/libgcc_s.so.1
7fe1f92ad000-7fe1f94ac000 ---p 00015000 fc:02 790187                     /lib/x86_64-linux-gnu/libgcc_s.so.1
7fe1f94ac000-7fe1f94ad000 r--p 00014000 fc:02 790187                     /lib/x86_64-linux-gnu/libgcc_s.so.1
7fe1f94ad000-7fe1f94ae000 rw-p 00015000 fc:02 790187                     /lib/x86_64-linux-gnu/libgcc_s.so.1
7fe1f94ae000-7fe1f9513000 r-xp 00000000 fc:02 3032041                    /home/mdurocher/tools/jdk1.7.0_60/jre/lib/amd64/libfontmanager.so
7fe1f9513000-7fe1f9712000 ---p 00065000 fc:02 3032041                    /home/mdurocher/tools/jdk1.7.0_60/jre/lib/amd64/libfontmanager.so
7fe1f9712000-7fe1f9716000 rw-p 00064000 fc:02 3032041                    /home/mdurocher/tools/jdk1.7.0_60/jre/lib/amd64/libfontmanager.so
7fe1f9716000-7fe1f9727000 rw-p 00000000 00:00 0 
7fe1f9727000-7fe1f972d000 r-xp 00000000 fc:02 4596426                    /usr/lib/x86_64-linux-gnu/libogg.so.0.7.1
7fe1f972d000-7fe1f992c000 ---p 00006000 fc:02 4596426                    /usr/lib/x86_64-linux-gnu/libogg.so.0.7.1
7fe1f992c000-7fe1f992d000 r--p 00005000 fc:02 4596426                    /usr/lib/x86_64-linux-gnu/libogg.so.0.7.1
7fe1f992d000-7fe1f992e000 rw-p 00006000 fc:02 4596426                    /usr/lib/x86_64-linux-gnu/libogg.so.0.7.1
7fe1f992e000-7fe1f9959000 r-xp 00000000 fc:02 4596580                    /usr/lib/x86_64-linux-gnu/libvorbis.so.0.4.5
7fe1f9959000-7fe1f9b58000 ---p 0002b000 fc:02 4596580                    /usr/lib/x86_64-linux-gnu/libvorbis.so.0.4.5
7fe1f9b58000-7fe1f9b59000 r--p 0002a000 fc:02 4596580                    /usr/lib/x86_64-linux-gnu/libvorbis.so.0.4.5
7fe1f9b59000-7fe1f9b5a000 rw-p 0002b000 fc:02 4596580                    /usr/lib/x86_64-linux-gnu/libvorbis.so.0.4.5
7fe1f9b5a000-7fe1f9b62000 r-xp 00000000 fc:02 4596376                    /usr/lib/x86_64-linux-gnu/libltdl.so.7.3.0
7fe1f9b62000-7fe1f9d62000 ---p 00008000 fc:02 4596376                    /usr/lib/x86_64-linux-gnu/libltdl.so.7.3.0
7fe1f9d62000-7fe1f9d63000 r--p 00008000 fc:02 4596376                    /usr/lib/x86_64-linux-gnu/libltdl.so.7.3.0
7fe1f9d63000-7fe1f9d64000 rw-p 00009000 fc:02 4596376                    /usr/lib/x86_64-linux-gnu/libltdl.so.7.3.0
7fe1f9d64000-7fe1f9d74000 r-xp 00000000 fc:02 4596553                    /usr/lib/x86_64-linux-gnu/libtdb.so.1.2.9
7fe1f9d74000-7fe1f9f73000 ---p 00010000 fc:02 4596553                    /usr/lib/x86_64-linux-gnu/libtdb.so.1.2.9
7fe1f9f73000-7fe1f9f74000 r--p 0000f000 fc:02 4596553                    /usr/lib/x86_64-linux-gnu/libtdb.so.1.2.9
7fe1f9f74000-7fe1f9f75000 rw-p 00010000 fc:02 4596553                    /usr/lib/x86_64-linux-gnu/libtdb.so.1.2.9
7fe1f9f75000-7fe1f9f7c000 r-xp 00000000 fc:02 4596584                    /usr/lib/x86_64-linux-gnu/libvorbisfile.so.3.3.4
7fe1f9f7c000-7fe1fa17b000 ---p 00007000 fc:02 4596584                    /usr/lib/x86_64-linux-gnu/libvorbisfile.so.3.3.4
7fe1fa17b000-7fe1fa17c000 r--p 00006000 fc:02 4596584                    /usr/lib/x86_64-linux-gnu/libvorbisfile.so.3.3.4
7fe1fa17c000-7fe1fa17d000 rw-p 00007000 fc:02 4596584                    /usr/lib/x86_64-linux-gnu/libvorbisfile.so.3.3.4
7fe1fa17d000-7fe1fa18c000 r-xp 00000000 fc:02 4596083                    /usr/lib/x86_64-linux-gnu/libcanberra.so.0.2.5
7fe1fa18c000-7fe1fa38b000 ---p 0000f000 fc:02 4596083                    /usr/lib/x86_64-linux-gnu/libcanberra.so.0.2.5
7fe1fa38b000-7fe1fa38c000 r--p 0000e000 fc:02 4596083                    /usr/lib/x86_64-linux-gnu/libcanberra.so.0.2.5
7fe1fa38c000-7fe1fa38d000 rw-p 0000f000 fc:02 4596083                    /usr/lib/x86_64-linux-gnu/libcanberra.so.0.2.5
7fe1fa38d000-7fe1fa391000 r-xp 00000000 fc:02 4596079                    /usr/lib/x86_64-linux-gnu/libcanberra-gtk.so.0.1.8
7fe1fa391000-7fe1fa590000 ---p 00004000 fc:02 4596079                    /usr/lib/x86_64-linux-gnu/libcanberra-gtk.so.0.1.8
7fe1fa590000-7fe1fa591000 r--p 00003000 fc:02 4596079                    /usr/lib/x86_64-linux-gnu/libcanberra-gtk.so.0.1.8
7fe1fa591000-7fe1fa592000 rw-p 00004000 fc:02 4596079                    /usr/lib/x86_64-linux-gnu/libcanberra-gtk.so.0.1.8
7fe1fa5ac000-7fe1fa5b1000 r-xp 00000000 fc:02 4850430                    /usr/lib/x86_64-linux-gnu/gtk-2.0/modules/libcanberra-gtk-module.so
7fe1fa5b1000-7fe1fa7b0000 ---p 00005000 fc:02 4850430                    /usr/lib/x86_64-linux-gnu/gtk-2.0/modules/libcanberra-gtk-module.so
7fe1fa7b0000-7fe1fa7b1000 r--p 00004000 fc:02 4850430                    /usr/lib/x86_64-linux-gnu/gtk-2.0/modules/libcanberra-gtk-module.so
7fe1fa7b1000-7fe1fa7b2000 rw-p 00005000 fc:02 4850430                    /usr/lib/x86_64-linux-gnu/gtk-2.0/modules/libcanberra-gtk-module.so
7fe1fa7b2000-7fe1fa7e1000 r-xp 00000000 fc:02 4850407                    /usr/lib/x86_64-linux-gnu/gtk-2.0/2.10.0/engines/libmurrine.so
7fe1fa7e1000-7fe1fa9e1000 ---p 0002f000 fc:02 4850407                    /usr/lib/x86_64-linux-gnu/gtk-2.0/2.10.0/engines/libmurrine.so
7fe1fa9e1000-7fe1fa9e2000 r--p 0002f000 fc:02 4850407                    /usr/lib/x86_64-linux-gnu/gtk-2.0/2.10.0/engines/libmurrine.so
7fe1fa9e2000-7fe1fa9e3000 rw-p 00030000 fc:02 4850407                    /usr/lib/x86_64-linux-gnu/gtk-2.0/2.10.0/engines/libmurrine.so
7fe1fa9e3000-7fe1fa9e4000 ---p 00000000 00:00 0 
7fe1fa9e4000-7fe1fb1e4000 rw-p 00000000 00:00 0                          [stack:19609]
7fe1fb1e4000-7fe1fb1e5000 ---p 00000000 00:00 0 
7fe1fb1e5000-7fe1fb9e5000 rw-p 00000000 00:00 0                          [stack:19608]
7fe1fb9e5000-7fe1fb9ec000 r-xp 00000000 fc:02 4850259                    /usr/lib/x86_64-linux-gnu/gio/modules/libdconfsettings.so
7fe1fb9ec000-7fe1fbbeb000 ---p 00007000 fc:02 4850259                    /usr/lib/x86_64-linux-gnu/gio/modules/libdconfsettings.so
7fe1fbbeb000-7fe1fbbec000 r--p 00006000 fc:02 4850259                    /usr/lib/x86_64-linux-gnu/gio/modules/libdconfsettings.so
7fe1fbbec000-7fe1fbbed000 rw-p 00007000 fc:02 4850259                    /usr/lib/x86_64-linux-gnu/gio/modules/libdconfsettings.so
7fe1fbbed000-7fe1fbbfd000 r-xp 00000000 fc:02 4591567                    /usr/lib/liboverlay-scrollbar-0.2.so.0.0.16
7fe1fbbfd000-7fe1fbdfc000 ---p 00010000 fc:02 4591567                    /usr/lib/liboverlay-scrollbar-0.2.so.0.0.16
7fe1fbdfc000-7fe1fbdfd000 r--p 0000f000 fc:02 4591567                    /usr/lib/liboverlay-scrollbar-0.2.so.0.0.16
7fe1fbdfd000-7fe1fbdfe000 rw-p 00010000 fc:02 4591567                    /usr/lib/liboverlay-scrollbar-0.2.so.0.0.16
7fe1fbdfe000-7fe1fbdff000 r-xp 00000000 fc:02 4588055                    /usr/lib/x86_64-linux-gnu/libgthread-2.0.so.0.3200.4
7fe1fbdff000-7fe1fbffe000 ---p 00001000 fc:02 4588055                    /usr/lib/x86_64-linux-gnu/libgthread-2.0.so.0.3200.4
7fe1fbffe000-7fe1fbfff000 r--p 00000000 fc:02 4588055                    /usr/lib/x86_64-linux-gnu/libgthread-2.0.so.0.3200.4
7fe1fbfff000-7fe1fc000000 rw-p 00001000 fc:02 4588055                    /usr/lib/x86_64-linux-gnu/libgthread-2.0.so.0.3200.4
7fe1fc000000-7fe1fc021000 rw-p 00000000 00:00 0 
7fe1fc021000-7fe200000000 ---p 00000000 00:00 0 
7fe200000000-7fe200028000 rw-p 00000000 00:00 0 
7fe200028000-7fe204000000 ---p 00000000 00:00 0 
7fe204000000-7fe204021000 rw-p 00000000 00:00 0 
7fe204021000-7fe208000000 ---p 00000000 00:00 0 
7fe208000000-7fe208021000 rw-p 00000000 00:00 0 
7fe208021000-7fe20c000000 ---p 00000000 00:00 0 
7fe20c000000-7fe20c337000 rw-p 00000000 00:00 0 
7fe20c337000-7fe210000000 ---p 00000000 00:00 0 
7fe210000000-7fe210647000 rw-p 00000000 00:00 0 
7fe210647000-7fe214000000 ---p 00000000 00:00 0 
7fe214000000-7fe214021000 rw-p 00000000 00:00 0 
7fe214021000-7fe218000000 ---p 00000000 00:00 0 
7fe218000000-7fe218021000 rw-p 00000000 00:00 0 
7fe218021000-7fe21c000000 ---p 00000000 00:00 0 
7fe21c000000-7fe21c021000 rw-p 00000000 00:00 0 
7fe21c021000-7fe220000000 ---p 00000000 00:00 0 
7fe2200c3000-7fe2200ff000 r-xp 00000000 fc:02 790239                     /lib/x86_64-linux-gnu/libpcre.so.3.12.1
7fe2200ff000-7fe2202fe000 ---p 0003c000 fc:02 790239                     /lib/x86_64-linux-gnu/libpcre.so.3.12.1
7fe2202fe000-7fe2202ff000 r--p 0003b000 fc:02 790239                     /lib/x86_64-linux-gnu/libpcre.so.3.12.1
7fe2202ff000-7fe220300000 rw-p 0003c000 fc:02 790239                     /lib/x86_64-linux-gnu/libpcre.so.3.12.1
7fe220300000-7fe228000000 rw-p 00000000 00:00 0 
7fe228000000-7fe228021000 rw-p 00000000 00:00 0 
7fe228021000-7fe22c000000 ---p 00000000 00:00 0 
7fe22c000000-7fe22c021000 rw-p 00000000 00:00 0 
7fe22c021000-7fe230000000 ---p 00000000 00:00 0 
7fe230000000-7fe230021000 rw-p 00000000 00:00 0 
7fe230021000-7fe234000000 ---p 00000000 00:00 0 
7fe234000000-7fe234021000 rw-p 00000000 00:00 0 
7fe234021000-7fe238000000 ---p 00000000 00:00 0 
7fe238000000-7fe238021000 rw-p 00000000 00:00 0 
7fe238021000-7fe23c000000 ---p 00000000 00:00 0 
7fe23c053000-7fe23c0b3000 rw-s 00000000 00:04 7471137                    /SYSV00000000 (deleted)
7fe23c0b3000-7fe23c0bc000 r--s 00251000 fc:02 3032148                    /home/mdurocher/tools/jdk1.7.0_60/jre/lib/resources.jar
7fe23c0bc000-7fe23c10e000 r--p 00000000 fc:02 5245776                    /usr/share/fonts/truetype/ttf-dejavu/DejaVuSansMono.ttf
7fe23c10e000-7fe23c165000 r--p 00000000 fc:02 5245823                    /usr/share/fonts/truetype/ubuntu-font-family/Ubuntu-R.ttf
7fe23c165000-7fe23c169000 r--s 00000000 fc:02 3159199                    /var/cache/fontconfig/5e10083637a12ecd1bff191eb66bfa2f-le64.cache-3
7fe23c169000-7fe23c16a000 r--s 00000000 fc:02 3164086                    /var/cache/fontconfig/c05880de57d1f5e948fdfacc138775d9-le64.cache-3
7fe23c16a000-7fe23c173000 r--s 00000000 fc:02 3145816                    /var/cache/fontconfig/945677eb7aeaf62f1d50efc3fb3ec7d8-le64.cache-3
7fe23c173000-7fe23c175000 r--s 00000000 fc:02 3145817                    /var/cache/fontconfig/99e8ed0e538f840c565b6ed5dad60d56-le64.cache-3
7fe23c175000-7fe23c179000 r--s 00000000 fc:02 3145803                    /var/cache/fontconfig/2cd17615ca594fa2959ae173292e504c-le64.cache-3
7fe23c179000-7fe23c17d000 r--s 00000000 fc:02 3145818                    /var/cache/fontconfig/a46337af8a0b4c9b317ad981ec3bdf87-le64.cache-3
7fe23c17d000-7fe23c184000 r-xp 00000000 fc:02 4596167                    /usr/lib/x86_64-linux-gnu/libffi.so.6.0.0
7fe23c184000-7fe23c383000 ---p 00007000 fc:02 4596167                    /usr/lib/x86_64-linux-gnu/libffi.so.6.0.0
7fe23c383000-7fe23c384000 r--p 00006000 fc:02 4596167                    /usr/lib/x86_64-linux-gnu/libffi.so.6.0.0
7fe23c384000-7fe23c385000 rw-p 00007000 fc:02 4596167                    /usr/lib/x86_64-linux-gnu/libffi.so.6.0.0
7fe23c385000-7fe23c3ac000 r-xp 00000000 fc:02 790184                     /lib/x86_64-linux-gnu/libexpat.so.1.5.2
7fe23c3ac000-7fe23c5ac000 ---p 00027000 fc:02 790184                     /lib/x86_64-linux-gnu/libexpat.so.1.5.2
7fe23c5ac000-7fe23c5ae000 r--p 00027000 fc:02 790184                     /lib/x86_64-linux-gnu/libexpat.so.1.5.2
7fe23c5ae000-7fe23c5af000 rw-p 00029000 fc:02 790184                     /lib/x86_64-linux-gnu/libexpat.so.1.5.2
7fe23c5af000-7fe23c5c7000 r-xp 00000000 fc:02 787290                     /lib/x86_64-linux-gnu/libresolv-2.15.so
7fe23c5c7000-7fe23c7c7000 ---p 00018000 fc:02 787290                     /lib/x86_64-linux-gnu/libresolv-2.15.so
7fe23c7c7000-7fe23c7c8000 r--p 00018000 fc:02 787290                     /lib/x86_64-linux-gnu/libresolv-2.15.so
7fe23c7c8000-7fe23c7c9000 rw-p 00019000 fc:02 787290                     /lib/x86_64-linux-gnu/libresolv-2.15.so
7fe23c7c9000-7fe23c7cb000 rw-p 00000000 00:00 0 
7fe23c7cb000-7fe23c7e8000 r-xp 00000000 fc:02 790254                     /lib/x86_64-linux-gnu/libselinux.so.1
7fe23c7e8000-7fe23c9e7000 ---p 0001d000 fc:02 790254                     /lib/x86_64-linux-gnu/libselinux.so.1
7fe23c9e7000-7fe23c9e8000 r--p 0001c000 fc:02 790254                     /lib/x86_64-linux-gnu/libselinux.so.1
7fe23c9e8000-7fe23c9e9000 rw-p 0001d000 fc:02 790254                     /lib/x86_64-linux-gnu/libselinux.so.1
7fe23c9e9000-7fe23c9ea000 rw-p 00000000 00:00 0 
7fe23c9ea000-7fe23c9ed000 r-xp 00000000 fc:02 4588037                    /usr/lib/x86_64-linux-gnu/libgmodule-2.0.so.0.3200.4
7fe23c9ed000-7fe23cbec000 ---p 00003000 fc:02 4588037                    /usr/lib/x86_64-linux-gnu/libgmodule-2.0.so.0.3200.4
7fe23cbec000-7fe23cbed000 r--p 00002000 fc:02 4588037                    /usr/lib/x86_64-linux-gnu/libgmodule-2.0.so.0.3200.4
7fe23cbed000-7fe23cbee000 rw-p 00003000 fc:02 4588037                    /usr/lib/x86_64-linux-gnu/libgmodule-2.0.so.0.3200.4
7fe23cbee000-7fe23cc04000 r-xp 00000000 fc:02 790277                     /lib/x86_64-linux-gnu/libz.so.1.2.3.4
7fe23cc04000-7fe23ce03000 ---p 00016000 fc:02 790277                     /lib/x86_64-linux-gnu/libz.so.1.2.3.4
7fe23ce03000-7fe23ce04000 r--p 00015000 fc:02 790277                     /lib/x86_64-linux-gnu/libz.so.1.2.3.4
7fe23ce04000-7fe23ce05000 rw-p 00016000 fc:02 790277                     /lib/x86_64-linux-gnu/libz.so.1.2.3.4
7fe23ce05000-7fe23ce0d000 r-xp 00000000 fc:02 4592106                    /usr/lib/x86_64-linux-gnu/libxcb-render.so.0.0.0
7fe23ce0d000-7fe23d00d000 ---p 00008000 fc:02 4592106                    /usr/lib/x86_64-linux-gnu/libxcb-render.so.0.0.0
7fe23d00d000-7fe23d00e000 r--p 00008000 fc:02 4592106                    /usr/lib/x86_64-linux-gnu/libxcb-render.so.0.0.0
7fe23d00e000-7fe23d00f000 rw-p 00009000 fc:02 4592106                    /usr/lib/x86_64-linux-gnu/libxcb-render.so.0.0.0
7fe23d00f000-7fe23d011000 r-xp 00000000 fc:02 4592116                    /usr/lib/x86_64-linux-gnu/libxcb-shm.so.0.0.0
7fe23d011000-7fe23d210000 ---p 00002000 fc:02 4592116                    /usr/lib/x86_64-linux-gnu/libxcb-shm.so.0.0.0
7fe23d210000-7fe23d211000 r--p 00001000 fc:02 4592116                    /usr/lib/x86_64-linux-gnu/libxcb-shm.so.0.0.0
7fe23d211000-7fe23d212000 rw-p 00002000 fc:02 4592116                    /usr/lib/x86_64-linux-gnu/libxcb-shm.so.0.0.0
7fe23d212000-7fe23d238000 r-xp 00000000 fc:02 790243                     /lib/x86_64-linux-gnu/libpng12.so.0.46.0
7fe23d238000-7fe23d438000 ---p 00026000 fc:02 790243                     /lib/x86_64-linux-gnu/libpng12.so.0.46.0
7fe23d438000-7fe23d439000 r--p 00026000 fc:02 790243                     /lib/x86_64-linux-gnu/libpng12.so.0.46.0
7fe23d439000-7fe23d43a000 rw-p 00027000 fc:02 790243                     /lib/x86_64-linux-gnu/libpng12.so.0.46.0
7fe23d43a000-7fe23d4ca000 r-xp 00000000 fc:02 4587984                    /usr/lib/x86_64-linux-gnu/libpixman-1.so.0.30.2
7fe23d4ca000-7fe23d6c9000 ---p 00090000 fc:02 4587984                    /usr/lib/x86_64-linux-gnu/libpixman-1.so.0.30.2
7fe23d6c9000-7fe23d6d0000 r--p 0008f000 fc:02 4587984                    /usr/lib/x86_64-linux-gnu/libpixman-1.so.0.30.2
7fe23d6d0000-7fe23d6d1000 rw-p 00096000 fc:02 4587984                    /usr/lib/x86_64-linux-gnu/libpixman-1.so.0.30.2
7fe23d6d1000-7fe23d767000 r-xp 00000000 fc:02 4596177                    /usr/lib/x86_64-linux-gnu/libfreetype.so.6.8.0
7fe23d767000-7fe23d966000 ---p 00096000 fc:02 4596177                    /usr/lib/x86_64-linux-gnu/libfreetype.so.6.8.0
7fe23d966000-7fe23d96c000 r--p 00095000 fc:02 4596177                    /usr/lib/x86_64-linux-gnu/libfreetype.so.6.8.0
7fe23d96c000-7fe23d96d000 rw-p 0009b000 fc:02 4596177                    /usr/lib/x86_64-linux-gnu/libfreetype.so.6.8.0
7fe23d96d000-7fe23d96f000 r-xp 00000000 fc:02 4595977                    /usr/lib/x86_64-linux-gnu/libXdamage.so.1.1.0
7fe23d96f000-7fe23db6e000 ---p 00002000 fc:02 4595977                    /usr/lib/x86_64-linux-gnu/libXdamage.so.1.1.0
7fe23db6e000-7fe23db6f000 r--p 00001000 fc:02 4595977                    /usr/lib/x86_64-linux-gnu/libXdamage.so.1.1.0
7fe23db6f000-7fe23db70000 rw-p 00002000 fc:02 4595977                    /usr/lib/x86_64-linux-gnu/libXdamage.so.1.1.0
7fe23db70000-7fe23db72000 r-xp 00000000 fc:02 4595973                    /usr/lib/x86_64-linux-gnu/libXcomposite.so.1.0.0
7fe23db72000-7fe23dd71000 ---p 00002000 fc:02 4595973                    /usr/lib/x86_64-linux-gnu/libXcomposite.so.1.0.0
7fe23dd71000-7fe23dd72000 r--p 00001000 fc:02 4595973                    /usr/lib/x86_64-linux-gnu/libXcomposite.so.1.0.0
7fe23dd72000-7fe23dd73000 rw-p 00002000 fc:02 4595973                    /usr/lib/x86_64-linux-gnu/libXcomposite.so.1.0.0
7fe23dd73000-7fe23dd7a000 r-xp 00000000 fc:02 4590413                    /usr/lib/x86_64-linux-gnu/libXrandr.so.2.2.0
7fe23dd7a000-7fe23df79000 ---p 00007000 fc:02 4590413                    /usr/lib/x86_64-linux-gnu/libXrandr.so.2.2.0
7fe23df79000-7fe23df7a000 r--p 00006000 fc:02 4590413                    /usr/lib/x86_64-linux-gnu/libXrandr.so.2.2.0
7fe23df7a000-7fe23df7b000 rw-p 00007000 fc:02 4590413                    /usr/lib/x86_64-linux-gnu/libXrandr.so.2.2.0
7fe23df7b000-7fe23df7d000 r-xp 00000000 fc:02 4590409                    /usr/lib/x86_64-linux-gnu/libXinerama.so.1.0.0
7fe23df7d000-7fe23e17c000 ---p 00002000 fc:02 4590409                    /usr/lib/x86_64-linux-gnu/libXinerama.so.1.0.0
7fe23e17c000-7fe23e17d000 r--p 00001000 fc:02 4590409                    /usr/lib/x86_64-linux-gnu/libXinerama.so.1.0.0
7fe23e17d000-7fe23e17e000 rw-p 00002000 fc:02 4590409                    /usr/lib/x86_64-linux-gnu/libXinerama.so.1.0.0
7fe23e17e000-7fe23e270000 r-xp 00000000 fc:02 787319                     /lib/x86_64-linux-gnu/libglib-2.0.so.0.3200.4
7fe23e270000-7fe23e470000 ---p 000f2000 fc:02 787319                     /lib/x86_64-linux-gnu/libglib-2.0.so.0.3200.4
7fe23e470000-7fe23e471000 r--p 000f2000 fc:02 787319                     /lib/x86_64-linux-gnu/libglib-2.0.so.0.3200.4
7fe23e471000-7fe23e472000 rw-p 000f3000 fc:02 787319                     /lib/x86_64-linux-gnu/libglib-2.0.so.0.3200.4
7fe23e472000-7fe23e473000 rw-p 00000000 00:00 0 
7fe23e473000-7fe23e4c0000 r-xp 00000000 fc:02 4590870                    /usr/lib/x86_64-linux-gnu/libgobject-2.0.so.0.3200.4
7fe23e4c0000-7fe23e6c0000 ---p 0004d000 fc:02 4590870                    /usr/lib/x86_64-linux-gnu/libgobject-2.0.so.0.3200.4
7fe23e6c0000-7fe23e6c1000 r--p 0004d000 fc:02 4590870                    /usr/lib/x86_64-linux-gnu/libgobject-2.0.so.0.3200.4
7fe23e6c1000-7fe23e6c2000 rw-p 0004e000 fc:02 4590870                    /usr/lib/x86_64-linux-gnu/libgobject-2.0.so.0.3200.4
7fe23e6c2000-7fe23e6f6000 r-xp 00000000 fc:02 4596169                    /usr/lib/x86_64-linux-gnu/libfontconfig.so.1.4.4
7fe23e6f6000-7fe23e8f6000 ---p 00034000 fc:02 4596169                    /usr/lib/x86_64-linux-gnu/libfontconfig.so.1.4.4
7fe23e8f6000-7fe23e8f7000 r--p 00034000 fc:02 4596169                    /usr/lib/x86_64-linux-gnu/libfontconfig.so.1.4.4
7fe23e8f7000-7fe23e8f8000 rw-p 00035000 fc:02 4596169                    /usr/lib/x86_64-linux-gnu/libfontconfig.so.1.4.4
7fe23e8f8000-7fe23e93e000 r-xp 00000000 fc:02 4596438                    /usr/lib/x86_64-linux-gnu/libpango-1.0.so.0.3000.0
7fe23e93e000-7fe23eb3e000 ---p 00046000 fc:02 4596438                    /usr/lib/x86_64-linux-gnu/libpango-1.0.so.0.3000.0
7fe23eb3e000-7fe23eb40000 r--p 00046000 fc:02 4596438                    /usr/lib/x86_64-linux-gnu/libpango-1.0.so.0.3000.0
7fe23eb40000-7fe23eb41000 rw-p 00048000 fc:02 4596438                    /usr/lib/x86_64-linux-gnu/libpango-1.0.so.0.3000.0
7fe23eb41000-7fe23eb6a000 r-xp 00000000 fc:02 4596442                    /usr/lib/x86_64-linux-gnu/libpangoft2-1.0.so.0.3000.0
7fe23eb6a000-7fe23ed69000 ---p 00029000 fc:02 4596442                    /usr/lib/x86_64-linux-gnu/libpangoft2-1.0.so.0.3000.0
7fe23ed69000-7fe23ed6a000 r--p 00028000 fc:02 4596442                    /usr/lib/x86_64-linux-gnu/libpangoft2-1.0.so.0.3000.0
7fe23ed6a000-7fe23ed6b000 rw-p 00029000 fc:02 4596442                    /usr/lib/x86_64-linux-gnu/libpangoft2-1.0.so.0.3000.0
7fe23ed6b000-7fe23eeb3000 r-xp 00000000 fc:02 4590869                    /usr/lib/x86_64-linux-gnu/libgio-2.0.so.0.3200.4
7fe23eeb3000-7fe23f0b2000 ---p 00148000 fc:02 4590869                    /usr/lib/x86_64-linux-gnu/libgio-2.0.so.0.3200.4
7fe23f0b2000-7fe23f0b6000 r--p 00147000 fc:02 4590869                    /usr/lib/x86_64-linux-gnu/libgio-2.0.so.0.3200.4
7fe23f0b6000-7fe23f0b8000 rw-p 0014b000 fc:02 4590869                    /usr/lib/x86_64-linux-gnu/libgio-2.0.so.0.3200.4
7fe23f0b8000-7fe23f0ba000 rw-p 00000000 00:00 0 
7fe23f0ba000-7fe23f0d8000 r-xp 00000000 fc:02 4593108                    /usr/lib/x86_64-linux-gnu/libgdk_pixbuf-2.0.so.0.2600.1
7fe23f0d8000-7fe23f2d8000 ---p 0001e000 fc:02 4593108                    /usr/lib/x86_64-linux-gnu/libgdk_pixbuf-2.0.so.0.2600.1
7fe23f2d8000-7fe23f2d9000 r--p 0001e000 fc:02 4593108                    /usr/lib/x86_64-linux-gnu/libgdk_pixbuf-2.0.so.0.2600.1
7fe23f2d9000-7fe23f2da000 rw-p 0001f000 fc:02 4593108                    /usr/lib/x86_64-linux-gnu/libgdk_pixbuf-2.0.so.0.2600.1
7fe23f2da000-7fe23f393000 r-xp 00000000 fc:02 4596075                    /usr/lib/x86_64-linux-gnu/libcairo.so.2.11000.2
7fe23f393000-7fe23f592000 ---p 000b9000 fc:02 4596075                    /usr/lib/x86_64-linux-gnu/libcairo.so.2.11000.2
7fe23f592000-7fe23f594000 r--p 000b8000 fc:02 4596075                    /usr/lib/x86_64-linux-gnu/libcairo.so.2.11000.2
7fe23f594000-7fe23f595000 rw-p 000ba000 fc:02 4596075                    /usr/lib/x86_64-linux-gnu/libcairo.so.2.11000.2
7fe23f595000-7fe23f598000 rw-p 00000000 00:00 0 
7fe23f598000-7fe23f5b7000 r-xp 00000000 fc:02 4596031                    /usr/lib/x86_64-linux-gnu/libatk-1.0.so.0.20409.1
7fe23f5b7000-7fe23f7b7000 ---p 0001f000 fc:02 4596031                    /usr/lib/x86_64-linux-gnu/libatk-1.0.so.0.20409.1
7fe23f7b7000-7fe23f7b9000 r--p 0001f000 fc:02 4596031                    /usr/lib/x86_64-linux-gnu/libatk-1.0.so.0.20409.1
7fe23f7b9000-7fe23f7ba000 rw-p 00021000 fc:02 4596031                    /usr/lib/x86_64-linux-gnu/libatk-1.0.so.0.20409.1
7fe23f7ba000-7fe23f7c5000 r-xp 00000000 fc:02 4596440                    /usr/lib/x86_64-linux-gnu/libpangocairo-1.0.so.0.3000.0
7fe23f7c5000-7fe23f9c4000 ---p 0000b000 fc:02 4596440                    /usr/lib/x86_64-linux-gnu/libpangocairo-1.0.so.0.3000.0
7fe23f9c4000-7fe23f9c5000 r--p 0000a000 fc:02 4596440                    /usr/lib/x86_64-linux-gnu/libpangocairo-1.0.so.0.3000.0
7fe23f9c5000-7fe23f9c6000 rw-p 0000b000 fc:02 4596440                    /usr/lib/x86_64-linux-gnu/libpangocairo-1.0.so.0.3000.0
7fe23f9c6000-7fe23fdf4000 r-xp 00000000 fc:02 4592048                    /usr/lib/x86_64-linux-gnu/libgtk-x11-2.0.so.0.2400.10
7fe23fdf4000-7fe23fff3000 ---p 0042e000 fc:02 4592048                    /usr/lib/x86_64-linux-gnu/libgtk-x11-2.0.so.0.2400.10
7fe23fff3000-7fe23fffa000 r--p 0042d000 fc:02 4592048                    /usr/lib/x86_64-linux-gnu/libgtk-x11-2.0.so.0.2400.10
7fe23fffa000-7fe23fffe000 rw-p 00434000 fc:02 4592048                    /usr/lib/x86_64-linux-gnu/libgtk-x11-2.0.so.0.2400.10
7fe23fffe000-7fe240000000 rw-p 00000000 00:00 0 
7fe240000000-7fe240021000 rw-p 00000000 00:00 0 
7fe240021000-7fe244000000 ---p 00000000 00:00 0 
7fe244001000-7fe244002000 r--s 00000000 fc:02 3145829                    /var/cache/fontconfig/e7071f4a29fa870f4323321c154eba04-le64.cache-3
7fe244002000-7fe244003000 r--s 00000000 fc:02 3145801                    /var/cache/fontconfig/0d8c3b2ac0904cb8a57a757ad11a4a08-le64.cache-3
7fe244003000-7fe244009000 r--s 00000000 fc:02 3145819                    /var/cache/fontconfig/a755afe4a08bf5b97852ceb7400b47bc-le64.cache-3
7fe244009000-7fe244012000 r--s 00000000 fc:02 3145812                    /var/cache/fontconfig/6d41288fd70b0be22e8c3a91e032eec0-le64.cache-3
7fe244012000-7fe244015000 r--s 00000000 fc:02 3145826                    /var/cache/fontconfig/de156ccd2eddbdc19d37a45b8b2aac9c-le64.cache-3
7fe244015000-7fe244025000 r--s 00000000 fc:02 3145800                    /var/cache/fontconfig/04aabc0a78ac019cf9454389977116d2-le64.cache-3
7fe244025000-7fe244028000 r--s 00000000 fc:02 3145806                    /var/cache/fontconfig/385c0604a188198f04d133e54aba7fe7-le64.cache-3
7fe244028000-7fe244029000 r--s 00000000 fc:02 3164095                    /var/cache/fontconfig/4794a0821666d79190d59a36cb4f44b5-le64.cache-3
7fe244029000-7fe24402c000 r--s 00000000 fc:02 3145815                    /var/cache/fontconfig/8801497958630a81b71ace7c5f9b32a8-le64.cache-3
7fe24402c000-7fe244031000 r--s 00000000 fc:02 3145804                    /var/cache/fontconfig/3047814df9a2f067bd2d96a2b9c36e5a-le64.cache-3
7fe244031000-7fe244032000 r--s 00000000 fc:02 3145808                    /var/cache/fontconfig/56cf4f4769d0f4abc89a4895d7bd3ae1-le64.cache-3
7fe244032000-7fe244033000 r--s 00000000 fc:02 3145821                    /var/cache/fontconfig/b9d506c9ac06c20b433354fa67a72993-le64.cache-3
7fe244033000-7fe244038000 r--s 00000000 fc:02 3145820                    /var/cache/fontconfig/b47c4e1ecd0709278f4910c18777a504-le64.cache-3
7fe244038000-7fe24403b000 r--s 00000000 fc:02 3164094                    /var/cache/fontconfig/e49e89034d371f0f9de17aab02136486-le64.cache-3
7fe24403b000-7fe24403d000 r--s 00000000 fc:02 3164093                    /var/cache/fontconfig/4b14b093aebc79c320de5e86ae1d3314-le64.cache-3
7fe24403d000-7fe24404d000 r--s 00000000 fc:02 3145824                    /var/cache/fontconfig/d52a8644073d54c13679302ca1180695-le64.cache-3
7fe24406b000-7fe244118000 r-xp 00000000 fc:02 4588794                    /usr/lib/x86_64-linux-gnu/libgdk-x11-2.0.so.0.2400.10
7fe244118000-7fe244317000 ---p 000ad000 fc:02 4588794                    /usr/lib/x86_64-linux-gnu/libgdk-x11-2.0.so.0.2400.10
7fe244317000-7fe24431b000 r--p 000ac000 fc:02 4588794                    /usr/lib/x86_64-linux-gnu/libgdk-x11-2.0.so.0.2400.10
7fe24431b000-7fe24431d000 rw-p 000b0000 fc:02 4588794                    /usr/lib/x86_64-linux-gnu/libgdk-x11-2.0.so.0.2400.10
7fe24431d000-7fe244320000 ---p 00000000 00:00 0 
7fe244320000-7fe24441e000 rw-p 00000000 00:00 0                          [stack:19607]
7fe24441e000-7fe244423000 r-xp 00000000 fc:02 4590390                    /usr/lib/x86_64-linux-gnu/libXfixes.so.3.1.0
7fe244423000-7fe244622000 ---p 00005000 fc:02 4590390                    /usr/lib/x86_64-linux-gnu/libXfixes.so.3.1.0
7fe244622000-7fe244623000 r--p 00004000 fc:02 4590390                    /usr/lib/x86_64-linux-gnu/libXfixes.so.3.1.0
7fe244623000-7fe244624000 rw-p 00005000 fc:02 4590390                    /usr/lib/x86_64-linux-gnu/libXfixes.so.3.1.0
7fe244624000-7fe24462d000 r-xp 00000000 fc:02 4590397                    /usr/lib/x86_64-linux-gnu/libXcursor.so.1.0.2
7fe24462d000-7fe24482c000 ---p 00009000 fc:02 4590397                    /usr/lib/x86_64-linux-gnu/libXcursor.so.1.0.2
7fe24482c000-7fe24482d000 r--p 00008000 fc:02 4590397                    /usr/lib/x86_64-linux-gnu/libXcursor.so.1.0.2
7fe24482d000-7fe24482e000 rw-p 00009000 fc:02 4590397                    /usr/lib/x86_64-linux-gnu/libXcursor.so.1.0.2
7fe24482e000-7fe244831000 ---p 00000000 00:00 0 
7fe244831000-7fe24492f000 rw-p 00000000 00:00 0                          [stack:19606]
7fe24492f000-7fe244934000 r-xp 00000000 fc:02 4595979                    /usr/lib/x86_64-linux-gnu/libXdmcp.so.6.0.0
7fe244934000-7fe244b33000 ---p 00005000 fc:02 4595979                    /usr/lib/x86_64-linux-gnu/libXdmcp.so.6.0.0
7fe244b33000-7fe244b34000 r--p 00004000 fc:02 4595979                    /usr/lib/x86_64-linux-gnu/libXdmcp.so.6.0.0
7fe244b34000-7fe244b35000 rw-p 00005000 fc:02 4595979                    /usr/lib/x86_64-linux-gnu/libXdmcp.so.6.0.0
7fe244b35000-7fe244b37000 r-xp 00000000 fc:02 4595968                    /usr/lib/x86_64-linux-gnu/libXau.so.6.0.0
7fe244b37000-7fe244d36000 ---p 00002000 fc:02 4595968                    /usr/lib/x86_64-linux-gnu/libXau.so.6.0.0
7fe244d36000-7fe244d37000 r--p 00001000 fc:02 4595968                    /usr/lib/x86_64-linux-gnu/libXau.so.6.0.0
7fe244d37000-7fe244d38000 rw-p 00002000 fc:02 4595968                    /usr/lib/x86_64-linux-gnu/libXau.so.6.0.0
7fe244d38000-7fe244d55000 r-xp 00000000 fc:02 4590379                    /usr/lib/x86_64-linux-gnu/libxcb.so.1.1.0
7fe244d55000-7fe244f54000 ---p 0001d000 fc:02 4590379                    /usr/lib/x86_64-linux-gnu/libxcb.so.1.1.0
7fe244f54000-7fe244f55000 r--p 0001c000 fc:02 4590379                    /usr/lib/x86_64-linux-gnu/libxcb.so.1.1.0
7fe244f55000-7fe244f56000 rw-p 0001d000 fc:02 4590379                    /usr/lib/x86_64-linux-gnu/libxcb.so.1.1.0
7fe244f56000-7fe244f65000 r-xp 00000000 fc:02 4590404                    /usr/lib/x86_64-linux-gnu/libXi.so.6.1.0
7fe244f65000-7fe245164000 ---p 0000f000 fc:02 4590404                    /usr/lib/x86_64-linux-gnu/libXi.so.6.1.0
7fe245164000-7fe245165000 r--p 0000e000 fc:02 4590404                    /usr/lib/x86_64-linux-gnu/libXi.so.6.1.0
7fe245165000-7fe245166000 rw-p 0000f000 fc:02 4590404                    /usr/lib/x86_64-linux-gnu/libXi.so.6.1.0
7fe245166000-7fe24516b000 r-xp 00000000 fc:02 4592131                    /usr/lib/x86_64-linux-gnu/libXtst.so.6.1.0
7fe24516b000-7fe24536a000 ---p 00005000 fc:02 4592131                    /usr/lib/x86_64-linux-gnu/libXtst.so.6.1.0
7fe24536a000-7fe24536b000 r--p 00004000 fc:02 4592131                    /usr/lib/x86_64-linux-gnu/libXtst.so.6.1.0
7fe24536b000-7fe24536c000 rw-p 00005000 fc:02 4592131                    /usr/lib/x86_64-linux-gnu/libXtst.so.6.1.0
7fe24536c000-7fe245375000 r-xp 00000000 fc:02 4590391                    /usr/lib/x86_64-linux-gnu/libXrender.so.1.3.0
7fe245375000-7fe245574000 ---p 00009000 fc:02 4590391                    /usr/lib/x86_64-linux-gnu/libXrender.so.1.3.0
7fe245574000-7fe245575000 r--p 00008000 fc:02 4590391                    /usr/lib/x86_64-linux-gnu/libXrender.so.1.3.0
7fe245575000-7fe245576000 rw-p 00009000 fc:02 4590391                    /usr/lib/x86_64-linux-gnu/libXrender.so.1.3.0
7fe245576000-7fe2456a6000 r-xp 00000000 fc:02 4593516                    /usr/lib/x86_64-linux-gnu/libX11.so.6.3.0
7fe2456a6000-7fe2458a6000 ---p 00130000 fc:02 4593516                    /usr/lib/x86_64-linux-gnu/libX11.so.6.3.0
7fe2458a6000-7fe2458a7000 r--p 00130000 fc:02 4593516                    /usr/lib/x86_64-linux-gnu/libX11.so.6.3.0
7fe2458a7000-7fe2458ab000 rw-p 00131000 fc:02 4593516                    /usr/lib/x86_64-linux-gnu/libX11.so.6.3.0
7fe2458ab000-7fe2458bb000 r-xp 00000000 fc:02 4590401                    /usr/lib/x86_64-linux-gnu/libXext.so.6.4.0
7fe2458bb000-7fe245aba000 ---p 00010000 fc:02 4590401                    /usr/lib/x86_64-linux-gnu/libXext.so.6.4.0
7fe245aba000-7fe245abb000 r--p 0000f000 fc:02 4590401                    /usr/lib/x86_64-linux-gnu/libXext.so.6.4.0
7fe245abb000-7fe245abc000 rw-p 00010000 fc:02 4590401                    /usr/lib/x86_64-linux-gnu/libXext.so.6.4.0
7fe245ad6000-7fe245b26000 r-xp 00000000 fc:02 3032060                    /home/mdurocher/tools/jdk1.7.0_60/jre/lib/amd64/xawt/libmawt.so
7fe245b26000-7fe245d26000 ---p 00050000 fc:02 3032060                    /home/mdurocher/tools/jdk1.7.0_60/jre/lib/amd64/xawt/libmawt.so
7fe245d26000-7fe245d2a000 rw-p 00050000 fc:02 3032060                    /home/mdurocher/tools/jdk1.7.0_60/jre/lib/amd64/xawt/libmawt.so
7fe245d2a000-7fe245d2b000 rw-p 00000000 00:00 0 
7fe245d2b000-7fe245dcd000 r-xp 00000000 fc:02 3032040                    /home/mdurocher/tools/jdk1.7.0_60/jre/lib/amd64/libawt.so
7fe245dcd000-7fe245fcd000 ---p 000a2000 fc:02 3032040                    /home/mdurocher/tools/jdk1.7.0_60/jre/lib/amd64/libawt.so
7fe245fcd000-7fe245fd9000 rw-p 000a2000 fc:02 3032040                    /home/mdurocher/tools/jdk1.7.0_60/jre/lib/amd64/libawt.so
7fe245fd9000-7fe245ffd000 rw-p 00000000 00:00 0 
7fe245ffd000-7fe245ffe000 ---p 00000000 00:00 0 
7fe245ffe000-7fe2460fe000 rw-p 00000000 00:00 0                          [stack:19605]
7fe2460fe000-7fe246101000 ---p 00000000 00:00 0 
7fe246101000-7fe2461ff000 rw-p 00000000 00:00 0                          [stack:19604]
7fe2461ff000-7fe246202000 ---p 00000000 00:00 0 
7fe246202000-7fe246300000 rw-p 00000000 00:00 0                          [stack:19603]
7fe246300000-7fe246303000 ---p 00000000 00:00 0 
7fe246303000-7fe246401000 rw-p 00000000 00:00 0                          [stack:19602]
7fe246401000-7fe246404000 ---p 00000000 00:00 0 
7fe246404000-7fe246502000 rw-p 00000000 00:00 0                          [stack:19601]
7fe246502000-7fe246be5000 r--p 00000000 fc:02 4595266                    /usr/lib/locale/locale-archive
7fe246be5000-7fe246be8000 ---p 00000000 00:00 0 
7fe246be8000-7fe246ce6000 rw-p 00000000 00:00 0                          [stack:19600]
7fe246ce6000-7fe246ce9000 ---p 00000000 00:00 0 
7fe246ce9000-7fe246de7000 rw-p 00000000 00:00 0                          [stack:19599]
7fe246de7000-7fe246de8000 ---p 00000000 00:00 0 
7fe246de8000-7fe248000000 rw-p 00000000 00:00 0                          [stack:19598]
7fe248000000-7fe248021000 rw-p 00000000 00:00 0 
7fe248021000-7fe24c000000 ---p 00000000 00:00 0 
7fe24c000000-7fe24c021000 rw-p 00000000 00:00 0 
7fe24c021000-7fe250000000 ---p 00000000 00:00 0 
7fe250000000-7fe250021000 rw-p 00000000 00:00 0 
7fe250021000-7fe254000000 ---p 00000000 00:00 0 
7fe254007000-7fe255000000 rw-p 00000000 00:00 0 
7fe255000000-7fe255270000 rwxp 00000000 00:00 0 
7fe255270000-7fe2583d0000 rw-p 00000000 00:00 0 
7fe2583d0000-7fe25c000000 ---p 00000000 00:00 0 
7fe25c003000-7fe25c00e000 r--s 00000000 fc:02 3154765                    /var/cache/fontconfig/e13b20fdb08344e0e664864cc2ede53d-le64.cache-3
7fe25c096000-7fe25c0c7000 rw-p 00000000 00:00 0 
7fe25c0c7000-7fe25c0e8000 r--p 00000000 fc:02 4849983                    /usr/share/glib-2.0/schemas/gschemas.compiled
7fe25c0e8000-7fe25c436000 rw-p 00000000 00:00 0 
7fe25c436000-7fe25c5f5000 r--s 039e2000 fc:02 3032182                    /home/mdurocher/tools/jdk1.7.0_60/jre/lib/rt.jar
7fe25c5f5000-7fe25c73d000 rw-p 00000000 00:00 0 
7fe25c73d000-7fe25c73e000 ---p 00000000 00:00 0 
7fe25c73e000-7fe25c83e000 rw-p 00000000 00:00 0                          [stack:19597]
7fe25c83e000-7fe25c83f000 ---p 00000000 00:00 0 
7fe25c83f000-7fe25c93f000 rw-p 00000000 00:00 0                          [stack:19596]
7fe25c93f000-7fe25c940000 ---p 00000000 00:00 0 
7fe25c940000-7fe25ca40000 rw-p 00000000 00:00 0                          [stack:19595]
7fe25ca40000-7fe25ca41000 ---p 00000000 00:00 0 
7fe25ca41000-7fe25cb41000 rw-p 00000000 00:00 0                          [stack:19594]
7fe25cb41000-7fe25cb42000 ---p 00000000 00:00 0 
7fe25cb42000-7fe25cc42000 rw-p 00000000 00:00 0                          [stack:19593]
7fe25cc42000-7fe25cc43000 ---p 00000000 00:00 0 
7fe25cc43000-7fe25cd43000 rw-p 00000000 00:00 0                          [stack:19592]
7fe25cd43000-7fe25cd44000 ---p 00000000 00:00 0 
7fe25cd44000-7fe25ce44000 rw-p 00000000 00:00 0                          [stack:19591]
7fe25ce44000-7fe25ce45000 ---p 00000000 00:00 0 
7fe25ce45000-7fe25cf54000 rw-p 00000000 00:00 0                          [stack:19590]
7fe25cf54000-7fe25cf56000 ---p 00000000 00:00 0 
7fe25cf56000-7fe25cf6e000 rw-p 00000000 00:00 0 
7fe25cf6e000-7fe25d488000 rw-p 00000000 00:00 0 
7fe25d488000-7fe25d497000 rw-p 00000000 00:00 0 
7fe25d497000-7fe25d499000 ---p 00000000 00:00 0 
7fe25d499000-7fe25d4b1000 rw-p 00000000 00:00 0 
7fe25d4b1000-7fe25d9cb000 rw-p 00000000 00:00 0 
7fe25d9cb000-7fe25da12000 rw-p 00000000 00:00 0 
7fe25da12000-7fe25da13000 ---p 00000000 00:00 0 
7fe25da13000-7fe25dc58000 rw-p 00000000 00:00 0 
7fe25dc58000-7fe25dc59000 rw-p 00000000 00:00 0 
7fe25dc59000-7fe25dc73000 r-xp 00000000 fc:02 3032090                    /home/mdurocher/tools/jdk1.7.0_60/jre/lib/amd64/libzip.so
7fe25dc73000-7fe25de73000 ---p 0001a000 fc:02 3032090                    /home/mdurocher/tools/jdk1.7.0_60/jre/lib/amd64/libzip.so
7fe25de73000-7fe25de74000 rw-p 0001a000 fc:02 3032090                    /home/mdurocher/tools/jdk1.7.0_60/jre/lib/amd64/libzip.so
7fe25de74000-7fe25de80000 r-xp 00000000 fc:02 787273                     /lib/x86_64-linux-gnu/libnss_files-2.15.so
7fe25de80000-7fe25e07f000 ---p 0000c000 fc:02 787273                     /lib/x86_64-linux-gnu/libnss_files-2.15.so
7fe25e07f000-7fe25e080000 r--p 0000b000 fc:02 787273                     /lib/x86_64-linux-gnu/libnss_files-2.15.so
7fe25e080000-7fe25e081000 rw-p 0000c000 fc:02 787273                     /lib/x86_64-linux-gnu/libnss_files-2.15.so
7fe25e081000-7fe25e08b000 r-xp 00000000 fc:02 787324                     /lib/x86_64-linux-gnu/libnss_nis-2.15.so
7fe25e08b000-7fe25e28b000 ---p 0000a000 fc:02 787324                     /lib/x86_64-linux-gnu/libnss_nis-2.15.so
7fe25e28b000-7fe25e28c000 r--p 0000a000 fc:02 787324                     /lib/x86_64-linux-gnu/libnss_nis-2.15.so
7fe25e28c000-7fe25e28d000 rw-p 0000b000 fc:02 787324                     /lib/x86_64-linux-gnu/libnss_nis-2.15.so
7fe25e28d000-7fe25e2a4000 r-xp 00000000 fc:02 790324                     /lib/x86_64-linux-gnu/libnsl-2.15.so
7fe25e2a4000-7fe25e4a3000 ---p 00017000 fc:02 790324                     /lib/x86_64-linux-gnu/libnsl-2.15.so
7fe25e4a3000-7fe25e4a4000 r--p 00016000 fc:02 790324                     /lib/x86_64-linux-gnu/libnsl-2.15.so
7fe25e4a4000-7fe25e4a5000 rw-p 00017000 fc:02 790324                     /lib/x86_64-linux-gnu/libnsl-2.15.so
7fe25e4a5000-7fe25e4a7000 rw-p 00000000 00:00 0 
7fe25e4a7000-7fe25e4af000 r-xp 00000000 fc:02 787248                     /lib/x86_64-linux-gnu/libnss_compat-2.15.so
7fe25e4af000-7fe25e6ae000 ---p 00008000 fc:02 787248                     /lib/x86_64-linux-gnu/libnss_compat-2.15.so
7fe25e6ae000-7fe25e6af000 r--p 00007000 fc:02 787248                     /lib/x86_64-linux-gnu/libnss_compat-2.15.so
7fe25e6af000-7fe25e6b0000 rw-p 00008000 fc:02 787248                     /lib/x86_64-linux-gnu/libnss_compat-2.15.so
7fe25e6b0000-7fe25e6d9000 r-xp 00000000 fc:02 3032073                    /home/mdurocher/tools/jdk1.7.0_60/jre/lib/amd64/libjava.so
7fe25e6d9000-7fe25e8d9000 ---p 00029000 fc:02 3032073                    /home/mdurocher/tools/jdk1.7.0_60/jre/lib/amd64/libjava.so
7fe25e8d9000-7fe25e8db000 rw-p 00029000 fc:02 3032073                    /home/mdurocher/tools/jdk1.7.0_60/jre/lib/amd64/libjava.so
7fe25e8db000-7fe25e8e8000 r-xp 00000000 fc:02 3032035                    /home/mdurocher/tools/jdk1.7.0_60/jre/lib/amd64/libverify.so
7fe25e8e8000-7fe25eae7000 ---p 0000d000 fc:02 3032035                    /home/mdurocher/tools/jdk1.7.0_60/jre/lib/amd64/libverify.so
7fe25eae7000-7fe25eae9000 rw-p 0000c000 fc:02 3032035                    /home/mdurocher/tools/jdk1.7.0_60/jre/lib/amd64/libverify.so
7fe25eae9000-7fe25eaf0000 r-xp 00000000 fc:02 787320                     /lib/x86_64-linux-gnu/librt-2.15.so
7fe25eaf0000-7fe25ecef000 ---p 00007000 fc:02 787320                     /lib/x86_64-linux-gnu/librt-2.15.so
7fe25ecef000-7fe25ecf0000 r--p 00006000 fc:02 787320                     /lib/x86_64-linux-gnu/librt-2.15.so
7fe25ecf0000-7fe25ecf1000 rw-p 00007000 fc:02 787320                     /lib/x86_64-linux-gnu/librt-2.15.so
7fe25ecf1000-7fe25edec000 r-xp 00000000 fc:02 790101                     /lib/x86_64-linux-gnu/libm-2.15.so
7fe25edec000-7fe25efeb000 ---p 000fb000 fc:02 790101                     /lib/x86_64-linux-gnu/libm-2.15.so
7fe25efeb000-7fe25efec000 r--p 000fa000 fc:02 790101                     /lib/x86_64-linux-gnu/libm-2.15.so
7fe25efec000-7fe25efed000 rw-p 000fb000 fc:02 790101                     /lib/x86_64-linux-gnu/libm-2.15.so
7fe25efed000-7fe25fb5d000 r-xp 00000000 fc:02 3032049                    /home/mdurocher/tools/jdk1.7.0_60/jre/lib/amd64/server/libjvm.so
7fe25fb5d000-7fe25fd5c000 ---p 00b70000 fc:02 3032049                    /home/mdurocher/tools/jdk1.7.0_60/jre/lib/amd64/server/libjvm.so
7fe25fd5c000-7fe25fe20000 rw-p 00b6f000 fc:02 3032049                    /home/mdurocher/tools/jdk1.7.0_60/jre/lib/amd64/server/libjvm.so
7fe25fe20000-7fe25fe61000 rw-p 00000000 00:00 0 
7fe25fe61000-7fe260016000 r-xp 00000000 fc:02 786508                     /lib/x86_64-linux-gnu/libc-2.15.so
7fe260016000-7fe260215000 ---p 001b5000 fc:02 786508                     /lib/x86_64-linux-gnu/libc-2.15.so
7fe260215000-7fe260219000 r--p 001b4000 fc:02 786508                     /lib/x86_64-linux-gnu/libc-2.15.so
7fe260219000-7fe26021b000 rw-p 001b8000 fc:02 786508                     /lib/x86_64-linux-gnu/libc-2.15.so
7fe26021b000-7fe260220000 rw-p 00000000 00:00 0 
7fe260220000-7fe260222000 r-xp 00000000 fc:02 790265                     /lib/x86_64-linux-gnu/libdl-2.15.so
7fe260222000-7fe260422000 ---p 00002000 fc:02 790265                     /lib/x86_64-linux-gnu/libdl-2.15.so
7fe260422000-7fe260423000 r--p 00002000 fc:02 790265                     /lib/x86_64-linux-gnu/libdl-2.15.so
7fe260423000-7fe260424000 rw-p 00003000 fc:02 790265                     /lib/x86_64-linux-gnu/libdl-2.15.so
7fe260424000-7fe26043a000 r-xp 00000000 fc:02 3030218                    /home/mdurocher/tools/jdk1.7.0_60/lib/amd64/jli/libjli.so
7fe26043a000-7fe26063a000 ---p 00016000 fc:02 3030218                    /home/mdurocher/tools/jdk1.7.0_60/lib/amd64/jli/libjli.so
7fe26063a000-7fe26063b000 rw-p 00016000 fc:02 3030218                    /home/mdurocher/tools/jdk1.7.0_60/lib/amd64/jli/libjli.so
7fe26063b000-7fe260653000 r-xp 00000000 fc:02 790091                     /lib/x86_64-linux-gnu/libpthread-2.15.so
7fe260653000-7fe260852000 ---p 00018000 fc:02 790091                     /lib/x86_64-linux-gnu/libpthread-2.15.so
7fe260852000-7fe260853000 r--p 00017000 fc:02 790091                     /lib/x86_64-linux-gnu/libpthread-2.15.so
7fe260853000-7fe260854000 rw-p 00018000 fc:02 790091                     /lib/x86_64-linux-gnu/libpthread-2.15.so
7fe260854000-7fe260858000 rw-p 00000000 00:00 0 
7fe260858000-7fe26087a000 r-xp 00000000 fc:02 790102                     /lib/x86_64-linux-gnu/ld-2.15.so
7fe26087c000-7fe260880000 r--s 00000000 fc:02 3164092                    /var/cache/fontconfig/7ef2298fde41cc6eeb7af42e48b7d293-le64.cache-3
7fe260899000-7fe2608a3000 rw-p 00000000 00:00 0 
7fe2608a3000-7fe260959000 rw-p 00000000 00:00 0 
7fe260959000-7fe26095c000 ---p 00000000 00:00 0 
7fe26095c000-7fe260a5e000 rw-p 00000000 00:00 0                          [stack:19589]
7fe260a68000-7fe260a69000 rw-p 00000000 00:00 0 
7fe260a69000-7fe260a6d000 r--p 00000000 fc:02 3046189                    /home/mdurocher/.config/dconf/user
7fe260a6d000-7fe260a6e000 r--s 00000000 fc:02 3046487                    /home/mdurocher/.cache/dconf/user
7fe260a6e000-7fe260a76000 rw-s 00000000 fc:02 1337624                    /tmp/hsperfdata_mdurocher/19582
7fe260a76000-7fe260a77000 rw-p 00000000 00:00 0 
7fe260a77000-7fe260a78000 r--p 00000000 00:00 0 
7fe260a78000-7fe260a7a000 rw-p 00000000 00:00 0 
7fe260a7a000-7fe260a7b000 r--p 00022000 fc:02 790102                     /lib/x86_64-linux-gnu/ld-2.15.so
7fe260a7b000-7fe260a7d000 rw-p 00023000 fc:02 790102                     /lib/x86_64-linux-gnu/ld-2.15.so
7fffff0de000-7fffff0ff000 rw-p 00000000 00:00 0                          [stack]
7fffff1ff000-7fffff200000 r-xp 00000000 00:00 0                          [vdso]
ffffffffff600000-ffffffffff601000 r-xp 00000000 00:00 0                  [vsyscall]

VM Arguments:
jvm_args: -Dfile.encoding=UTF-8 
java_command: com.mdu.DrawLine.DrawLine
Launcher Type: SUN_STANDARD

Environment Variables:
PATH=/home/mdurocher/bin:/usr/lib/lightdm/lightdm:/usr/local/sbin:/usr/local/bin:/usr/sbin:/usr/bin:/sbin:/bin:/usr/games
SHELL=/bin/bash
DISPLAY=:0.0

Signal Handlers:
SIGSEGV: [libjvm.so+0x99f0f0], sa_mask[0]=0x7ffbfeff, sa_flags=0x10000004
SIGBUS: [libjvm.so+0x99f0f0], sa_mask[0]=0x7ffbfeff, sa_flags=0x10000004
SIGFPE: [libjvm.so+0x81a6d0], sa_mask[0]=0x7ffbfeff, sa_flags=0x10000004
SIGPIPE: SIG_IGN, sa_mask[0]=0x00001000, sa_flags=0x10000000
SIGXFSZ: [libjvm.so+0x81a6d0], sa_mask[0]=0x7ffbfeff, sa_flags=0x10000004
SIGILL: [libjvm.so+0x81a6d0], sa_mask[0]=0x7ffbfeff, sa_flags=0x10000004
SIGUSR1: SIG_DFL, sa_mask[0]=0x00000000, sa_flags=0x00000000
SIGUSR2: [libjvm.so+0x81bed0], sa_mask[0]=0x00000000, sa_flags=0x10000004
SIGHUP: [libjvm.so+0x81cfd0], sa_mask[0]=0x7ffbfeff, sa_flags=0x10000004
SIGINT: [libjvm.so+0x81cfd0], sa_mask[0]=0x7ffbfeff, sa_flags=0x10000004
SIGTERM: [libjvm.so+0x81cfd0], sa_mask[0]=0x7ffbfeff, sa_flags=0x10000004
SIGQUIT: [libjvm.so+0x81cfd0], sa_mask[0]=0x7ffbfeff, sa_flags=0x10000004


---------------  S Y S T E M  ---------------

OS:wheezy/sid

uname:Linux 3.5.0-54-generic #81~precise1-Ubuntu SMP Tue Jul 15 04:02:22 UTC 2014 x86_64
libc:glibc 2.15 NPTL 2.15 
rlimit: STACK 8192k, CORE 0k, NPROC 125109, NOFILE 4096, AS infinity
load average:0.93 0.51 0.41

/proc/meminfo:
MemTotal:       16046768 kB
MemFree:         4387784 kB
Buffers:          889740 kB
Cached:          4410096 kB
SwapCached:            0 kB
Active:          8679624 kB
Inactive:        2075440 kB
Active(anon):    5460196 kB
Inactive(anon):    19644 kB
Active(file):    3219428 kB
Inactive(file):  2055796 kB
Unevictable:           0 kB
Mlocked:               0 kB
SwapTotal:      16383996 kB
SwapFree:       16383996 kB
Dirty:               176 kB
Writeback:             0 kB
AnonPages:       5455220 kB
Mapped:           338684 kB
Shmem:             24580 kB
Slab:             681016 kB
SReclaimable:     641504 kB
SUnreclaim:        39512 kB
KernelStack:        5304 kB
PageTables:        33940 kB
NFS_Unstable:          0 kB
Bounce:                0 kB
WritebackTmp:          0 kB
CommitLimit:    24407380 kB
Committed_AS:    6178432 kB
VmallocTotal:   34359738367 kB
VmallocUsed:      156804 kB
VmallocChunk:   34359574524 kB
HardwareCorrupted:     0 kB
AnonHugePages:         0 kB
HugePages_Total:       0
HugePages_Free:        0
HugePages_Rsvd:        0
HugePages_Surp:        0
Hugepagesize:       2048 kB
DirectMap4k:      238372 kB
DirectMap2M:    16146432 kB


CPU:total 8 (4 cores per cpu, 2 threads per core) family 6 model 58 stepping 9, cmov, cx8, fxsr, mmx, sse, sse2, sse3, ssse3, sse4.1, sse4.2, popcnt, avx, aes, erms, ht, tsc, tscinvbit, tscinv

/proc/cpuinfo:
processor	: 0
vendor_id	: GenuineIntel
cpu family	: 6
model		: 58
model name	: Intel(R) Core(TM) i7-3740QM CPU @ 2.70GHz
stepping	: 9
microcode	: 0x17
cpu MHz		: 1200.000
cache size	: 6144 KB
physical id	: 0
siblings	: 8
core id		: 0
cpu cores	: 4
apicid		: 0
initial apicid	: 0
fpu		: yes
fpu_exception	: yes
cpuid level	: 13
wp		: yes
flags		: fpu vme de pse tsc msr pae mce cx8 apic sep mtrr pge mca cmov pat pse36 clflush dts acpi mmx fxsr sse sse2 ss ht tm pbe syscall nx rdtscp lm constant_tsc arch_perfmon pebs bts rep_good nopl xtopology nonstop_tsc aperfmperf pni pclmulqdq dtes64 monitor ds_cpl vmx smx est tm2 ssse3 cx16 xtpr pdcm pcid sse4_1 sse4_2 x2apic popcnt tsc_deadline_timer aes xsave avx f16c rdrand lahf_lm ida arat epb xsaveopt pln pts dtherm tpr_shadow vnmi flexpriority ept vpid fsgsbase smep erms
bogomips	: 5387.42
clflush size	: 64
cache_alignment	: 64
address sizes	: 36 bits physical, 48 bits virtual
power management:

processor	: 1
vendor_id	: GenuineIntel
cpu family	: 6
model		: 58
model name	: Intel(R) Core(TM) i7-3740QM CPU @ 2.70GHz
stepping	: 9
microcode	: 0x17
cpu MHz		: 1200.000
cache size	: 6144 KB
physical id	: 0
siblings	: 8
core id		: 0
cpu cores	: 4
apicid		: 1
initial apicid	: 1
fpu		: yes
fpu_exception	: yes
cpuid level	: 13
wp		: yes
flags		: fpu vme de pse tsc msr pae mce cx8 apic sep mtrr pge mca cmov pat pse36 clflush dts acpi mmx fxsr sse sse2 ss ht tm pbe syscall nx rdtscp lm constant_tsc arch_perfmon pebs bts rep_good nopl xtopology nonstop_tsc aperfmperf pni pclmulqdq dtes64 monitor ds_cpl vmx smx est tm2 ssse3 cx16 xtpr pdcm pcid sse4_1 sse4_2 x2apic popcnt tsc_deadline_timer aes xsave avx f16c rdrand lahf_lm ida arat epb xsaveopt pln pts dtherm tpr_shadow vnmi flexpriority ept vpid fsgsbase smep erms
bogomips	: 5387.42
clflush size	: 64
cache_alignment	: 64
address sizes	: 36 bits physical, 48 bits virtual
power management:

processor	: 2
vendor_id	: GenuineIntel
cpu family	: 6
model		: 58
model name	: Intel(R) Core(TM) i7-3740QM CPU @ 2.70GHz
stepping	: 9
microcode	: 0x17
cpu MHz		: 1200.000
cache size	: 6144 KB
physical id	: 0
siblings	: 8
core id		: 1
cpu cores	: 4
apicid		: 2
initial apicid	: 2
fpu		: yes
fpu_exception	: yes
cpuid level	: 13
wp		: yes
flags		: fpu vme de pse tsc msr pae mce cx8 apic sep mtrr pge mca cmov pat pse36 clflush dts acpi mmx fxsr sse sse2 ss ht tm pbe syscall nx rdtscp lm constant_tsc arch_perfmon pebs bts rep_good nopl xtopology nonstop_tsc aperfmperf pni pclmulqdq dtes64 monitor ds_cpl vmx smx est tm2 ssse3 cx16 xtpr pdcm pcid sse4_1 sse4_2 x2apic popcnt tsc_deadline_timer aes xsave avx f16c rdrand lahf_lm ida arat epb xsaveopt pln pts dtherm tpr_shadow vnmi flexpriority ept vpid fsgsbase smep erms
bogomips	: 5387.42
clflush size	: 64
cache_alignment	: 64
address sizes	: 36 bits physical, 48 bits virtual
power management:

processor	: 3
vendor_id	: GenuineIntel
cpu family	: 6
model		: 58
model name	: Intel(R) Core(TM) i7-3740QM CPU @ 2.70GHz
stepping	: 9
microcode	: 0x17
cpu MHz		: 1200.000
cache size	: 6144 KB
physical id	: 0
siblings	: 8
core id		: 1
cpu cores	: 4
apicid		: 3
initial apicid	: 3
fpu		: yes
fpu_exception	: yes
cpuid level	: 13
wp		: yes
flags		: fpu vme de pse tsc msr pae mce cx8 apic sep mtrr pge mca cmov pat pse36 clflush dts acpi mmx fxsr sse sse2 ss ht tm pbe syscall nx rdtscp lm constant_tsc arch_perfmon pebs bts rep_good nopl xtopology nonstop_tsc aperfmperf pni pclmulqdq dtes64 monitor ds_cpl vmx smx est tm2 ssse3 cx16 xtpr pdcm pcid sse4_1 sse4_2 x2apic popcnt tsc_deadline_timer aes xsave avx f16c rdrand lahf_lm ida arat epb xsaveopt pln pts dtherm tpr_shadow vnmi flexpriority ept vpid fsgsbase smep erms
bogomips	: 5387.42
clflush size	: 64
cache_alignment	: 64
address sizes	: 36 bits physical, 48 bits virtual
power management:

processor	: 4
vendor_id	: GenuineIntel
cpu family	: 6
model		: 58
model name	: Intel(R) Core(TM) i7-3740QM CPU @ 2.70GHz
stepping	: 9
microcode	: 0x17
cpu MHz		: 1200.000
cache size	: 6144 KB
physical id	: 0
siblings	: 8
core id		: 2
cpu cores	: 4
apicid		: 4
initial apicid	: 4
fpu		: yes
fpu_exception	: yes
cpuid level	: 13
wp		: yes
flags		: fpu vme de pse tsc msr pae mce cx8 apic sep mtrr pge mca cmov pat pse36 clflush dts acpi mmx fxsr sse sse2 ss ht tm pbe syscall nx rdtscp lm constant_tsc arch_perfmon pebs bts rep_good nopl xtopology nonstop_tsc aperfmperf pni pclmulqdq dtes64 monitor ds_cpl vmx smx est tm2 ssse3 cx16 xtpr pdcm pcid sse4_1 sse4_2 x2apic popcnt tsc_deadline_timer aes xsave avx f16c rdrand lahf_lm ida arat epb xsaveopt pln pts dtherm tpr_shadow vnmi flexpriority ept vpid fsgsbase smep erms
bogomips	: 5387.42
clflush size	: 64
cache_alignment	: 64
address sizes	: 36 bits physical, 48 bits virtual
power management:

processor	: 5
vendor_id	: GenuineIntel
cpu family	: 6
model		: 58
model name	: Intel(R) Core(TM) i7-3740QM CPU @ 2.70GHz
stepping	: 9
microcode	: 0x17
cpu MHz		: 1200.000
cache size	: 6144 KB
physical id	: 0
siblings	: 8
core id		: 2
cpu cores	: 4
apicid		: 5
initial apicid	: 5
fpu		: yes
fpu_exception	: yes
cpuid level	: 13
wp		: yes
flags		: fpu vme de pse tsc msr pae mce cx8 apic sep mtrr pge mca cmov pat pse36 clflush dts acpi mmx fxsr sse sse2 ss ht tm pbe syscall nx rdtscp lm constant_tsc arch_perfmon pebs bts rep_good nopl xtopology nonstop_tsc aperfmperf pni pclmulqdq dtes64 monitor ds_cpl vmx smx est tm2 ssse3 cx16 xtpr pdcm pcid sse4_1 sse4_2 x2apic popcnt tsc_deadline_timer aes xsave avx f16c rdrand lahf_lm ida arat epb xsaveopt pln pts dtherm tpr_shadow vnmi flexpriority ept vpid fsgsbase smep erms
bogomips	: 5387.42
clflush size	: 64
cache_alignment	: 64
address sizes	: 36 bits physical, 48 bits virtual
power management:

processor	: 6
vendor_id	: GenuineIntel
cpu family	: 6
model		: 58
model name	: Intel(R) Core(TM) i7-3740QM CPU @ 2.70GHz
stepping	: 9
microcode	: 0x17
cpu MHz		: 2701.000
cache size	: 6144 KB
physical id	: 0
siblings	: 8
core id		: 3
cpu cores	: 4
apicid		: 6
initial apicid	: 6
fpu		: yes
fpu_exception	: yes
cpuid level	: 13
wp		: yes
flags		: fpu vme de pse tsc msr pae mce cx8 apic sep mtrr pge mca cmov pat pse36 clflush dts acpi mmx fxsr sse sse2 ss ht tm pbe syscall nx rdtscp lm constant_tsc arch_perfmon pebs bts rep_good nopl xtopology nonstop_tsc aperfmperf pni pclmulqdq dtes64 monitor ds_cpl vmx smx est tm2 ssse3 cx16 xtpr pdcm pcid sse4_1 sse4_2 x2apic popcnt tsc_deadline_timer aes xsave avx f16c rdrand lahf_lm ida arat epb xsaveopt pln pts dtherm tpr_shadow vnmi flexpriority ept vpid fsgsbase smep erms
bogomips	: 5387.42
clflush size	: 64
cache_alignment	: 64
address sizes	: 36 bits physical, 48 bits virtual
power management:

processor	: 7
vendor_id	: GenuineIntel
cpu family	: 6
model		: 58
model name	: Intel(R) Core(TM) i7-3740QM CPU @ 2.70GHz
stepping	: 9
microcode	: 0x17
cpu MHz		: 1200.000
cache size	: 6144 KB
physical id	: 0
siblings	: 8
core id		: 3
cpu cores	: 4
apicid		: 7
initial apicid	: 7
fpu		: yes
fpu_exception	: yes
cpuid level	: 13
wp		: yes
flags		: fpu vme de pse tsc msr pae mce cx8 apic sep mtrr pge mca cmov pat pse36 clflush dts acpi mmx fxsr sse sse2 ss ht tm pbe syscall nx rdtscp lm constant_tsc arch_perfmon pebs bts rep_good nopl xtopology nonstop_tsc aperfmperf pni pclmulqdq dtes64 monitor ds_cpl vmx smx est tm2 ssse3 cx16 xtpr pdcm pcid sse4_1 sse4_2 x2apic popcnt tsc_deadline_timer aes xsave avx f16c rdrand lahf_lm ida arat epb xsaveopt pln pts dtherm tpr_shadow vnmi flexpriority ept vpid fsgsbase smep erms
bogomips	: 5387.42
clflush size	: 64
cache_alignment	: 64
address sizes	: 36 bits physical, 48 bits virtual
power management:



Memory: 4k page, physical 16046768k(4387784k free), swap 16383996k(16383996k free)

vm_info: Java HotSpot(TM) 64-Bit Server VM (24.60-b09) for linux-amd64 JRE (1.7.0_60-b19), built on May  7 2014 13:18:30 by "java_re" with gcc 4.3.0 20080428 (Red Hat 4.3.0-8)

time: Tue Sep 23 11:07:17 2014
elapsed time: 27 seconds

