#
# A fatal error has been detected by the Java Runtime Environment:
#
#  SIGSEGV (0xb) at pc=0x00007fff70383010, pid=14026, tid=0x0000000000013207
#
# JRE version: Java(TM) SE Runtime Environment (8.0_121-b13) (build 1.8.0_121-b13)
# Java VM: Java HotSpot(TM) 64-Bit Server VM (25.121-b13 mixed mode bsd-amd64 compressed oops)
# Problematic frame:
# C  [libsystem_platform.dylib+0x5010]  _platform_memmove$VARIANT$Haswell+0xf0
#
# Failed to write core dump. Core dumps have been disabled. To enable core dumping, try "ulimit -c unlimited" before starting Java again
#
# If you would like to submit a bug report, please visit:
#   http://bugreport.java.com/bugreport/crash.jsp
# The crash happened outside the Java Virtual Machine in native code.
# See problematic frame for where to report the bug.
#

---------------  T H R E A D  ---------------

Current thread (0x00007fd92c0d9000):  JavaThread "Java2D Queue Flusher" daemon [_thread_in_native, id=78343, stack(0x000070001042b000,0x000070001052b000)]

siginfo: si_signo: 11 (SIGSEGV), si_code: 1 (SEGV_MAPERR), si_addr: 0x0000000000000010

Registers:
RAX=0x000000012d96b000, RBX=0x0000000000000200, RCX=0x0000000000000000, RDX=0x0000000000000200
RSP=0x000070001052a2c0, RBP=0x000070001052a2c0, RSI=0x0000000000000010, RDI=0x000000012d96b000
R8 =0x000070001052a320, R9 =0x000070001052a3a0, R10=0x0000000128af1290, R11=0x000000012d96aff0
R12=0x0000000000000010, R13=0x0000000000000081, R14=0x0000000000003ba0, R15=0x000000012d96b000
RIP=0x00007fff70383010, EFLAGS=0x0000000000010287, ERR=0x0000000000000004
  TRAPNO=0x000000000000000e

Top of Stack: (sp=0x000070001052a2c0)
0x000070001052a2c0:   000070001052a420 0000000128a8bac5
0x000070001052a2d0:   000000010b912000 000000012d96b000
0x000070001052a2e0:   0000000000010000 0000000000000000
0x000070001052a2f0:   0000000000000003 0000000128b214a0
0x000070001052a300:   0000000000000000 0000000000000000
0x000070001052a310:   0000000000000010 000000012d96b000
0x000070001052a320:   0000000600003ba0 0000020000000000
0x000070001052a330:   0000000000000006 0000000000000002
0x000070001052a340:   0000008000000000 0000000000000080
0x000070001052a350:   00007fd900000000 0000000000000000
0x000070001052a360:   0000000000000000 0000008000000000
0x000070001052a370:   0000008000000000 0000000000000200
0x000070001052a380:   0000000000000000 0000000128b214a0
0x000070001052a390:   000080e100000000 0000000128b214a0
0x000070001052a3a0:   0000000000000004 0000000000000080
0x000070001052a3b0:   0000000000000080 0000000000000000
0x000070001052a3c0:   0000008000000000 0000000128b214a0
0x000070001052a3d0:   0000836700000013 0000000000000000
0x000070001052a3e0:   0000000000000200 00007fd92d9027a0
0x000070001052a3f0:   00007fd92c88e400 0000000000000000
0x000070001052a400:   0000000000000080 00007fd932000000
0x000070001052a410:   00007fd934000028 0000000000000000
0x000070001052a420:   000070001052a520 00007fff522457d0
0x000070001052a430:   0000000000000000 0000000000000080
0x000070001052a440:   0000000000000080 0000000000000001
0x000070001052a450:   00000000000080e1 0000000000008367
0x000070001052a460:   0000000000000010 0000000000000000
0x000070001052a470:   0000000000000000 0000000000000000
0x000070001052a480:   00007fd92bd0ef68 0000000000000000
0x000070001052a490:   0000000000000000 0000000100000000
0x000070001052a4a0:   0000000000000000 3f6300033c208c50
0x000070001052a4b0:   0000000000000000 00007fd934000028 

Instructions: (pc=0x00007fff70383010)
0x00007fff70382ff0:   42 8a 4c 06 01 42 88 4c 07 01 49 83 c0 02 48 83
0x00007fff70383000:   ea 01 75 de 5d c3 66 2e 0f 1f 84 00 00 00 00 00
0x00007fff70383010:   c5 fc 10 06 48 83 c7 20 48 83 e7 e0 48 89 f9 48
0x00007fff70383020:   29 c1 48 01 ce 48 29 ca c5 fc 10 0e c5 fc 11 00 

Register to memory mapping:

RAX=0x000000012d96b000 is an unknown value
RBX=0x0000000000000200 is an unknown value
RCX=0x0000000000000000 is an unknown value
RDX=0x0000000000000200 is an unknown value
RSP=0x000070001052a2c0 is pointing into the stack for thread: 0x00007fd92c0d9000
RBP=0x000070001052a2c0 is pointing into the stack for thread: 0x00007fd92c0d9000
RSI=0x0000000000000010 is an unknown value
RDI=0x000000012d96b000 is an unknown value
R8 =0x000070001052a320 is pointing into the stack for thread: 0x00007fd92c0d9000
R9 =0x000070001052a3a0 is pointing into the stack for thread: 0x00007fd92c0d9000
R10=0x0000000128af1290: SI_FormatMatchTable+0 in /System/Library/Extensions/AMDRadeonX4000GLDriver.bundle/Contents/MacOS/AMDRadeonX4000GLDriver at 0x0000000128a51000
R11=0x000000012d96aff0 is an unknown value
R12=0x0000000000000010 is an unknown value
R13=0x0000000000000081 is an unknown value
R14=0x0000000000003ba0 is an unknown value
R15=0x000000012d96b000 is an unknown value


Stack: [0x000070001042b000,0x000070001052b000],  sp=0x000070001052a2c0,  free space=1020k
Native frames: (J=compiled Java code, j=interpreted, Vv=VM code, C=native code)
C  [libsystem_platform.dylib+0x5010]  _platform_memmove$VARIANT$Haswell+0xf0
C  [AMDRadeonX4000GLDriver+0x3aac5]  glrWriteTextureData+0x10a2
C  [GLEngine+0x1a7d0]  glTexSubImage2D_Exec+0x61f
C  [libGL.dylib+0x374f]  glTexSubImage2D+0x3b
C  [libawt_lwawt.dylib+0x379ed]  OGLBlitToSurfaceViaTexture+0x3cf
C  [libawt_lwawt.dylib+0x38313]  OGLBlitLoops_Blit+0x6ed
C  [libawt_lwawt.dylib+0x3cbe5]  Java_sun_java2d_opengl_OGLRenderQueue_flushBuffer+0x3d1
J 902  sun.java2d.opengl.OGLRenderQueue.flushBuffer(JI)V (0 bytes) @ 0x0000000110b6feaa [0x0000000110b6fe00+0xaa]
J 2301 C2 sun.java2d.opengl.OGLRenderQueue.access$100(Lsun/java2d/opengl/OGLRenderQueue;)V (5 bytes) @ 0x0000000110f365b0 [0x0000000110f36580+0x30]
j  sun.java2d.opengl.OGLRenderQueue$QueueFlusher.run()V+81
v  ~StubRoutines::call_stub
V  [libjvm.dylib+0x2ed9d6]  JavaCalls::call_helper(JavaValue*, methodHandle*, JavaCallArguments*, Thread*)+0x6ae
V  [libjvm.dylib+0x2ee164]  JavaCalls::call_virtual(JavaValue*, KlassHandle, Symbol*, Symbol*, JavaCallArguments*, Thread*)+0x164
V  [libjvm.dylib+0x2ee310]  JavaCalls::call_virtual(JavaValue*, Handle, KlassHandle, Symbol*, Symbol*, Thread*)+0x4a
V  [libjvm.dylib+0x348a5d]  thread_entry(JavaThread*, Thread*)+0x7c
V  [libjvm.dylib+0x56ab0f]  JavaThread::thread_main_inner()+0x9b
V  [libjvm.dylib+0x56c1fc]  JavaThread::run()+0x1c2
V  [libjvm.dylib+0x48a5b2]  java_start(Thread*)+0xf6
C  [libsystem_pthread.dylib+0x3661]  _pthread_body+0x154
C  [libsystem_pthread.dylib+0x350d]  _pthread_body+0x0
C  [libsystem_pthread.dylib+0x2bf9]  thread_start+0xd
C  0x0000000000000000

Java frames: (J=compiled Java code, j=interpreted, Vv=VM code)
J 902  sun.java2d.opengl.OGLRenderQueue.flushBuffer(JI)V (0 bytes) @ 0x0000000110b6fe38 [0x0000000110b6fe00+0x38]
J 2301 C2 sun.java2d.opengl.OGLRenderQueue.access$100(Lsun/java2d/opengl/OGLRenderQueue;)V (5 bytes) @ 0x0000000110f365b0 [0x0000000110f36580+0x30]
j  sun.java2d.opengl.OGLRenderQueue$QueueFlusher.run()V+81
v  ~StubRoutines::call_stub

---------------  P R O C E S S  ---------------

Java Threads: ( => current thread )
  0x00007fd9372d0000 JavaThread "Thread-64" [_thread_in_native, id=61955, stack(0x00007000110e7000,0x00007000111e7000)]
  0x00007fd92e215800 JavaThread "Thread-63" [_thread_blocked, id=65299, stack(0x0000700010ac6000,0x0000700010bc6000)]
  0x00007fd92c8f1800 JavaThread "TimerQueue" daemon [_thread_blocked, id=66607, stack(0x00007000107b7000,0x00007000108b7000)]
  0x00007fd92c8e6000 JavaThread "DestroyJavaVM" [_thread_blocked, id=9475, stack(0x000070000ee66000,0x000070000ef66000)]
  0x00007fd92c8c5800 JavaThread "AWT-EventQueue-0" [_thread_blocked, id=54791, stack(0x00007000106b4000,0x00007000107b4000)]
  0x00007fd92d16c000 JavaThread "Java2D Disposer" daemon [_thread_blocked, id=78607, stack(0x000070001052e000,0x000070001062e000)]
=>0x00007fd92c0d9000 JavaThread "Java2D Queue Flusher" daemon [_thread_in_native, id=78343, stack(0x000070001042b000,0x000070001052b000)]
  0x00007fd92d0fd800 JavaThread "AWT-Shutdown" [_thread_blocked, id=36907, stack(0x000070001019f000,0x000070001029f000)]
  0x00007fd92e0f6800 JavaThread "AppKit Thread" daemon [_thread_in_native, id=775, stack(0x00007ffee3b0a000,0x00007ffee430a000)]
  0x00007fd92e05b800 JavaThread "Service Thread" daemon [_thread_blocked, id=15107, stack(0x000070000ff99000,0x0000700010099000)]
  0x00007fd92c017000 JavaThread "C1 CompilerThread3" daemon [_thread_blocked, id=15363, stack(0x000070000fe96000,0x000070000ff96000)]
  0x00007fd92f802000 JavaThread "C2 CompilerThread2" daemon [_thread_blocked, id=15875, stack(0x000070000fd93000,0x000070000fe93000)]
  0x00007fd92c817800 JavaThread "C2 CompilerThread1" daemon [_thread_blocked, id=13827, stack(0x000070000fc90000,0x000070000fd90000)]
  0x00007fd92c816000 JavaThread "C2 CompilerThread0" daemon [_thread_blocked, id=16131, stack(0x000070000fb8d000,0x000070000fc8d000)]
  0x00007fd92e802000 JavaThread "Signal Dispatcher" daemon [_thread_blocked, id=16651, stack(0x000070000fa8a000,0x000070000fb8a000)]
  0x00007fd92e011000 JavaThread "Finalizer" daemon [_thread_blocked, id=18947, stack(0x000070000f987000,0x000070000fa87000)]
  0x00007fd92d017800 JavaThread "Reference Handler" daemon [_thread_blocked, id=12035, stack(0x000070000f884000,0x000070000f984000)]

Other Threads:
  0x00007fd92c014000 VMThread [stack: 0x000070000f781000,0x000070000f881000] [id=19203]
  0x00007fd92c018000 WatcherThread [stack: 0x000070001009c000,0x000070001019c000] [id=14851]

VM state:not at safepoint (normal execution)

VM Mutex/Monitor currently owned by a thread: None

Heap:
 PSYoungGen      total 114688K, used 1215K [0x0000000796580000, 0x000000079f100000, 0x00000007c0000000)
  eden space 100352K, 1% used [0x0000000796580000,0x00000007966aff98,0x000000079c780000)
  from space 14336K, 0% used [0x000000079c780000,0x000000079c780000,0x000000079d580000)
  to   space 14336K, 0% used [0x000000079e300000,0x000000079e300000,0x000000079f100000)
 ParOldGen       total 356864K, used 139513K [0x0000000743000000, 0x0000000758c80000, 0x0000000796580000)
  object space 356864K, 39% used [0x0000000743000000,0x000000074b83e540,0x0000000758c80000)
 Metaspace       used 17019K, capacity 17224K, committed 17536K, reserved 1064960K
  class space    used 2076K, capacity 2171K, committed 2176K, reserved 1048576K

Card table byte_map: [0x000000010dd62000,0x000000010e14b000] byte_map_base: 0x000000010a34a000

Marking Bits: (ParMarkBitMap*) 0x000000010d2f0d30
 Begin Bits: [0x000000011f81b000, 0x000000012175b000)
 End Bits:   [0x000000012175b000, 0x000000012369b000)

Polling page: 0x000000010b97a000

CodeCache: size=245760Kb used=11102Kb max_used=11156Kb free=234658Kb
 bounds [0x000000011081b000, 0x000000011132b000, 0x000000011f81b000]
 total_blobs=3674 nmethods=3106 adapters=479
 compilation: enabled

Compilation events (10 events):
Event: 156.651 Thread 0x00007fd92c017000 3799       1       java.lang.ThreadLocal::initialValue (2 bytes)
Event: 156.651 Thread 0x00007fd92c017000 nmethod 3799 0x000000011098ea50 code [0x000000011098eba0, 0x000000011098ecb0]
Event: 156.726 Thread 0x00007fd92c017000 3800       1       javax.swing.RepaintManager$PaintManager::show (2 bytes)
Event: 156.727 Thread 0x00007fd92c017000 nmethod 3800 0x0000000110afb750 code [0x0000000110afb8a0, 0x0000000110afb9b0]
Event: 156.728 Thread 0x00007fd92c817800 3801       4       java.util.HashSet::iterator (13 bytes)
Event: 156.733 Thread 0x00007fd92c817800 nmethod 3801 0x0000000110a08b50 code [0x0000000110a08ce0, 0x0000000110a09178]
Event: 157.202 Thread 0x00007fd92c017000 3802       3       sun.java2d.pipe.BufferedContext::setClip (299 bytes)
Event: 157.203 Thread 0x00007fd92c017000 nmethod 3802 0x0000000111317750 code [0x0000000111317a80, 0x000000011131a2d8]
Event: 157.502 Thread 0x00007fd92c017000 3803   !   3       sun.nio.cs.StreamEncoder::write (78 bytes)
Event: 157.503 Thread 0x00007fd92c017000 nmethod 3803 0x0000000110c366d0 code [0x0000000110c368a0, 0x0000000110c36fc8]

GC Heap History (10 events):
Event: 156.847 GC heap before
{Heap before GC invocations=147 (full 5):
 PSYoungGen      total 105984K, used 105546K [0x0000000796580000, 0x000000079e200000, 0x00000007c0000000)
  eden space 101888K, 100% used [0x0000000796580000,0x000000079c900000,0x000000079c900000)
  from space 4096K, 89% used [0x000000079cb80000,0x000000079cf12818,0x000000079cf80000)
  to   space 12800K, 0% used [0x000000079d580000,0x000000079d580000,0x000000079e200000)
 ParOldGen       total 126464K, used 97247K [0x0000000743000000, 0x000000074ab80000, 0x0000000796580000)
  object space 126464K, 76% used [0x0000000743000000,0x0000000748ef7fe8,0x000000074ab80000)
 Metaspace       used 17019K, capacity 17224K, committed 17536K, reserved 1064960K
  class space    used 2076K, capacity 2171K, committed 2176K, reserved 1048576K
Event: 156.858 GC heap after
Heap after GC invocations=147 (full 5):
 PSYoungGen      total 113152K, used 12140K [0x0000000796580000, 0x000000079f200000, 0x00000007c0000000)
  eden space 100352K, 0% used [0x0000000796580000,0x0000000796580000,0x000000079c780000)
  from space 12800K, 94% used [0x000000079d580000,0x000000079e15b3d8,0x000000079e200000)
  to   space 14336K, 0% used [0x000000079c780000,0x000000079c780000,0x000000079d580000)
 ParOldGen       total 147456K, used 146447K [0x0000000743000000, 0x000000074c000000, 0x0000000796580000)
  object space 147456K, 99% used [0x0000000743000000,0x000000074bf03f00,0x000000074c000000)
 Metaspace       used 17019K, capacity 17224K, committed 17536K, reserved 1064960K
  class space    used 2076K, capacity 2171K, committed 2176K, reserved 1048576K
}
Event: 156.858 GC heap before
{Heap before GC invocations=148 (full 6):
 PSYoungGen      total 113152K, used 12140K [0x0000000796580000, 0x000000079f200000, 0x00000007c0000000)
  eden space 100352K, 0% used [0x0000000796580000,0x0000000796580000,0x000000079c780000)
  from space 12800K, 94% used [0x000000079d580000,0x000000079e15b3d8,0x000000079e200000)
  to   space 14336K, 0% used [0x000000079c780000,0x000000079c780000,0x000000079d580000)
 ParOldGen       total 147456K, used 146447K [0x0000000743000000, 0x000000074c000000, 0x0000000796580000)
  object space 147456K, 99% used [0x0000000743000000,0x000000074bf03f00,0x000000074c000000)
 Metaspace       used 17019K, capacity 17224K, committed 17536K, reserved 1064960K
  class space    used 2076K, capacity 2171K, committed 2176K, reserved 1048576K
Event: 156.876 GC heap after
Heap after GC invocations=148 (full 6):
 PSYoungGen      total 113152K, used 0K [0x0000000796580000, 0x000000079f200000, 0x00000007c0000000)
  eden space 100352K, 0% used [0x0000000796580000,0x0000000796580000,0x000000079c780000)
  from space 12800K, 0% used [0x000000079d580000,0x000000079d580000,0x000000079e200000)
  to   space 14336K, 0% used [0x000000079c780000,0x000000079c780000,0x000000079d580000)
 ParOldGen       total 181248K, used 43626K [0x0000000743000000, 0x000000074e100000, 0x0000000796580000)
  object space 181248K, 24% used [0x0000000743000000,0x0000000745a9a9b8,0x000000074e100000)
 Metaspace       used 17019K, capacity 17224K, committed 17536K, reserved 1064960K
  class space    used 2076K, capacity 2171K, committed 2176K, reserved 1048576K
}
Event: 157.371 GC heap before
{Heap before GC invocations=149 (full 7):
 PSYoungGen      total 113152K, used 100352K [0x0000000796580000, 0x000000079f200000, 0x00000007c0000000)
  eden space 100352K, 100% used [0x0000000796580000,0x000000079c780000,0x000000079c780000)
  from space 12800K, 0% used [0x000000079d580000,0x000000079d580000,0x000000079e200000)
  to   space 14336K, 0% used [0x000000079c780000,0x000000079c780000,0x000000079d580000)
 ParOldGen       total 181248K, used 166017K [0x0000000743000000, 0x000000074e100000, 0x0000000796580000)
  object space 181248K, 91% used [0x0000000743000000,0x000000074d220430,0x000000074e100000)
 Metaspace       used 17019K, capacity 17224K, committed 17536K, reserved 1064960K
  class space    used 2076K, capacity 2171K, committed 2176K, reserved 1048576K
Event: 157.400 GC heap after
Heap after GC invocations=149 (full 7):
 PSYoungGen      total 113152K, used 0K [0x0000000796580000, 0x000000079f200000, 0x00000007c0000000)
  eden space 100352K, 0% used [0x0000000796580000,0x0000000796580000,0x000000079c780000)
  from space 12800K, 0% used [0x000000079d580000,0x000000079d580000,0x000000079e200000)
  to   space 14336K, 0% used [0x000000079c780000,0x000000079c780000,0x000000079d580000)
 ParOldGen       total 269824K, used 110479K [0x0000000743000000, 0x0000000753780000, 0x0000000796580000)
  object space 269824K, 40% used [0x0000000743000000,0x0000000749be3d50,0x0000000753780000)
 Metaspace       used 17019K, capacity 17224K, committed 17536K, reserved 1064960K
  class space    used 2076K, capacity 2171K, committed 2176K, reserved 1048576K
}
Event: 157.727 GC heap before
{Heap before GC invocations=150 (full 7):
 PSYoungGen      total 113152K, used 100352K [0x0000000796580000, 0x000000079f200000, 0x00000007c0000000)
  eden space 100352K, 100% used [0x0000000796580000,0x000000079c780000,0x000000079c780000)
  from space 12800K, 0% used [0x000000079d580000,0x000000079d580000,0x000000079e200000)
  to   space 14336K, 0% used [0x000000079c780000,0x000000079c780000,0x000000079d580000)
 ParOldGen       total 269824K, used 179774K [0x0000000743000000, 0x0000000753780000, 0x0000000796580000)
  object space 269824K, 66% used [0x0000000743000000,0x000000074df8f9a8,0x0000000753780000)
 Metaspace       used 17019K, capacity 17224K, committed 17536K, reserved 1064960K
  class space    used 2076K, capacity 2171K, committed 2176K, reserved 1048576K
Event: 157.833 GC heap after
Heap after GC invocations=150 (full 7):
 PSYoungGen      total 114688K, used 8868K [0x0000000796580000, 0x000000079f100000, 0x00000007c0000000)
  eden space 100352K, 0% used [0x0000000796580000,0x0000000796580000,0x000000079c780000)
  from space 14336K, 61% used [0x000000079c780000,0x000000079d029060,0x000000079d580000)
  to   space 14336K, 0% used [0x000000079e300000,0x000000079e300000,0x000000079f100000)
 ParOldGen       total 295936K, used 291536K [0x0000000743000000, 0x0000000755100000, 0x0000000796580000)
  object space 295936K, 98% used [0x0000000743000000,0x0000000754cb4278,0x0000000755100000)
 Metaspace       used 17019K, capacity 17224K, committed 17536K, reserved 1064960K
  class space    used 2076K, capacity 2171K, committed 2176K, reserved 1048576K
}
Event: 157.833 GC heap before
{Heap before GC invocations=151 (full 8):
 PSYoungGen      total 114688K, used 8868K [0x0000000796580000, 0x000000079f100000, 0x00000007c0000000)
  eden space 100352K, 0% used [0x0000000796580000,0x0000000796580000,0x000000079c780000)
  from space 14336K, 61% used [0x000000079c780000,0x000000079d029060,0x000000079d580000)
  to   space 14336K, 0% used [0x000000079e300000,0x000000079e300000,0x000000079f100000)
 ParOldGen       total 295936K, used 291536K [0x0000000743000000, 0x0000000755100000, 0x0000000796580000)
  object space 295936K, 98% used [0x0000000743000000,0x0000000754cb4278,0x0000000755100000)
 Metaspace       used 17019K, capacity 17224K, committed 17536K, reserved 1064960K
  class space    used 2076K, capacity 2171K, committed 2176K, reserved 1048576K
Event: 157.867 GC heap after
Heap after GC invocations=151 (full 8):
 PSYoungGen      total 114688K, used 0K [0x0000000796580000, 0x000000079f100000, 0x00000007c0000000)
  eden space 100352K, 0% used [0x0000000796580000,0x0000000796580000,0x000000079c780000)
  from space 14336K, 0% used [0x000000079c780000,0x000000079c780000,0x000000079d580000)
  to   space 14336K, 0% used [0x000000079e300000,0x000000079e300000,0x000000079f100000)
 ParOldGen       total 356864K, used 139513K [0x0000000743000000, 0x0000000758c80000, 0x0000000796580000)
  object space 356864K, 39% used [0x0000000743000000,0x000000074b83e540,0x0000000758c80000)
 Metaspace       used 17019K, capacity 17224K, committed 17536K, reserved 1064960K
  class space    used 2076K, capacity 2171K, committed 2176K, reserved 1048576K
}

Deoptimization events (10 events):
Event: 154.155 Thread 0x00007fd92c8c5800 Uncommon trap: reason=class_check action=maybe_recompile pc=0x0000000111290944 method=java.awt.DefaultKeyboardFocusManager.dispatchEvent(Ljava/awt/AWTEvent;)Z @ 472
Event: 154.237 Thread 0x00007fd92c8c5800 Uncommon trap: reason=unstable_if action=reinterpret pc=0x0000000110d1d7cc method=java.awt.KeyboardFocusManager.clearMostRecentFocusOwner(Ljava/awt/Component;)V @ 18
Event: 155.791 Thread 0x00007fd92d16c000 Uncommon trap: reason=unstable_if action=reinterpret pc=0x000000011112a4a8 method=java.util.Vector.removeElementAt(I)V @ 75
Event: 156.084 Thread 0x00007fd92c8c5800 Uncommon trap: reason=class_check action=maybe_recompile pc=0x0000000111290944 method=java.awt.DefaultKeyboardFocusManager.dispatchEvent(Ljava/awt/AWTEvent;)Z @ 472
Event: 156.601 Thread 0x00007fd92c8c5800 Uncommon trap: reason=class_check action=maybe_recompile pc=0x00000001112cfb90 method=javax.swing.RepaintManager.addDirtyRegion0(Ljava/awt/Container;IIII)V @ 99
Event: 156.601 Thread 0x00007fd92c8c5800 Uncommon trap: reason=class_check action=maybe_recompile pc=0x00000001112cfb90 method=javax.swing.RepaintManager.addDirtyRegion0(Ljava/awt/Container;IIII)V @ 99
Event: 156.601 Thread 0x00007fd92c8c5800 Uncommon trap: reason=class_check action=maybe_recompile pc=0x00000001112cfb90 method=javax.swing.RepaintManager.addDirtyRegion0(Ljava/awt/Container;IIII)V @ 99
Event: 156.601 Thread 0x00007fd92c8c5800 Uncommon trap: reason=class_check action=maybe_recompile pc=0x00000001112cfb90 method=javax.swing.RepaintManager.addDirtyRegion0(Ljava/awt/Container;IIII)V @ 99
Event: 156.605 Thread 0x00007fd92c8c5800 Uncommon trap: reason=unstable_if action=reinterpret pc=0x00000001109d1dac method=java.awt.geom.AffineTransform.setToTranslation(DD)V @ 33
Event: 157.162 Thread 0x00007fd92c8c5800 Uncommon trap: reason=unstable_if action=reinterpret pc=0x0000000110beda04 method=sun.java2d.pipe.BufferedContext.setClip(Lsun/java2d/pipe/Region;)V @ 152

Internal exceptions (10 events):
Event: 0.304 Thread 0x00007fd92d002800 Exception <a 'java/io/FileNotFoundException'> (0x000000079690cea0) thrown at [/Users/java_re/workspace/8-2-build-macosx-x86_64/jdk8u121/8372/hotspot/src/share/vm/prims/jni.cpp, line 709]
Event: 0.772 Thread 0x00007fd92e32d800 Implicit null exception at 0x0000000110a37a99 to 0x0000000110a37b81
Event: 0.988 Thread 0x00007fd92e011000 Exception <a 'java/lang/NullPointerException'> (0x00000007967eb9e0) thrown at [/Users/java_re/workspace/8-2-build-macosx-x86_64/jdk8u121/8372/hotspot/src/share/vm/interpreter/linkResolver.cpp, line 1178]
Event: 3.386 Thread 0x00007fd92e32d800 Exception <a 'java/lang/ArrayIndexOutOfBoundsException': 300> (0x0000000796b256a8) thrown at [/Users/java_re/workspace/8-2-build-macosx-x86_64/jdk8u121/8372/hotspot/src/share/vm/interpreter/interpreterRuntime.cpp, line 366]
Event: 5.318 Thread 0x00007fd92c11b800 Exception <a 'java/lang/ArrayIndexOutOfBoundsException': 265> (0x000000074d396d50) thrown at [/Users/java_re/workspace/8-2-build-macosx-x86_64/jdk8u121/8372/hotspot/src/share/vm/interpreter/interpreterRuntime.cpp, line 366]
Event: 20.947 Thread 0x00007fd92c8c5800 Implicit null exception at 0x000000011098ca55 to 0x000000011098cb01
Event: 22.711 Thread 0x00007fd92e011000 Exception <a 'java/lang/NullPointerException'> (0x000000079659db20) thrown at [/Users/java_re/workspace/8-2-build-macosx-x86_64/jdk8u121/8372/hotspot/src/share/vm/interpreter/linkResolver.cpp, line 1178]
Event: 23.232 Thread 0x00007fd92c8c5800 Implicit null exception at 0x0000000110a831de to 0x0000000110a834a6
Event: 34.885 Thread 0x00007fd92e011000 Exception <a 'java/lang/NullPointerException'> (0x00000007967759f0) thrown at [/Users/java_re/workspace/8-2-build-macosx-x86_64/jdk8u121/8372/hotspot/src/share/vm/interpreter/linkResolver.cpp, line 1178]
Event: 93.634 Thread 0x00007fd92d081800 Exception <a 'java/lang/ArrayIndexOutOfBoundsException': 103> (0x00000007a0dc4a70) thrown at [/Users/java_re/workspace/8-2-build-macosx-x86_64/jdk8u121/8372/hotspot/src/share/vm/interpreter/interpreterRuntime.cpp, line 366]

Events (10 events):
Event: 157.503 Thread 0x00007fd92c017000 flushing nmethod 0x0000000110d15050
Event: 157.503 Thread 0x00007fd92c017000 flushing nmethod 0x0000000110d2c650
Event: 157.503 Thread 0x00007fd92c017000 flushing nmethod 0x0000000110d34c10
Event: 157.503 Thread 0x00007fd92c017000 flushing nmethod 0x0000000110d4fbd0
Event: 157.503 Thread 0x00007fd92c017000 flushing nmethod 0x0000000110d81150
Event: 157.530 Thread 0x00007fd9372d0000 Thread added: 0x00007fd9372d0000
Event: 157.584 Executing VM operation: ParallelGCFailedAllocation
Event: 157.584 Executing VM operation: ParallelGCFailedAllocation done
Event: 157.726 Executing VM operation: ParallelGCSystemGC
Event: 157.867 Executing VM operation: ParallelGCSystemGC done


Dynamic libraries:
0x00000000201be000 	/System/Library/Frameworks/Cocoa.framework/Versions/A/Cocoa
0x00000000201be000 	/System/Library/Frameworks/Security.framework/Versions/A/Security
0x00000000201be000 	/System/Library/Frameworks/ApplicationServices.framework/Versions/A/ApplicationServices
0x00000000201be000 	/usr/lib/libz.1.dylib
0x00000000201be000 	/usr/lib/libSystem.B.dylib
0x00000000201be000 	/usr/lib/libobjc.A.dylib
0x00000000201be000 	/System/Library/Frameworks/CoreFoundation.framework/Versions/A/CoreFoundation
0x00000000201be000 	/System/Library/Frameworks/Foundation.framework/Versions/C/Foundation
0x00000000201be000 	/System/Library/Frameworks/AppKit.framework/Versions/C/AppKit
0x00000000201be000 	/System/Library/Frameworks/CoreData.framework/Versions/A/CoreData
0x00000000201be000 	/System/Library/PrivateFrameworks/RemoteViewServices.framework/Versions/A/RemoteViewServices
0x00000000201be000 	/System/Library/PrivateFrameworks/UIFoundation.framework/Versions/A/UIFoundation
0x00000000201be000 	/System/Library/PrivateFrameworks/DFRFoundation.framework/Versions/A/DFRFoundation
0x00000000201be000 	/System/Library/Frameworks/Metal.framework/Versions/A/Metal
0x00000000201be000 	/System/Library/PrivateFrameworks/DesktopServicesPriv.framework/Versions/A/DesktopServicesPriv
0x00000000201be000 	/usr/lib/libenergytrace.dylib
0x00000000201be000 	/System/Library/PrivateFrameworks/SkyLight.framework/Versions/A/SkyLight
0x00000000201be000 	/System/Library/Frameworks/CoreGraphics.framework/Versions/A/CoreGraphics
0x00000000201be000 	/usr/lib/libScreenReader.dylib
0x00000000201be000 	/System/Library/Frameworks/Accelerate.framework/Versions/A/Accelerate
0x00000000201be000 	/System/Library/Frameworks/IOSurface.framework/Versions/A/IOSurface
0x00000000201be000 	/System/Library/Frameworks/AudioToolbox.framework/Versions/A/AudioToolbox
0x00000000201be000 	/System/Library/Frameworks/AudioUnit.framework/Versions/A/AudioUnit
0x00000000201be000 	/System/Library/PrivateFrameworks/DataDetectorsCore.framework/Versions/A/DataDetectorsCore
0x00000000201be000 	/System/Library/Frameworks/Carbon.framework/Versions/A/Frameworks/HIToolbox.framework/Versions/A/HIToolbox
0x00000000201be000 	/usr/lib/libicucore.A.dylib
0x00000000201be000 	/System/Library/Frameworks/QuartzCore.framework/Versions/A/QuartzCore
0x00000000201be000 	/System/Library/PrivateFrameworks/SignpostNotification.framework/Versions/A/SignpostNotification
0x00000000201be000 	/System/Library/Frameworks/Carbon.framework/Versions/A/Frameworks/SpeechRecognition.framework/Versions/A/SpeechRecognition
0x00000000201be000 	/usr/lib/libauto.dylib
0x00000000201be000 	/usr/lib/libxml2.2.dylib
0x00000000201be000 	/System/Library/PrivateFrameworks/CoreUI.framework/Versions/A/CoreUI
0x00000000201be000 	/System/Library/Frameworks/CoreAudio.framework/Versions/A/CoreAudio
0x00000000201be000 	/System/Library/Frameworks/DiskArbitration.framework/Versions/A/DiskArbitration
0x00000000201be000 	/usr/lib/liblangid.dylib
0x00000000201be000 	/System/Library/PrivateFrameworks/MultitouchSupport.framework/Versions/A/MultitouchSupport
0x00000000201be000 	/System/Library/Frameworks/IOKit.framework/Versions/A/IOKit
0x00000000201be000 	/usr/lib/libDiagnosticMessagesClient.dylib
0x00000000201be000 	/System/Library/Frameworks/CoreServices.framework/Versions/A/CoreServices
0x00000000201be000 	/System/Library/PrivateFrameworks/PerformanceAnalysis.framework/Versions/A/PerformanceAnalysis
0x00000000201be000 	/System/Library/Frameworks/OpenGL.framework/Versions/A/OpenGL
0x00000000201be000 	/System/Library/Frameworks/ColorSync.framework/Versions/A/ColorSync
0x00000000201be000 	/System/Library/Frameworks/CoreImage.framework/Versions/A/CoreImage
0x00000000201be000 	/System/Library/Frameworks/CoreText.framework/Versions/A/CoreText
0x00000000201be000 	/System/Library/Frameworks/ImageIO.framework/Versions/A/ImageIO
0x00000000201be000 	/System/Library/PrivateFrameworks/Backup.framework/Versions/A/Backup
0x00000000201be000 	/usr/lib/libarchive.2.dylib
0x00000000201be000 	/System/Library/Frameworks/CFNetwork.framework/Versions/A/CFNetwork
0x00000000201be000 	/System/Library/Frameworks/SystemConfiguration.framework/Versions/A/SystemConfiguration
0x00000000201be000 	/usr/lib/libCRFSuite.dylib
0x00000000201be000 	/usr/lib/libc++.1.dylib
0x00000000201be000 	/usr/lib/libc++abi.dylib
0x00000000201be000 	/usr/lib/system/libcache.dylib
0x00000000201be000 	/usr/lib/system/libcommonCrypto.dylib
0x00000000201be000 	/usr/lib/system/libcompiler_rt.dylib
0x00000000201be000 	/usr/lib/system/libcopyfile.dylib
0x00000000201be000 	/usr/lib/system/libcorecrypto.dylib
0x00000000201be000 	/usr/lib/system/libdispatch.dylib
0x00000000201be000 	/usr/lib/system/libdyld.dylib
0x00000000201be000 	/usr/lib/system/libkeymgr.dylib
0x00000000201be000 	/usr/lib/system/liblaunch.dylib
0x00000000201be000 	/usr/lib/system/libmacho.dylib
0x00000000201be000 	/usr/lib/system/libquarantine.dylib
0x00000000201be000 	/usr/lib/system/libremovefile.dylib
0x00000000201be000 	/usr/lib/system/libsystem_asl.dylib
0x00000000201be000 	/usr/lib/system/libsystem_blocks.dylib
0x00000000201be000 	/usr/lib/system/libsystem_c.dylib
0x00000000201be000 	/usr/lib/system/libsystem_configuration.dylib
0x00000000201be000 	/usr/lib/system/libsystem_coreservices.dylib
0x00000000201be000 	/usr/lib/system/libsystem_darwin.dylib
0x00000000201be000 	/usr/lib/system/libsystem_dnssd.dylib
0x00000000201be000 	/usr/lib/system/libsystem_info.dylib
0x00000000201be000 	/usr/lib/system/libsystem_m.dylib
0x00000000201be000 	/usr/lib/system/libsystem_malloc.dylib
0x00000000201be000 	/usr/lib/system/libsystem_network.dylib
0x00000000201be000 	/usr/lib/system/libsystem_networkextension.dylib
0x00000000201be000 	/usr/lib/system/libsystem_notify.dylib
0x00000000201be000 	/usr/lib/system/libsystem_sandbox.dylib
0x00000000201be000 	/usr/lib/system/libsystem_secinit.dylib
0x00000000201be000 	/usr/lib/system/libsystem_kernel.dylib
0x00000000201be000 	/usr/lib/system/libsystem_platform.dylib
0x00000000201be000 	/usr/lib/system/libsystem_pthread.dylib
0x00000000201be000 	/usr/lib/system/libsystem_symptoms.dylib
0x00000000201be000 	/usr/lib/system/libsystem_trace.dylib
0x00000000201be000 	/usr/lib/system/libunwind.dylib
0x00000000201be000 	/usr/lib/system/libxpc.dylib
0x00000000201be000 	/usr/lib/closure/libclosured.dylib
0x00000000201be000 	/usr/lib/libbsm.0.dylib
0x00000000201be000 	/usr/lib/system/libkxld.dylib
0x00000000201be000 	/usr/lib/libOpenScriptingUtil.dylib
0x00000000201be000 	/usr/lib/libcoretls.dylib
0x00000000201be000 	/usr/lib/libcoretls_cfhelpers.dylib
0x00000000201be000 	/usr/lib/libpam.2.dylib
0x00000000201be000 	/usr/lib/libsqlite3.dylib
0x00000000201be000 	/usr/lib/libxar.1.dylib
0x00000000201be000 	/usr/lib/libbz2.1.0.dylib
0x00000000201be000 	/usr/lib/liblzma.5.dylib
0x00000000201be000 	/usr/lib/libnetwork.dylib
0x00000000201be000 	/usr/lib/libapple_nghttp2.dylib
0x00000000201be000 	/usr/lib/libpcap.A.dylib
0x00000000201be000 	/usr/lib/libboringssl.dylib
0x00000000201be000 	/usr/lib/libusrtcp.dylib
0x00000000201be000 	/usr/lib/libapple_crypto.dylib
0x00000000201be000 	/System/Library/Frameworks/CoreServices.framework/Versions/A/Frameworks/FSEvents.framework/Versions/A/FSEvents
0x00000000201be000 	/System/Library/Frameworks/CoreServices.framework/Versions/A/Frameworks/CarbonCore.framework/Versions/A/CarbonCore
0x00000000201be000 	/System/Library/Frameworks/CoreServices.framework/Versions/A/Frameworks/Metadata.framework/Versions/A/Metadata
0x00000000201be000 	/System/Library/Frameworks/CoreServices.framework/Versions/A/Frameworks/OSServices.framework/Versions/A/OSServices
0x00000000201be000 	/System/Library/Frameworks/CoreServices.framework/Versions/A/Frameworks/SearchKit.framework/Versions/A/SearchKit
0x00000000201be000 	/System/Library/Frameworks/CoreServices.framework/Versions/A/Frameworks/AE.framework/Versions/A/AE
0x00000000201be000 	/System/Library/Frameworks/CoreServices.framework/Versions/A/Frameworks/LaunchServices.framework/Versions/A/LaunchServices
0x00000000201be000 	/System/Library/Frameworks/CoreServices.framework/Versions/A/Frameworks/DictionaryServices.framework/Versions/A/DictionaryServices
0x00000000201be000 	/System/Library/Frameworks/CoreServices.framework/Versions/A/Frameworks/SharedFileList.framework/Versions/A/SharedFileList
0x00000000201be000 	/System/Library/Frameworks/NetFS.framework/Versions/A/NetFS
0x00000000201be000 	/System/Library/PrivateFrameworks/NetAuth.framework/Versions/A/NetAuth
0x00000000201be000 	/System/Library/PrivateFrameworks/login.framework/Versions/A/Frameworks/loginsupport.framework/Versions/A/loginsupport
0x00000000201be000 	/System/Library/PrivateFrameworks/TCC.framework/Versions/A/TCC
0x00000000201be000 	/usr/lib/libmecabra.dylib
0x00000000201be000 	/System/Library/Frameworks/ApplicationServices.framework/Versions/A/Frameworks/ATS.framework/Versions/A/ATS
0x00000000201be000 	/System/Library/Frameworks/ApplicationServices.framework/Versions/A/Frameworks/ColorSyncLegacy.framework/Versions/A/ColorSyncLegacy
0x00000000201be000 	/System/Library/Frameworks/ApplicationServices.framework/Versions/A/Frameworks/HIServices.framework/Versions/A/HIServices
0x00000000201be000 	/System/Library/Frameworks/ApplicationServices.framework/Versions/A/Frameworks/LangAnalysis.framework/Versions/A/LangAnalysis
0x00000000201be000 	/System/Library/Frameworks/ApplicationServices.framework/Versions/A/Frameworks/PrintCore.framework/Versions/A/PrintCore
0x00000000201be000 	/System/Library/Frameworks/ApplicationServices.framework/Versions/A/Frameworks/QD.framework/Versions/A/QD
0x00000000201be000 	/System/Library/Frameworks/ApplicationServices.framework/Versions/A/Frameworks/SpeechSynthesis.framework/Versions/A/SpeechSynthesis
0x00000000201be000 	/System/Library/Frameworks/CoreDisplay.framework/Versions/A/CoreDisplay
0x00000000201be000 	/System/Library/Frameworks/Accelerate.framework/Versions/A/Frameworks/vImage.framework/Versions/A/vImage
0x00000000201be000 	/System/Library/Frameworks/Accelerate.framework/Versions/A/Frameworks/vecLib.framework/Versions/A/vecLib
0x00000000201be000 	/System/Library/Frameworks/Accelerate.framework/Versions/A/Frameworks/vecLib.framework/Versions/A/libvDSP.dylib
0x00000000201be000 	/System/Library/Frameworks/Accelerate.framework/Versions/A/Frameworks/vecLib.framework/Versions/A/libBNNS.dylib
0x00000000201be000 	/System/Library/Frameworks/Accelerate.framework/Versions/A/Frameworks/vecLib.framework/Versions/A/libQuadrature.dylib
0x00000000201be000 	/System/Library/Frameworks/Accelerate.framework/Versions/A/Frameworks/vecLib.framework/Versions/A/libvMisc.dylib
0x00000000201be000 	/System/Library/Frameworks/Accelerate.framework/Versions/A/Frameworks/vecLib.framework/Versions/A/libLAPACK.dylib
0x00000000201be000 	/System/Library/Frameworks/Accelerate.framework/Versions/A/Frameworks/vecLib.framework/Versions/A/libBLAS.dylib
0x00000000201be000 	/System/Library/Frameworks/Accelerate.framework/Versions/A/Frameworks/vecLib.framework/Versions/A/libLinearAlgebra.dylib
0x00000000201be000 	/System/Library/Frameworks/Accelerate.framework/Versions/A/Frameworks/vecLib.framework/Versions/A/libSparse.dylib
0x00000000201be000 	/System/Library/Frameworks/Accelerate.framework/Versions/A/Frameworks/vecLib.framework/Versions/A/libSparseBLAS.dylib
0x00000000201be000 	/System/Library/PrivateFrameworks/GPUWrangler.framework/Versions/A/GPUWrangler
0x00000000201be000 	/System/Library/PrivateFrameworks/IOAccelerator.framework/Versions/A/IOAccelerator
0x00000000201be000 	/System/Library/PrivateFrameworks/IOPresentment.framework/Versions/A/IOPresentment
0x00000000201be000 	/System/Library/PrivateFrameworks/DSExternalDisplay.framework/Versions/A/DSExternalDisplay
0x00000000201be000 	/System/Library/Frameworks/OpenGL.framework/Versions/A/Libraries/libCoreFSCache.dylib
0x00000000201be000 	/System/Library/Frameworks/CoreVideo.framework/Versions/A/CoreVideo
0x00000000201be000 	/System/Library/PrivateFrameworks/GraphVisualizer.framework/Versions/A/GraphVisualizer
0x00000000201be000 	/System/Library/Frameworks/MetalPerformanceShaders.framework/Versions/A/MetalPerformanceShaders
0x00000000201be000 	/usr/lib/libFosl_dynamic.dylib
0x00000000201be000 	/System/Library/PrivateFrameworks/FaceCore.framework/Versions/A/FaceCore
0x00000000201be000 	/System/Library/Frameworks/OpenCL.framework/Versions/A/OpenCL
0x00000000201be000 	/usr/lib/libcompression.dylib
0x00000000201be000 	/System/Library/Frameworks/ApplicationServices.framework/Versions/A/Frameworks/ATS.framework/Versions/A/Resources/libFontParser.dylib
0x00000000201be000 	/System/Library/Frameworks/ApplicationServices.framework/Versions/A/Frameworks/ATS.framework/Versions/A/Resources/libFontRegistry.dylib
0x00000000201be000 	/System/Library/Frameworks/ImageIO.framework/Versions/A/Resources/libJPEG.dylib
0x00000000201be000 	/System/Library/Frameworks/ImageIO.framework/Versions/A/Resources/libTIFF.dylib
0x00000000201be000 	/System/Library/Frameworks/ImageIO.framework/Versions/A/Resources/libPng.dylib
0x00000000201be000 	/System/Library/Frameworks/ImageIO.framework/Versions/A/Resources/libGIF.dylib
0x00000000201be000 	/System/Library/Frameworks/ImageIO.framework/Versions/A/Resources/libJP2.dylib
0x00000000201be000 	/System/Library/Frameworks/ImageIO.framework/Versions/A/Resources/libRadiance.dylib
0x00000000201be000 	/System/Library/PrivateFrameworks/AppleJPEG.framework/Versions/A/AppleJPEG
0x00000000201be000 	/System/Library/Frameworks/MetalPerformanceShaders.framework/Frameworks/MPSCore.framework/Versions/A/MPSCore
0x00000000201be000 	/System/Library/Frameworks/MetalPerformanceShaders.framework/Frameworks/MPSImage.framework/Versions/A/MPSImage
0x00000000201be000 	/System/Library/Frameworks/MetalPerformanceShaders.framework/Frameworks/MPSNeuralNetwork.framework/Versions/A/MPSNeuralNetwork
0x00000000201be000 	/System/Library/Frameworks/MetalPerformanceShaders.framework/Frameworks/MPSMatrix.framework/Versions/A/MPSMatrix
0x00000000201be000 	/System/Library/PrivateFrameworks/MetalTools.framework/Versions/A/MetalTools
0x00000000201be000 	/System/Library/Frameworks/OpenGL.framework/Versions/A/Libraries/libGLU.dylib
0x00000000201be000 	/System/Library/Frameworks/OpenGL.framework/Versions/A/Libraries/libGFXShared.dylib
0x00000000201be000 	/System/Library/Frameworks/OpenGL.framework/Versions/A/Libraries/libGL.dylib
0x00000000201be000 	/System/Library/Frameworks/OpenGL.framework/Versions/A/Libraries/libGLImage.dylib
0x00000000201be000 	/System/Library/Frameworks/OpenGL.framework/Versions/A/Libraries/libCVMSPluginSupport.dylib
0x00000000201be000 	/System/Library/Frameworks/OpenGL.framework/Versions/A/Libraries/libCoreVMClient.dylib
0x00000000201be000 	/usr/lib/libcups.2.dylib
0x00000000201be000 	/System/Library/Frameworks/Kerberos.framework/Versions/A/Kerberos
0x00000000201be000 	/System/Library/Frameworks/GSS.framework/Versions/A/GSS
0x00000000201be000 	/usr/lib/libresolv.9.dylib
0x00000000201be000 	/usr/lib/libiconv.2.dylib
0x00000000201be000 	/System/Library/PrivateFrameworks/Heimdal.framework/Versions/A/Heimdal
0x00000000201be000 	/usr/lib/libheimdal-asn1.dylib
0x00000000201be000 	/System/Library/Frameworks/OpenDirectory.framework/Versions/A/OpenDirectory
0x00000000201be000 	/System/Library/PrivateFrameworks/CommonAuth.framework/Versions/A/CommonAuth
0x00000000201be000 	/System/Library/Frameworks/OpenDirectory.framework/Versions/A/Frameworks/CFOpenDirectory.framework/Versions/A/CFOpenDirectory
0x00000000201be000 	/System/Library/Frameworks/SecurityFoundation.framework/Versions/A/SecurityFoundation
0x00000000201be000 	/System/Library/PrivateFrameworks/APFS.framework/Versions/A/APFS
0x00000000201be000 	/usr/lib/libutil.dylib
0x00000000201be000 	/System/Library/PrivateFrameworks/AppleSauce.framework/Versions/A/AppleSauce
0x00000000201be000 	/System/Library/PrivateFrameworks/LinguisticData.framework/Versions/A/LinguisticData
0x00000000201be000 	/usr/lib/libmarisa.dylib
0x00000000201be000 	/System/Library/PrivateFrameworks/Lexicon.framework/Versions/A/Lexicon
0x00000000201be000 	/usr/lib/libChineseTokenizer.dylib
0x00000000201be000 	/usr/lib/libcmph.dylib
0x00000000201be000 	/System/Library/PrivateFrameworks/LanguageModeling.framework/Versions/A/LanguageModeling
0x00000000201be000 	/System/Library/PrivateFrameworks/CoreEmoji.framework/Versions/A/CoreEmoji
0x00000000201be000 	/System/Library/Frameworks/ServiceManagement.framework/Versions/A/ServiceManagement
0x00000000201be000 	/System/Library/PrivateFrameworks/BackgroundTaskManagement.framework/Versions/A/BackgroundTaskManagement
0x00000000201be000 	/usr/lib/libxslt.1.dylib
0x00000000201be000 	/System/Library/Frameworks/Carbon.framework/Versions/A/Frameworks/Ink.framework/Versions/A/Ink
0x00000000201be000 	/System/Library/PrivateFrameworks/TextureIO.framework/Versions/A/TextureIO
0x00000000201be000 	/usr/lib/libate.dylib
0x00000000201be000 	/System/Library/PrivateFrameworks/CrashReporterSupport.framework/Versions/A/CrashReporterSupport
0x00000000201be000 	/System/Library/PrivateFrameworks/Sharing.framework/Versions/A/Sharing
0x00000000201be000 	/System/Library/PrivateFrameworks/IconServices.framework/Versions/A/IconServices
0x00000000201be000 	/System/Library/PrivateFrameworks/Apple80211.framework/Versions/A/Apple80211
0x00000000201be000 	/System/Library/PrivateFrameworks/CoreUtils.framework/Versions/A/CoreUtils
0x00000000201be000 	/System/Library/Frameworks/CoreWLAN.framework/Versions/A/CoreWLAN
0x00000000201be000 	/System/Library/Frameworks/IOBluetooth.framework/Versions/A/IOBluetooth
0x00000000201be000 	/System/Library/PrivateFrameworks/ProtocolBuffer.framework/Versions/A/ProtocolBuffer
0x00000000201be000 	/System/Library/PrivateFrameworks/CoreWiFi.framework/Versions/A/CoreWiFi
0x00000000201be000 	/System/Library/Frameworks/CoreBluetooth.framework/Versions/A/CoreBluetooth
0x00000000201be000 	/System/Library/PrivateFrameworks/DebugSymbols.framework/Versions/A/DebugSymbols
0x00000000201be000 	/System/Library/PrivateFrameworks/CoreSymbolication.framework/Versions/A/CoreSymbolication
0x00000000201be000 	/System/Library/PrivateFrameworks/Symbolication.framework/Versions/A/Symbolication
0x00000000201be000 	/System/Library/PrivateFrameworks/AppleFSCompression.framework/Versions/A/AppleFSCompression
0x00000000201be000 	/System/Library/PrivateFrameworks/SpeechRecognitionCore.framework/Versions/A/SpeechRecognitionCore
0x000000010ca00000 	/Library/Java/JavaVirtualMachines/jdk1.8.0_121.jdk/Contents/Home/jre/lib/server/libjvm.dylib
0x00000000201be000 	/usr/lib/libstdc++.6.0.9.dylib
0x000000010b937000 	/Library/Java/JavaVirtualMachines/jdk1.8.0_121.jdk/Contents/Home/jre/lib/libverify.dylib
0x000000010b945000 	/Library/Java/JavaVirtualMachines/jdk1.8.0_121.jdk/Contents/Home/jre/lib/libjava.dylib
0x000000010b9c4000 	/Library/Java/JavaVirtualMachines/jdk1.8.0_121.jdk/Contents/Home/jre/lib/libzip.dylib
0x00000000201be000 	/System/Library/Frameworks/JavaVM.framework/Versions/A/Frameworks/JavaRuntimeSupport.framework/Versions/A/JavaRuntimeSupport
0x00000000201be000 	/System/Library/Frameworks/JavaVM.framework/Versions/A/Frameworks/JavaNativeFoundation.framework/Versions/A/JavaNativeFoundation
0x00000000201be000 	/System/Library/Frameworks/JavaVM.framework/Versions/A/JavaVM
0x00000000201be000 	/System/Library/Frameworks/Carbon.framework/Versions/A/Carbon
0x00000000201be000 	/System/Library/PrivateFrameworks/JavaLaunching.framework/Versions/A/JavaLaunching
0x00000000201be000 	/System/Library/Frameworks/Carbon.framework/Versions/A/Frameworks/CommonPanels.framework/Versions/A/CommonPanels
0x00000000201be000 	/System/Library/Frameworks/Carbon.framework/Versions/A/Frameworks/Help.framework/Versions/A/Help
0x00000000201be000 	/System/Library/Frameworks/Carbon.framework/Versions/A/Frameworks/ImageCapture.framework/Versions/A/ImageCapture
0x00000000201be000 	/System/Library/Frameworks/Carbon.framework/Versions/A/Frameworks/OpenScripting.framework/Versions/A/OpenScripting
0x00000000201be000 	/System/Library/Frameworks/Carbon.framework/Versions/A/Frameworks/Print.framework/Versions/A/Print
0x00000000201be000 	/System/Library/Frameworks/Carbon.framework/Versions/A/Frameworks/SecurityHI.framework/Versions/A/SecurityHI
0x0000000125823000 	/Library/Java/JavaVirtualMachines/jdk1.8.0_121.jdk/Contents/Home/jre/lib/libawt.dylib
0x00000001258cb000 	/Library/Java/JavaVirtualMachines/jdk1.8.0_121.jdk/Contents/Home/jre/lib/./libmlib_image.dylib
0x0000000125997000 	/Library/Java/JavaVirtualMachines/jdk1.8.0_121.jdk/Contents/Home/jre/lib/libawt_lwawt.dylib
0x0000000125a4e000 	/Library/Java/JavaVirtualMachines/jdk1.8.0_121.jdk/Contents/Home/jre/lib/./libosxapp.dylib
0x00000000201be000 	/System/Library/Frameworks/ExceptionHandling.framework/Versions/A/ExceptionHandling
0x00000000201be000 	/System/Library/PrivateFrameworks/CoreServicesInternal.framework/Versions/A/CoreServicesInternal
0x00000000201be000 	/System/Library/CoreServices/RawCamera.bundle/Contents/MacOS/RawCamera
0x00000000201be000 	/System/Library/PrivateFrameworks/MobileAsset.framework/Versions/A/MobileAsset
0x00000000201be000 	/System/Library/PrivateFrameworks/StreamingZip.framework/Versions/A/StreamingZip
0x00000000201be000 	/System/Library/Frameworks/MediaToolbox.framework/Versions/A/MediaToolbox
0x00000000201be000 	/System/Library/PrivateFrameworks/CoreAVCHD.framework/Versions/A/CoreAVCHD
0x00000000201be000 	/System/Library/Frameworks/MediaAccessibility.framework/Versions/A/MediaAccessibility
0x00000000201be000 	/System/Library/PrivateFrameworks/Mangrove.framework/Versions/A/Mangrove
0x00000000201be000 	/System/Library/Frameworks/CoreMedia.framework/Versions/A/CoreMedia
0x00000000201be000 	/System/Library/Frameworks/VideoToolbox.framework/Versions/A/VideoToolbox
0x00000000201be000 	/System/Library/PrivateFrameworks/CoreAUC.framework/Versions/A/CoreAUC
0x00000000201be000 	/usr/lib/libspindump.dylib
0x00000000201be000 	/System/Library/PrivateFrameworks/AppleVA.framework/Versions/A/AppleVA
0x00000000201be000 	/System/Library/Frameworks/Accelerate.framework/Versions/A/Frameworks/vImage.framework/Versions/A/Libraries/libCGInterfaces.dylib
0x00000000201be000 	/System/Library/Frameworks/ApplicationServices.framework/Versions/A/Frameworks/ATS.framework/Versions/A/Resources/libTrueTypeScaler.dylib
0x00000000201be000 	/System/Library/Extensions/AppleIntelHD5000GraphicsMTLDriver.bundle/Contents/MacOS/AppleIntelHD5000GraphicsMTLDriver
0x0000000127c75000 	/System/Library/Extensions/AMDMTLBronzeDriver.bundle/Contents/MacOS/AMDMTLBronzeDriver
0x00000000201be000 	/System/Library/PrivateFrameworks/IOAccelMemoryInfo.framework/Versions/A/IOAccelMemoryInfo
0x00000000201be000 	/System/Library/PrivateFrameworks/GPUCompiler.framework/Versions/3802/Libraries/libmetal_timestamp.dylib
0x00000000201be000 	/System/Library/PrivateFrameworks/FamilyControls.framework/Versions/A/FamilyControls
0x00000000201be000 	/System/Library/PrivateFrameworks/CommerceKit.framework/Versions/A/Frameworks/CommerceCore.framework/Versions/A/CommerceCore
0x00000000201be000 	/System/Library/PrivateFrameworks/SystemAdministration.framework/Versions/A/SystemAdministration
0x00000000201be000 	/System/Library/PrivateFrameworks/AppContainer.framework/Versions/A/AppContainer
0x00000000201be000 	/System/Library/PrivateFrameworks/SecCodeWrapper.framework/Versions/A/SecCodeWrapper
0x00000000201be000 	/System/Library/PrivateFrameworks/DiskManagement.framework/Versions/A/DiskManagement
0x00000000201be000 	/System/Library/Frameworks/DirectoryService.framework/Versions/A/DirectoryService
0x00000000201be000 	/System/Library/PrivateFrameworks/DiskImages.framework/Versions/A/DiskImages
0x00000000201be000 	/System/Library/PrivateFrameworks/LoginUIKit.framework/Versions/A/Frameworks/LoginUICore.framework/Versions/A/LoginUICore
0x00000000201be000 	/usr/lib/libCoreStorage.dylib
0x00000000201be000 	/usr/lib/libcsfde.dylib
0x00000000201be000 	/usr/lib/libodfde.dylib
0x00000000201be000 	/System/Library/PrivateFrameworks/MediaKit.framework/Versions/A/MediaKit
0x00000000201be000 	/System/Library/Frameworks/DiscRecording.framework/Versions/A/DiscRecording
0x00000000201be000 	/System/Library/PrivateFrameworks/EFILogin.framework/Versions/A/EFILogin
0x00000000201be000 	/System/Library/PrivateFrameworks/ProtectedCloudStorage.framework/Versions/A/ProtectedCloudStorage
0x00000000201be000 	/usr/lib/libcurl.4.dylib
0x00000000201be000 	/usr/lib/libcrypto.35.dylib
0x00000000201be000 	/usr/lib/libssl.35.dylib
0x00000000201be000 	/System/Library/Frameworks/LDAP.framework/Versions/A/LDAP
0x00000000201be000 	/System/Library/PrivateFrameworks/TrustEvaluationAgent.framework/Versions/A/TrustEvaluationAgent
0x00000000201be000 	/usr/lib/libsasl2.2.dylib
0x00000000201be000 	/System/Library/PrivateFrameworks/CoreDaemon.framework/Versions/B/CoreDaemon
0x00000000201be000 	/System/Library/PrivateFrameworks/AppleSRP.framework/Versions/A/AppleSRP
0x00000000201be000 	/System/Library/Frameworks/OpenGL.framework/Versions/A/Resources/GLEngine.bundle/GLEngine
0x00000000201be000 	/System/Library/Frameworks/OpenGL.framework/Versions/A/Libraries/libGLProgrammability.dylib
0x00000001282e9000 	/System/Library/Extensions/AppleIntelHD5000GraphicsGLDriver.bundle/Contents/MacOS/AppleIntelHD5000GraphicsGLDriver
0x00000000201be000 	/System/Library/PrivateFrameworks/GPUSupport.framework/Versions/A/Libraries/libGPUSupportMercury.dylib
0x0000000128a51000 	/System/Library/Extensions/AMDRadeonX4000GLDriver.bundle/Contents/MacOS/AMDRadeonX4000GLDriver
0x00000000201be000 	/System/Library/Extensions/AMDRadeonX4000GLDriver.bundle/Contents/MacOS/ATIRadeonX4000SCLib.dylib
0x00000000201be000 	/System/Library/Frameworks/OpenGL.framework/Versions/A/Resources/GLRendererFloat.bundle/GLRendererFloat
0x00000000201be000 	/System/Library/Frameworks/OpenCL.framework/Versions/A/Libraries/libcldcpuengine.dylib
0x0000000128d07000 	/Library/Java/JavaVirtualMachines/jdk1.8.0_121.jdk/Contents/Home/jre/lib/libfontmanager.dylib
0x0000000128d6e000 	/Library/Java/JavaVirtualMachines/jdk1.8.0_121.jdk/Contents/Home/jre/lib/libosxui.dylib
0x00000000201be000 	/System/Library/PrivateFrameworks/ViewBridge.framework/Versions/A/ViewBridge
0x000000012bf7e000 	/Library/Java/JavaVirtualMachines/jdk1.8.0_121.jdk/Contents/Home/jre/lib/libnet.dylib
0x000000012b4b3000 	/Library/Java/JavaVirtualMachines/jdk1.8.0_121.jdk/Contents/Home/jre/lib/libnio.dylib
0x0000000143b9a000 	/Library/Java/JavaVirtualMachines/jdk1.8.0_121.jdk/Contents/Home/jre/lib/libjpeg.dylib
0x000000014bb70000 	/Library/Java/JavaVirtualMachines/jdk1.8.0_121.jdk/Contents/Home/jre/lib/liblcms.dylib
0x000000012cb11000 	/Library/Java/JavaVirtualMachines/jdk1.8.0_121.jdk/Contents/Home/jre/lib/libdcpr.dylib

VM Arguments:
jvm_args: -Xmx2000m -Dfile.encoding=UTF-8 
java_command: com.mdu.DrawLine.DLTunnel
java_class_path (initial): /Library/Java/JavaVirtualMachines/jdk1.8.0_121.jdk/Contents/Home/jre/lib/resources.jar:/Library/Java/JavaVirtualMachines/jdk1.8.0_121.jdk/Contents/Home/jre/lib/rt.jar:/Library/Java/JavaVirtualMachines/jdk1.8.0_121.jdk/Contents/Home/jre/lib/jsse.jar:/Library/Java/JavaVirtualMachines/jdk1.8.0_121.jdk/Contents/Home/jre/lib/jce.jar:/Library/Java/JavaVirtualMachines/jdk1.8.0_121.jdk/Contents/Home/jre/lib/charsets.jar:/Library/Java/JavaVirtualMachines/jdk1.8.0_121.jdk/Contents/Home/jre/lib/jfr.jar:/Library/Java/JavaVirtualMachines/jdk1.8.0_121.jdk/Contents/Home/jre/lib/ext/sunec.jar:/Library/Java/JavaVirtualMachines/jdk1.8.0_121.jdk/Contents/Home/jre/lib/ext/nashorn.jar:/Library/Java/JavaVirtualMachines/jdk1.8.0_121.jdk/Contents/Home/jre/lib/ext/cldrdata.jar:/Library/Java/JavaVirtualMachines/jdk1.8.0_121.jdk/Contents/Home/jre/lib/ext/jfxrt.jar:/Library/Java/JavaVirtualMachines/jdk1.8.0_121.jdk/Contents/Home/jre/lib/ext/dnsns.jar:/Library/Java/JavaVirtualMachines/jdk1.8.0_121.jdk/Contents/Home/jre/lib/ext/localedata.jar:/Library/Java/JavaVirtualMachines/jdk1.8.0_121.jdk/Contents/Home/jre/lib/ext/sunjce_provider.jar:/Library/Java/JavaVirtualMachines/jdk1.8.0_121.jdk/Contents/Home/jre/lib/ext/sunpkcs11.jar:/Library/Java/JavaVirtualMachines/jdk1.8.0_121.jdk/Contents/Home/jre/lib/ext/jaccess.jar:/Library/Java/JavaVirtualMachines/jdk1.8.0_121.jdk/Contents/Home/jre/lib/ext/zipfs.jar:/System/Library/Java/Extensions/MRJToolkit.jar:/Users/mdurocher/Documents/ws-android2/DrawLine/target:/Users/mdurocher/Documents/ws-android2/DrawLine/lib/jsoup-1.8.1.jar
Launcher Type: SUN_STANDARD

Environment Variables:
PATH=/usr/bin:/bin:/usr/sbin:/sbin
SHELL=/bin/bash
DISPLAY=/private/tmp/com.apple.launchd.mXv02gRhBn/org.macosforge.xquartz:0

Signal Handlers:
SIGSEGV: [libjvm.dylib+0x5b1141], sa_mask[0]=11111111011111110111111111111111, sa_flags=SA_ONSTACK|SA_RESTART|SA_SIGINFO
SIGBUS: [libjvm.dylib+0x5b1141], sa_mask[0]=11111111011111110111111111111111, sa_flags=SA_RESTART|SA_SIGINFO
SIGFPE: [libjvm.dylib+0x487bc4], sa_mask[0]=11111111011111110111111111111111, sa_flags=SA_RESTART|SA_SIGINFO
SIGPIPE: [libjvm.dylib+0x487bc4], sa_mask[0]=11111111011111110111111111111111, sa_flags=SA_RESTART|SA_SIGINFO
SIGXFSZ: [libjvm.dylib+0x487bc4], sa_mask[0]=11111111011111110111111111111111, sa_flags=SA_RESTART|SA_SIGINFO
SIGILL: [libjvm.dylib+0x487bc4], sa_mask[0]=11111111011111110111111111111111, sa_flags=SA_RESTART|SA_SIGINFO
SIGUSR1: SIG_DFL, sa_mask[0]=00000000000000000000000000000000, sa_flags=none
SIGUSR2: [libjvm.dylib+0x4876e2], sa_mask[0]=00100000000000000000000000000000, sa_flags=SA_RESTART|SA_SIGINFO
SIGHUP: [libjvm.dylib+0x485cb9], sa_mask[0]=11111111011111110111111111111111, sa_flags=SA_RESTART|SA_SIGINFO
SIGINT: [libjvm.dylib+0x485cb9], sa_mask[0]=11111111011111110111111111111111, sa_flags=SA_RESTART|SA_SIGINFO
SIGTERM: [libjvm.dylib+0x485cb9], sa_mask[0]=11111111011111110111111111111111, sa_flags=SA_RESTART|SA_SIGINFO
SIGQUIT: [libjvm.dylib+0x485cb9], sa_mask[0]=11111111011111110111111111111111, sa_flags=SA_RESTART|SA_SIGINFO


---------------  S Y S T E M  ---------------

OS:Bsduname:Darwin 17.5.0 Darwin Kernel Version 17.5.0: Mon Mar  5 22:24:32 PST 2018; root:xnu-4570.51.1~1/RELEASE_X86_64 x86_64
rlimit: STACK 8192k, CORE 0k, NPROC 1418, NOFILE 10240, AS infinity
load average:3.28 3.00 2.80

CPU:total 8 (4 cores per cpu, 2 threads per core) family 6 model 70 stepping 1, cmov, cx8, fxsr, mmx, sse, sse2, sse3, ssse3, sse4.1, sse4.2, popcnt, avx, avx2, aes, clmul, erms, lzcnt, ht, tsc, tscinvbit, bmi1, bmi2

Memory: 4k page, physical 16777216k(1608504k free)

/proc/meminfo:


vm_info: Java HotSpot(TM) 64-Bit Server VM (25.121-b13) for bsd-amd64 JRE (1.8.0_121-b13), built on Dec 12 2016 20:39:32 by "java_re" with gcc 4.2.1 (Based on Apple Inc. build 5658) (LLVM build 2336.11.00)

time: Wed Apr 25 09:35:18 2018
elapsed time: 157 seconds (0d 0h 2m 37s)

