#
# A fatal error has been detected by the Java Runtime Environment:
#
#  SIGSEGV (0xb) at pc=0x000000012249e2d7, pid=86121, tid=0x0000000000013907
#
# JRE version: Java(TM) SE Runtime Environment (8.0_121-b13) (build 1.8.0_121-b13)
# Java VM: Java HotSpot(TM) 64-Bit Server VM (25.121-b13 mixed mode bsd-amd64 compressed oops)
# Problematic frame:
# C  [libawt_lwawt.dylib+0x1c2d7]  OGLSD_SetScratchSurface+0x49
#
# Failed to write core dump. Core dumps have been disabled. To enable core dumping, try "ulimit -c unlimited" before starting Java again
#
# If you would like to submit a bug report, please visit:
#   http://bugreport.java.com/bugreport/crash.jsp
# The crash happened outside the Java Virtual Machine in native code.
# See problematic frame for where to report the bug.
#

---------------  T H R E A D  ---------------

Current thread (0x00007fdeaf944000):  JavaThread "Java2D Queue Flusher" daemon [_thread_in_native, id=80135, stack(0x000070000987a000,0x000070000997a000)]

siginfo: si_signo: 11 (SIGSEGV), si_code: 1 (SEGV_MAPERR), si_addr: 0x0000000000000002

Registers:
RAX=0x00000001224bee26, RBX=0x0000000000000002, RCX=0x0000000000000047, RDX=0x00000001224bf370
RSP=0x0000700009979800, RBP=0x0000700009979820, RSI=0x00007fdeaf407c00, RDI=0x00007fdeaf9441f8
R8 =0x0000000000000000, R9 =0x00000000d80010d0, R10=0x0000000106457d78, R11=0x0000000000000020
R12=0x0000000000000000, R13=0x00000006c000c660, R14=0x00007fdeaf9441f8, R15=0x00007fdeaf944000
RIP=0x000000012249e2d7, EFLAGS=0x0000000000010202, ERR=0x0000000000000004
  TRAPNO=0x000000000000000e

Top of Stack: (sp=0x0000700009979800)
0x0000700009979800:   00007fdeaf407c00 0000000000000000
0x0000700009979810:   00007fdeaf951a10 00007fdeaf944000
0x0000700009979820:   00007000099798a0 00000001224bee4e
0x0000700009979830:   0000000000000064 00007fdeaf4663b8
0x0000700009979840:   00007000099798a0 000000010554f494
0x0000700009979850:   0000000000000005 00007fdeaf944000
0x0000700009979860:   00000006c000c601 00007fdeaf951a20
0x0000700009979870:   0000700000979800 00007fdeaf9441f8
0x0000700009979880:   0000000000000000 0000000000000000
0x0000700009979890:   0000700009979960 00007fdeaf944000
0x00007000099798a0:   00007000099798f0 0000000106457dea
0x00007000099798b0:   00000006c0008668 000000000000000a
0x00007000099798c0:   00007fdeb1203b40 0000000000000000
0x00007000099798d0:   0000000000000000 00000006c000c660
0x00007000099798e0:   0000700009979960 00007fdeaf944000
0x00007000099798f0:   00000000d80010cd 00000001064fd67c
0x0000700009979900:   00000000064fd250 00000006c0008668
0x0000700009979910:   0000000000000000 00000006c000c660
0x0000700009979920:   00000006c000c660 0000000000000000
0x0000700009979930:   0000700009979960 00007000099799d0
0x0000700009979940:   0000000000000001 0000000000000000
0x0000700009979950:   00007000099799d0 00000001061a27a7
0x0000700009979960:   00000006c000c660 00000006c0016000
0x0000700009979970:   0000700000001fa0 000000000000000a
0x0000700009979980:   00007fdeaf944000 0000000000000001
0x0000700009979990:   00000001061a271f 000000011eb84c48
0x00007000099799a0:   0000700009979a68 0000700009979d00
0x00007000099799b0:   000000010000000a 000000011eb84c48
0x00007000099799c0:   00000001061b5120 0000700009979c70
0x00007000099799d0:   0000700009979b80 00000001054ed9d6
0x00007000099799e0:   0000700000000001 00007fdeaf944000
0x00007000099799f0:   00007fdeaf944000 0000700009979d00 

Instructions: (pc=0x000000012249e2d7)
0x000000012249e2b7:   c0 e9 82 00 00 00 48 8b 5e 10 48 85 db 75 0e bf
0x000000012249e2c7:   01 00 00 00 48 8d 15 0a 7e 03 00 eb d6 49 89 fe
0x000000012249e2d7:   4c 8b 3b 30 c0 e8 d9 a8 02 00 49 8b 3f 49 89 c4
0x000000012249e2e7:   48 8b 35 d2 03 06 00 30 c0 e8 e5 a9 02 00 48 85 

Register to memory mapping:

RAX=0x00000001224bee26: Java_sun_java2d_opengl_OGLRenderQueue_flushBuffer+0x612 in /Library/Java/JavaVirtualMachines/jdk1.8.0_121.jdk/Contents/Home/jre/lib/libawt_lwawt.dylib at 0x0000000122482000
RBX=0x0000000000000002 is an unknown value
RCX=0x0000000000000047 is an unknown value
RDX=0x00000001224bf370: Java_sun_java2d_opengl_OGLRenderQueue_flushBuffer+0xb5c in /Library/Java/JavaVirtualMachines/jdk1.8.0_121.jdk/Contents/Home/jre/lib/libawt_lwawt.dylib at 0x0000000122482000
RSP=0x0000700009979800 is pointing into the stack for thread: 0x00007fdeaf944000
RBP=0x0000700009979820 is pointing into the stack for thread: 0x00007fdeaf944000
RSI=0x00007fdeaf407c00 is an unknown value
RDI=0x00007fdeaf9441f8 is an unknown value
R8 =0x0000000000000000 is an unknown value
R9 =0x00000000d80010d0 is an unknown value
R10=0x0000000106457d78 is at entry_point+56 in (nmethod*)0x0000000106457bd0
R11=0x0000000000000020 is an unknown value
R12=0x0000000000000000 is an unknown value
R13=0x00000006c000c660 is an oop
sun.java2d.opengl.OGLRenderQueue$QueueFlusher 
 - klass: 'sun/java2d/opengl/OGLRenderQueue$QueueFlusher'
R14=0x00007fdeaf9441f8 is an unknown value
R15=0x00007fdeaf944000 is a thread


Stack: [0x000070000987a000,0x000070000997a000],  sp=0x0000700009979800,  free space=1022k
Native frames: (J=compiled Java code, j=interpreted, Vv=VM code, C=native code)
C  [libawt_lwawt.dylib+0x1c2d7]  OGLSD_SetScratchSurface+0x49
C  [libawt_lwawt.dylib+0x3ce4e]  Java_sun_java2d_opengl_OGLRenderQueue_flushBuffer+0x63a
J 760  sun.java2d.opengl.OGLRenderQueue.flushBuffer(JI)V (0 bytes) @ 0x0000000106457dea [0x0000000106457d40+0xaa]
J 1405% C2 sun.java2d.opengl.OGLRenderQueue$QueueFlusher.run()V (234 bytes) @ 0x00000001064fd67c [0x00000001064fd5a0+0xdc]
v  ~StubRoutines::call_stub
V  [libjvm.dylib+0x2ed9d6]  JavaCalls::call_helper(JavaValue*, methodHandle*, JavaCallArguments*, Thread*)+0x6ae
V  [libjvm.dylib+0x2ee164]  JavaCalls::call_virtual(JavaValue*, KlassHandle, Symbol*, Symbol*, JavaCallArguments*, Thread*)+0x164
V  [libjvm.dylib+0x2ee310]  JavaCalls::call_virtual(JavaValue*, Handle, KlassHandle, Symbol*, Symbol*, Thread*)+0x4a
V  [libjvm.dylib+0x348a5d]  thread_entry(JavaThread*, Thread*)+0x7c
V  [libjvm.dylib+0x56ab0f]  JavaThread::thread_main_inner()+0x9b
V  [libjvm.dylib+0x56c1fc]  JavaThread::run()+0x1c2
V  [libjvm.dylib+0x48a5b2]  java_start(Thread*)+0xf6
C  [libsystem_pthread.dylib+0x3661]  _pthread_body+0x154
C  [libsystem_pthread.dylib+0x350d]  _pthread_body+0x0
C  [libsystem_pthread.dylib+0x2bf9]  thread_start+0xd
C  0x0000000000000000

Java frames: (J=compiled Java code, j=interpreted, Vv=VM code)
J 760  sun.java2d.opengl.OGLRenderQueue.flushBuffer(JI)V (0 bytes) @ 0x0000000106457d78 [0x0000000106457d40+0x38]
J 1405% C2 sun.java2d.opengl.OGLRenderQueue$QueueFlusher.run()V (234 bytes) @ 0x00000001064fd67c [0x00000001064fd5a0+0xdc]
v  ~StubRoutines::call_stub

---------------  P R O C E S S  ---------------

Java Threads: ( => current thread )
  0x00007fdeb09b4000 JavaThread "DestroyJavaVM" [_thread_blocked, id=9219, stack(0x00007000081af000,0x00007000082af000)]
  0x00007fdeb2276800 JavaThread "Thread-0" [_thread_blocked, id=61203, stack(0x0000700009c06000,0x0000700009d06000)]
  0x00007fdeaf9b9000 JavaThread "AWT-EventQueue-0" [_thread_blocked, id=56855, stack(0x0000700009b03000,0x0000700009c03000)]
  0x00007fdeaf94c800 JavaThread "Java2D Disposer" daemon [_thread_blocked, id=54543, stack(0x000070000997d000,0x0000700009a7d000)]
=>0x00007fdeaf944000 JavaThread "Java2D Queue Flusher" daemon [_thread_in_native, id=80135, stack(0x000070000987a000,0x000070000997a000)]
  0x00007fdeaf8bf000 JavaThread "AWT-Shutdown" [_thread_blocked, id=37163, stack(0x000070000956b000,0x000070000966b000)]
  0x00007fdeaf8b6000 JavaThread "AppKit Thread" daemon [_thread_blocked, id=775, stack(0x00007ffeebcb6000,0x00007ffeec4b6000)]
  0x00007fdeb207e800 JavaThread "Service Thread" daemon [_thread_blocked, id=15363, stack(0x00007000092e2000,0x00007000093e2000)]
  0x00007fdeaf815800 JavaThread "C1 CompilerThread3" daemon [_thread_blocked, id=15619, stack(0x00007000091df000,0x00007000092df000)]
  0x00007fdeb0001800 JavaThread "C2 CompilerThread2" daemon [_thread_blocked, id=15875, stack(0x00007000090dc000,0x00007000091dc000)]
  0x00007fdeb0000800 JavaThread "C2 CompilerThread1" daemon [_thread_blocked, id=13827, stack(0x0000700008fd9000,0x00007000090d9000)]
  0x00007fdeb0016000 JavaThread "C2 CompilerThread0" daemon [_thread_blocked, id=13571, stack(0x0000700008ed6000,0x0000700008fd6000)]
  0x00007fdeb3000000 JavaThread "Signal Dispatcher" daemon [_thread_blocked, id=16391, stack(0x0000700008dd3000,0x0000700008ed3000)]
  0x00007fdeaf820000 JavaThread "Finalizer" daemon [_thread_blocked, id=18691, stack(0x0000700008cd0000,0x0000700008dd0000)]
  0x00007fdeb0832800 JavaThread "Reference Handler" daemon [_thread_blocked, id=19203, stack(0x0000700008bcd000,0x0000700008ccd000)]

Other Threads:
  0x00007fdeb082e000 VMThread [stack: 0x0000700008aca000,0x0000700008bca000] [id=19715]
  0x00007fdeaf835800 WatcherThread [stack: 0x00007000093e5000,0x00007000094e5000] [id=15107]

VM state:not at safepoint (normal execution)

VM Mutex/Monitor currently owned by a thread: None

Heap:
 PSYoungGen      total 27648K, used 19405K [0x000000076ab00000, 0x000000076c700000, 0x00000007c0000000)
  eden space 26624K, 72% used [0x000000076ab00000,0x000000076bdf3570,0x000000076c500000)
  from space 1024K, 0% used [0x000000076c600000,0x000000076c600000,0x000000076c700000)
  to   space 1024K, 0% used [0x000000076c500000,0x000000076c500000,0x000000076c600000)
 ParOldGen       total 47616K, used 4044K [0x00000006c0000000, 0x00000006c2e80000, 0x000000076ab00000)
  object space 47616K, 8% used [0x00000006c0000000,0x00000006c03f3248,0x00000006c2e80000)
 Metaspace       used 11448K, capacity 11632K, committed 11776K, reserved 1058816K
  class space    used 1327K, capacity 1407K, committed 1536K, reserved 1048576K

Card table byte_map: [0x00000001151a2000,0x00000001159a3000] byte_map_base: 0x0000000111ba2000

Marking Bits: (ParMarkBitMap*) 0x0000000105af0d30
 Begin Bits: [0x0000000115ef9000, 0x0000000119ef9000)
 End Bits:   [0x0000000119ef9000, 0x000000011def9000)

Polling page: 0x00000001037ce000

CodeCache: size=245760Kb used=4595Kb max_used=4601Kb free=241164Kb
 bounds [0x00000001061a2000, 0x0000000106632000, 0x00000001151a2000]
 total_blobs=1722 nmethods=1222 adapters=414
 compilation: enabled

Compilation events (10 events):
Event: 23256.704 Thread 0x00007fdeb0000800 nmethod 1449 0x0000000106477750 code [0x00000001064778c0, 0x0000000106477978]
Event: 23256.707 Thread 0x00007fdeb0001800 nmethod 1447 0x00000001063ba350 code [0x00000001063ba660, 0x00000001063bbb80]
Event: 23256.716 Thread 0x00007fdeb0016000 1450       4       java.awt.Component::getGraphics (124 bytes)
Event: 23256.737 Thread 0x00007fdeb0016000 nmethod 1450 0x00000001064f96d0 code [0x00000001064f99e0, 0x00000001064fb640]
Event: 23258.286 Thread 0x00007fdeaf815800 1451       3       sun.java2d.pipe.BufferedContext::setClip (299 bytes)
Event: 23258.287 Thread 0x00007fdeaf815800 nmethod 1451 0x0000000106470910 code [0x0000000106470c40, 0x0000000106473498]
Event: 23269.980 Thread 0x00007fdeb0000800 1452       4       sun.java2d.SunGraphics2D::validateColor (102 bytes)
Event: 23269.982 Thread 0x00007fdeb0000800 nmethod 1452 0x00000001063a5250 code [0x00000001063a53a0, 0x00000001063a54d8]
Event: 23270.587 Thread 0x00007fdeb0016000 1453       4       sun.java2d.SunGraphics2D::<init> (180 bytes)
Event: 23270.600 Thread 0x00007fdeb0016000 nmethod 1453 0x00000001066107d0 code [0x0000000106610a40, 0x0000000106611530]

GC Heap History (10 events):
Event: 23274.098 GC heap before
{Heap before GC invocations=84425 (full 42):
 PSYoungGen      total 27648K, used 27199K [0x000000076ab00000, 0x000000076c700000, 0x00000007c0000000)
  eden space 26624K, 100% used [0x000000076ab00000,0x000000076c500000,0x000000076c500000)
  from space 1024K, 56% used [0x000000076c600000,0x000000076c68fe70,0x000000076c700000)
  to   space 1024K, 0% used [0x000000076c500000,0x000000076c500000,0x000000076c600000)
 ParOldGen       total 50176K, used 50077K [0x00000006c0000000, 0x00000006c3100000, 0x000000076ab00000)
  object space 50176K, 99% used [0x00000006c0000000,0x00000006c30e76e8,0x00000006c3100000)
 Metaspace       used 11448K, capacity 11632K, committed 11776K, reserved 1058816K
  class space    used 1327K, capacity 1407K, committed 1536K, reserved 1048576K
Event: 23274.100 GC heap after
Heap after GC invocations=84425 (full 42):
 PSYoungGen      total 27648K, used 575K [0x000000076ab00000, 0x000000076c700000, 0x00000007c0000000)
  eden space 26624K, 0% used [0x000000076ab00000,0x000000076ab00000,0x000000076c500000)
  from space 1024K, 56% used [0x000000076c500000,0x000000076c58fe70,0x000000076c600000)
  to   space 1024K, 0% used [0x000000076c600000,0x000000076c600000,0x000000076c700000)
 ParOldGen       total 50176K, used 50101K [0x00000006c0000000, 0x00000006c3100000, 0x000000076ab00000)
  object space 50176K, 99% used [0x00000006c0000000,0x00000006c30ed6e8,0x00000006c3100000)
 Metaspace       used 11448K, capacity 11632K, committed 11776K, reserved 1058816K
  class space    used 1327K, capacity 1407K, committed 1536K, reserved 1048576K
}
Event: 23274.373 GC heap before
{Heap before GC invocations=84426 (full 42):
 PSYoungGen      total 27648K, used 27199K [0x000000076ab00000, 0x000000076c700000, 0x00000007c0000000)
  eden space 26624K, 100% used [0x000000076ab00000,0x000000076c500000,0x000000076c500000)
  from space 1024K, 56% used [0x000000076c500000,0x000000076c58fe70,0x000000076c600000)
  to   space 1024K, 0% used [0x000000076c600000,0x000000076c600000,0x000000076c700000)
 ParOldGen       total 50176K, used 50101K [0x00000006c0000000, 0x00000006c3100000, 0x000000076ab00000)
  object space 50176K, 99% used [0x00000006c0000000,0x00000006c30ed6e8,0x00000006c3100000)
 Metaspace       used 11448K, capacity 11632K, committed 11776K, reserved 1058816K
  class space    used 1327K, capacity 1407K, committed 1536K, reserved 1048576K
Event: 23274.374 GC heap after
Heap after GC invocations=84426 (full 42):
 PSYoungGen      total 27648K, used 575K [0x000000076ab00000, 0x000000076c700000, 0x00000007c0000000)
  eden space 26624K, 0% used [0x000000076ab00000,0x000000076ab00000,0x000000076c500000)
  from space 1024K, 56% used [0x000000076c600000,0x000000076c68fe70,0x000000076c700000)
  to   space 1024K, 0% used [0x000000076c500000,0x000000076c500000,0x000000076c600000)
 ParOldGen       total 50176K, used 50109K [0x00000006c0000000, 0x00000006c3100000, 0x000000076ab00000)
  object space 50176K, 99% used [0x00000006c0000000,0x00000006c30ef6e8,0x00000006c3100000)
 Metaspace       used 11448K, capacity 11632K, committed 11776K, reserved 1058816K
  class space    used 1327K, capacity 1407K, committed 1536K, reserved 1048576K
}
Event: 23274.642 GC heap before
{Heap before GC invocations=84427 (full 42):
 PSYoungGen      total 27648K, used 27199K [0x000000076ab00000, 0x000000076c700000, 0x00000007c0000000)
  eden space 26624K, 100% used [0x000000076ab00000,0x000000076c500000,0x000000076c500000)
  from space 1024K, 56% used [0x000000076c600000,0x000000076c68fe70,0x000000076c700000)
  to   space 1024K, 0% used [0x000000076c500000,0x000000076c500000,0x000000076c600000)
 ParOldGen       total 50176K, used 50109K [0x00000006c0000000, 0x00000006c3100000, 0x000000076ab00000)
  object space 50176K, 99% used [0x00000006c0000000,0x00000006c30ef6e8,0x00000006c3100000)
 Metaspace       used 11448K, capacity 11632K, committed 11776K, reserved 1058816K
  class space    used 1327K, capacity 1407K, committed 1536K, reserved 1048576K
Event: 23274.645 GC heap after
Heap after GC invocations=84427 (full 42):
 PSYoungGen      total 27648K, used 394K [0x000000076ab00000, 0x000000076c700000, 0x00000007c0000000)
  eden space 26624K, 0% used [0x000000076ab00000,0x000000076ab00000,0x000000076c500000)
  from space 1024K, 38% used [0x000000076c500000,0x000000076c5629a0,0x000000076c600000)
  to   space 1024K, 0% used [0x000000076c600000,0x000000076c600000,0x000000076c700000)
 ParOldGen       total 50176K, used 50117K [0x00000006c0000000, 0x00000006c3100000, 0x000000076ab00000)
  object space 50176K, 99% used [0x00000006c0000000,0x00000006c30f16e8,0x00000006c3100000)
 Metaspace       used 11448K, capacity 11632K, committed 11776K, reserved 1058816K
  class space    used 1327K, capacity 1407K, committed 1536K, reserved 1048576K
}
Event: 23274.913 GC heap before
{Heap before GC invocations=84428 (full 42):
 PSYoungGen      total 27648K, used 27018K [0x000000076ab00000, 0x000000076c700000, 0x00000007c0000000)
  eden space 26624K, 100% used [0x000000076ab00000,0x000000076c500000,0x000000076c500000)
  from space 1024K, 38% used [0x000000076c500000,0x000000076c5629a0,0x000000076c600000)
  to   space 1024K, 0% used [0x000000076c600000,0x000000076c600000,0x000000076c700000)
 ParOldGen       total 50176K, used 50117K [0x00000006c0000000, 0x00000006c3100000, 0x000000076ab00000)
  object space 50176K, 99% used [0x00000006c0000000,0x00000006c30f16e8,0x00000006c3100000)
 Metaspace       used 11448K, capacity 11632K, committed 11776K, reserved 1058816K
  class space    used 1327K, capacity 1407K, committed 1536K, reserved 1048576K
Event: 23274.914 GC heap after
Heap after GC invocations=84428 (full 42):
 PSYoungGen      total 27648K, used 575K [0x000000076ab00000, 0x000000076c700000, 0x00000007c0000000)
  eden space 26624K, 0% used [0x000000076ab00000,0x000000076ab00000,0x000000076c500000)
  from space 1024K, 56% used [0x000000076c600000,0x000000076c68fe70,0x000000076c700000)
  to   space 1024K, 0% used [0x000000076c500000,0x000000076c500000,0x000000076c600000)
 ParOldGen       total 50176K, used 50141K [0x00000006c0000000, 0x00000006c3100000, 0x000000076ab00000)
  object space 50176K, 99% used [0x00000006c0000000,0x00000006c30f76e8,0x00000006c3100000)
 Metaspace       used 11448K, capacity 11632K, committed 11776K, reserved 1058816K
  class space    used 1327K, capacity 1407K, committed 1536K, reserved 1048576K
}
Event: 23274.914 GC heap before
{Heap before GC invocations=84429 (full 43):
 PSYoungGen      total 27648K, used 575K [0x000000076ab00000, 0x000000076c700000, 0x00000007c0000000)
  eden space 26624K, 0% used [0x000000076ab00000,0x000000076ab00000,0x000000076c500000)
  from space 1024K, 56% used [0x000000076c600000,0x000000076c68fe70,0x000000076c700000)
  to   space 1024K, 0% used [0x000000076c500000,0x000000076c500000,0x000000076c600000)
 ParOldGen       total 50176K, used 50141K [0x00000006c0000000, 0x00000006c3100000, 0x000000076ab00000)
  object space 50176K, 99% used [0x00000006c0000000,0x00000006c30f76e8,0x00000006c3100000)
 Metaspace       used 11448K, capacity 11632K, committed 11776K, reserved 1058816K
  class space    used 1327K, capacity 1407K, committed 1536K, reserved 1048576K
Event: 23274.929 GC heap after
Heap after GC invocations=84429 (full 43):
 PSYoungGen      total 27648K, used 0K [0x000000076ab00000, 0x000000076c700000, 0x00000007c0000000)
  eden space 26624K, 0% used [0x000000076ab00000,0x000000076ab00000,0x000000076c500000)
  from space 1024K, 0% used [0x000000076c600000,0x000000076c600000,0x000000076c700000)
  to   space 1024K, 0% used [0x000000076c500000,0x000000076c500000,0x000000076c600000)
 ParOldGen       total 47616K, used 4044K [0x00000006c0000000, 0x00000006c2e80000, 0x000000076ab00000)
  object space 47616K, 8% used [0x00000006c0000000,0x00000006c03f3248,0x00000006c2e80000)
 Metaspace       used 11448K, capacity 11632K, committed 11776K, reserved 1058816K
  class space    used 1327K, capacity 1407K, committed 1536K, reserved 1048576K
}

Deoptimization events (10 events):
Event: 23243.489 Thread 0x00007fdeb2276800 Uncommon trap: reason=unstable_if action=reinterpret pc=0x00000001062bc03c method=sun.java2d.pipe.Region.clipScale(ID)I @ 3
Event: 23243.489 Thread 0x00007fdeb2276800 Uncommon trap: reason=unstable_if action=reinterpret pc=0x00000001062bc03c method=sun.java2d.pipe.Region.clipScale(ID)I @ 3
Event: 23243.489 Thread 0x00007fdeb2276800 Uncommon trap: reason=unstable_if action=reinterpret pc=0x00000001062bc03c method=sun.java2d.pipe.Region.clipScale(ID)I @ 3
Event: 23243.489 Thread 0x00007fdeaf9b9000 Uncommon trap: reason=class_check action=maybe_recompile pc=0x000000010658207c method=sun.java2d.SurfaceData.getSourceSurfaceData(Ljava/awt/Image;ILsun/java2d/loops/CompositeType;Ljava/awt/Color;)Lsun/java2d/SurfaceData; @ 8
Event: 23243.489 Thread 0x00007fdeaf9b9000 Uncommon trap: reason=unstable_if action=reinterpret pc=0x00000001064dda18 method=sun.java2d.loops.RenderCache.get(Lsun/java2d/loops/SurfaceType;Lsun/java2d/loops/CompositeType;Lsun/java2d/loops/SurfaceType;)Ljava/lang/Object; @ 52
Event: 23243.491 Thread 0x00007fdeaf9b9000 Uncommon trap: reason=class_check action=maybe_recompile pc=0x000000010658207c method=sun.java2d.SurfaceData.getSourceSurfaceData(Ljava/awt/Image;ILsun/java2d/loops/CompositeType;Ljava/awt/Color;)Lsun/java2d/SurfaceData; @ 8
Event: 23243.592 Thread 0x00007fdeaf8b6000 Uncommon trap: reason=unstable_if action=reinterpret pc=0x00000001064eaca4 method=java.util.concurrent.locks.AbstractQueuedSynchronizer.acquireQueued(Ljava/util/concurrent/locks/AbstractQueuedSynchronizer$Node;I)Z @ 17
Event: 23243.599 Thread 0x00007fdeaf9b9000 Uncommon trap: reason=class_check action=maybe_recompile pc=0x000000010658207c method=sun.java2d.SurfaceData.getSourceSurfaceData(Ljava/awt/Image;ILsun/java2d/loops/CompositeType;Ljava/awt/Color;)Lsun/java2d/SurfaceData; @ 8
Event: 23274.959 Thread 0x00007fdeaf94c800 Uncommon trap: reason=class_check action=maybe_recompile pc=0x000000010648a388 method=sun.java2d.Disposer.run()V @ 21
Event: 23275.060 Thread 0x00007fdeaf94c800 Uncommon trap: reason=class_check action=maybe_recompile pc=0x000000010648a388 method=sun.java2d.Disposer.run()V @ 21

Internal exceptions (10 events):
Event: 0.075 Thread 0x00007fdeb2005000 Exception <a 'java/lang/NoSuchMethodError': Method sun.misc.Unsafe.prefetchRead(Ljava/lang/Object;J)V name or signature does not match> (0x000000076ab07f90) thrown at [/Users/java_re/workspace/8-2-build-macosx-x86_64/jdk8u121/8372/hotspot/src/share/vm/pri
Event: 0.202 Thread 0x00007fdeb2005000 Exception <a 'java/security/PrivilegedActionException'> (0x000000076abe6718) thrown at [/Users/java_re/workspace/8-2-build-macosx-x86_64/jdk8u121/8372/hotspot/src/share/vm/prims/jvm.cpp, line 1390]
Event: 0.202 Thread 0x00007fdeb2005000 Exception <a 'java/security/PrivilegedActionException'> (0x000000076abe6928) thrown at [/Users/java_re/workspace/8-2-build-macosx-x86_64/jdk8u121/8372/hotspot/src/share/vm/prims/jvm.cpp, line 1390]
Event: 0.202 Thread 0x00007fdeb2005000 Exception <a 'java/security/PrivilegedActionException'> (0x000000076abe9c58) thrown at [/Users/java_re/workspace/8-2-build-macosx-x86_64/jdk8u121/8372/hotspot/src/share/vm/prims/jvm.cpp, line 1390]
Event: 0.202 Thread 0x00007fdeb2005000 Exception <a 'java/security/PrivilegedActionException'> (0x000000076abe9e68) thrown at [/Users/java_re/workspace/8-2-build-macosx-x86_64/jdk8u121/8372/hotspot/src/share/vm/prims/jvm.cpp, line 1390]
Event: 0.255 Thread 0x00007fdeb2005000 Exception <a 'java/lang/NoSuchFieldError': method resolution failed> (0x000000076adfe928) thrown at [/Users/java_re/workspace/8-2-build-macosx-x86_64/jdk8u121/8372/hotspot/src/share/vm/prims/methodHandles.cpp, line 1146]
Event: 0.256 Thread 0x00007fdeb2005000 Exception <a 'java/lang/NoSuchFieldError': method resolution failed> (0x000000076ae0c078) thrown at [/Users/java_re/workspace/8-2-build-macosx-x86_64/jdk8u121/8372/hotspot/src/share/vm/prims/methodHandles.cpp, line 1146]
Event: 0.430 Thread 0x00007fdeb2005000 Exception <a 'java/io/FileNotFoundException'> (0x000000076ae86ad0) thrown at [/Users/java_re/workspace/8-2-build-macosx-x86_64/jdk8u121/8372/hotspot/src/share/vm/prims/jni.cpp, line 709]
Event: 0.430 Thread 0x00007fdeb2005000 Exception <a 'java/io/FileNotFoundException'> (0x000000076ae87658) thrown at [/Users/java_re/workspace/8-2-build-macosx-x86_64/jdk8u121/8372/hotspot/src/share/vm/prims/jni.cpp, line 709]
Event: 1.187 Thread 0x00007fdeaf820000 Exception <a 'java/lang/NullPointerException'> (0x000000076ad0c760) thrown at [/Users/java_re/workspace/8-2-build-macosx-x86_64/jdk8u121/8372/hotspot/src/share/vm/interpreter/linkResolver.cpp, line 1178]

Events (10 events):
Event: 23274.642 Executing VM operation: ParallelGCFailedAllocation
Event: 23274.645 Executing VM operation: ParallelGCFailedAllocation done
Event: 23274.913 Executing VM operation: ParallelGCFailedAllocation
Event: 23274.929 Executing VM operation: ParallelGCFailedAllocation done
Event: 23274.959 Thread 0x00007fdeaf94c800 Uncommon trap: trap_request=0xffffffde fr.pc=0x000000010648a388
Event: 23274.959 Thread 0x00007fdeaf94c800 DEOPT PACKING pc=0x000000010648a388 sp=0x0000700009a7c8c0
Event: 23274.959 Thread 0x00007fdeaf94c800 DEOPT UNPACKING pc=0x00000001061a7229 sp=0x0000700009a7c898 mode 2
Event: 23275.060 Thread 0x00007fdeaf94c800 Uncommon trap: trap_request=0xffffffde fr.pc=0x000000010648a388
Event: 23275.060 Thread 0x00007fdeaf94c800 DEOPT PACKING pc=0x000000010648a388 sp=0x0000700009a7c8c0
Event: 23275.060 Thread 0x00007fdeaf94c800 DEOPT UNPACKING pc=0x00000001061a7229 sp=0x0000700009a7c898 mode 2


Dynamic libraries:
0x0000000013155000 	/System/Library/Frameworks/Cocoa.framework/Versions/A/Cocoa
0x0000000013155000 	/System/Library/Frameworks/Security.framework/Versions/A/Security
0x0000000013155000 	/System/Library/Frameworks/ApplicationServices.framework/Versions/A/ApplicationServices
0x0000000013155000 	/usr/lib/libz.1.dylib
0x0000000013155000 	/usr/lib/libSystem.B.dylib
0x0000000013155000 	/usr/lib/libobjc.A.dylib
0x0000000013155000 	/System/Library/Frameworks/CoreFoundation.framework/Versions/A/CoreFoundation
0x0000000013155000 	/System/Library/Frameworks/Foundation.framework/Versions/C/Foundation
0x0000000013155000 	/System/Library/Frameworks/AppKit.framework/Versions/C/AppKit
0x0000000013155000 	/System/Library/Frameworks/CoreData.framework/Versions/A/CoreData
0x0000000013155000 	/System/Library/PrivateFrameworks/RemoteViewServices.framework/Versions/A/RemoteViewServices
0x0000000013155000 	/System/Library/PrivateFrameworks/UIFoundation.framework/Versions/A/UIFoundation
0x0000000013155000 	/System/Library/PrivateFrameworks/DFRFoundation.framework/Versions/A/DFRFoundation
0x0000000013155000 	/System/Library/Frameworks/Metal.framework/Versions/A/Metal
0x0000000013155000 	/System/Library/PrivateFrameworks/DesktopServicesPriv.framework/Versions/A/DesktopServicesPriv
0x0000000013155000 	/usr/lib/libenergytrace.dylib
0x0000000013155000 	/System/Library/PrivateFrameworks/SkyLight.framework/Versions/A/SkyLight
0x0000000013155000 	/System/Library/Frameworks/CoreGraphics.framework/Versions/A/CoreGraphics
0x0000000013155000 	/usr/lib/libScreenReader.dylib
0x0000000013155000 	/System/Library/Frameworks/Accelerate.framework/Versions/A/Accelerate
0x0000000013155000 	/System/Library/Frameworks/IOSurface.framework/Versions/A/IOSurface
0x0000000013155000 	/System/Library/Frameworks/AudioToolbox.framework/Versions/A/AudioToolbox
0x0000000013155000 	/System/Library/Frameworks/AudioUnit.framework/Versions/A/AudioUnit
0x0000000013155000 	/System/Library/PrivateFrameworks/DataDetectorsCore.framework/Versions/A/DataDetectorsCore
0x0000000013155000 	/System/Library/Frameworks/Carbon.framework/Versions/A/Frameworks/HIToolbox.framework/Versions/A/HIToolbox
0x0000000013155000 	/usr/lib/libicucore.A.dylib
0x0000000013155000 	/System/Library/Frameworks/QuartzCore.framework/Versions/A/QuartzCore
0x0000000013155000 	/System/Library/PrivateFrameworks/SignpostNotification.framework/Versions/A/SignpostNotification
0x0000000013155000 	/System/Library/Frameworks/Carbon.framework/Versions/A/Frameworks/SpeechRecognition.framework/Versions/A/SpeechRecognition
0x0000000013155000 	/usr/lib/libauto.dylib
0x0000000013155000 	/usr/lib/libxml2.2.dylib
0x0000000013155000 	/System/Library/PrivateFrameworks/CoreUI.framework/Versions/A/CoreUI
0x0000000013155000 	/System/Library/Frameworks/CoreAudio.framework/Versions/A/CoreAudio
0x0000000013155000 	/System/Library/Frameworks/DiskArbitration.framework/Versions/A/DiskArbitration
0x0000000013155000 	/usr/lib/liblangid.dylib
0x0000000013155000 	/System/Library/PrivateFrameworks/MultitouchSupport.framework/Versions/A/MultitouchSupport
0x0000000013155000 	/System/Library/Frameworks/IOKit.framework/Versions/A/IOKit
0x0000000013155000 	/usr/lib/libDiagnosticMessagesClient.dylib
0x0000000013155000 	/System/Library/Frameworks/CoreServices.framework/Versions/A/CoreServices
0x0000000013155000 	/System/Library/PrivateFrameworks/PerformanceAnalysis.framework/Versions/A/PerformanceAnalysis
0x0000000013155000 	/System/Library/Frameworks/OpenGL.framework/Versions/A/OpenGL
0x0000000013155000 	/System/Library/Frameworks/ColorSync.framework/Versions/A/ColorSync
0x0000000013155000 	/System/Library/Frameworks/CoreImage.framework/Versions/A/CoreImage
0x0000000013155000 	/System/Library/Frameworks/CoreText.framework/Versions/A/CoreText
0x0000000013155000 	/System/Library/Frameworks/ImageIO.framework/Versions/A/ImageIO
0x0000000013155000 	/System/Library/PrivateFrameworks/Backup.framework/Versions/A/Backup
0x0000000013155000 	/usr/lib/libarchive.2.dylib
0x0000000013155000 	/System/Library/Frameworks/CFNetwork.framework/Versions/A/CFNetwork
0x0000000013155000 	/System/Library/Frameworks/SystemConfiguration.framework/Versions/A/SystemConfiguration
0x0000000013155000 	/usr/lib/libCRFSuite.dylib
0x0000000013155000 	/usr/lib/libc++.1.dylib
0x0000000013155000 	/usr/lib/libc++abi.dylib
0x0000000013155000 	/usr/lib/system/libcache.dylib
0x0000000013155000 	/usr/lib/system/libcommonCrypto.dylib
0x0000000013155000 	/usr/lib/system/libcompiler_rt.dylib
0x0000000013155000 	/usr/lib/system/libcopyfile.dylib
0x0000000013155000 	/usr/lib/system/libcorecrypto.dylib
0x0000000013155000 	/usr/lib/system/libdispatch.dylib
0x0000000013155000 	/usr/lib/system/libdyld.dylib
0x0000000013155000 	/usr/lib/system/libkeymgr.dylib
0x0000000013155000 	/usr/lib/system/liblaunch.dylib
0x0000000013155000 	/usr/lib/system/libmacho.dylib
0x0000000013155000 	/usr/lib/system/libquarantine.dylib
0x0000000013155000 	/usr/lib/system/libremovefile.dylib
0x0000000013155000 	/usr/lib/system/libsystem_asl.dylib
0x0000000013155000 	/usr/lib/system/libsystem_blocks.dylib
0x0000000013155000 	/usr/lib/system/libsystem_c.dylib
0x0000000013155000 	/usr/lib/system/libsystem_configuration.dylib
0x0000000013155000 	/usr/lib/system/libsystem_coreservices.dylib
0x0000000013155000 	/usr/lib/system/libsystem_darwin.dylib
0x0000000013155000 	/usr/lib/system/libsystem_dnssd.dylib
0x0000000013155000 	/usr/lib/system/libsystem_info.dylib
0x0000000013155000 	/usr/lib/system/libsystem_m.dylib
0x0000000013155000 	/usr/lib/system/libsystem_malloc.dylib
0x0000000013155000 	/usr/lib/system/libsystem_network.dylib
0x0000000013155000 	/usr/lib/system/libsystem_networkextension.dylib
0x0000000013155000 	/usr/lib/system/libsystem_notify.dylib
0x0000000013155000 	/usr/lib/system/libsystem_sandbox.dylib
0x0000000013155000 	/usr/lib/system/libsystem_secinit.dylib
0x0000000013155000 	/usr/lib/system/libsystem_kernel.dylib
0x0000000013155000 	/usr/lib/system/libsystem_platform.dylib
0x0000000013155000 	/usr/lib/system/libsystem_pthread.dylib
0x0000000013155000 	/usr/lib/system/libsystem_symptoms.dylib
0x0000000013155000 	/usr/lib/system/libsystem_trace.dylib
0x0000000013155000 	/usr/lib/system/libunwind.dylib
0x0000000013155000 	/usr/lib/system/libxpc.dylib
0x0000000013155000 	/usr/lib/closure/libclosured.dylib
0x0000000013155000 	/usr/lib/libbsm.0.dylib
0x0000000013155000 	/usr/lib/system/libkxld.dylib
0x0000000013155000 	/usr/lib/libOpenScriptingUtil.dylib
0x0000000013155000 	/usr/lib/libcoretls.dylib
0x0000000013155000 	/usr/lib/libcoretls_cfhelpers.dylib
0x0000000013155000 	/usr/lib/libpam.2.dylib
0x0000000013155000 	/usr/lib/libsqlite3.dylib
0x0000000013155000 	/usr/lib/libxar.1.dylib
0x0000000013155000 	/usr/lib/libbz2.1.0.dylib
0x0000000013155000 	/usr/lib/liblzma.5.dylib
0x0000000013155000 	/usr/lib/libnetwork.dylib
0x0000000013155000 	/usr/lib/libapple_nghttp2.dylib
0x0000000013155000 	/usr/lib/libpcap.A.dylib
0x0000000013155000 	/usr/lib/libboringssl.dylib
0x0000000013155000 	/usr/lib/libusrtcp.dylib
0x0000000013155000 	/usr/lib/libapple_crypto.dylib
0x0000000013155000 	/System/Library/Frameworks/CoreServices.framework/Versions/A/Frameworks/FSEvents.framework/Versions/A/FSEvents
0x0000000013155000 	/System/Library/Frameworks/CoreServices.framework/Versions/A/Frameworks/CarbonCore.framework/Versions/A/CarbonCore
0x0000000013155000 	/System/Library/Frameworks/CoreServices.framework/Versions/A/Frameworks/Metadata.framework/Versions/A/Metadata
0x0000000013155000 	/System/Library/Frameworks/CoreServices.framework/Versions/A/Frameworks/OSServices.framework/Versions/A/OSServices
0x0000000013155000 	/System/Library/Frameworks/CoreServices.framework/Versions/A/Frameworks/SearchKit.framework/Versions/A/SearchKit
0x0000000013155000 	/System/Library/Frameworks/CoreServices.framework/Versions/A/Frameworks/AE.framework/Versions/A/AE
0x0000000013155000 	/System/Library/Frameworks/CoreServices.framework/Versions/A/Frameworks/LaunchServices.framework/Versions/A/LaunchServices
0x0000000013155000 	/System/Library/Frameworks/CoreServices.framework/Versions/A/Frameworks/DictionaryServices.framework/Versions/A/DictionaryServices
0x0000000013155000 	/System/Library/Frameworks/CoreServices.framework/Versions/A/Frameworks/SharedFileList.framework/Versions/A/SharedFileList
0x0000000013155000 	/System/Library/Frameworks/NetFS.framework/Versions/A/NetFS
0x0000000013155000 	/System/Library/PrivateFrameworks/NetAuth.framework/Versions/A/NetAuth
0x0000000013155000 	/System/Library/PrivateFrameworks/login.framework/Versions/A/Frameworks/loginsupport.framework/Versions/A/loginsupport
0x0000000013155000 	/System/Library/PrivateFrameworks/TCC.framework/Versions/A/TCC
0x0000000013155000 	/usr/lib/libmecabra.dylib
0x0000000013155000 	/System/Library/Frameworks/ApplicationServices.framework/Versions/A/Frameworks/ATS.framework/Versions/A/ATS
0x0000000013155000 	/System/Library/Frameworks/ApplicationServices.framework/Versions/A/Frameworks/ColorSyncLegacy.framework/Versions/A/ColorSyncLegacy
0x0000000013155000 	/System/Library/Frameworks/ApplicationServices.framework/Versions/A/Frameworks/HIServices.framework/Versions/A/HIServices
0x0000000013155000 	/System/Library/Frameworks/ApplicationServices.framework/Versions/A/Frameworks/LangAnalysis.framework/Versions/A/LangAnalysis
0x0000000013155000 	/System/Library/Frameworks/ApplicationServices.framework/Versions/A/Frameworks/PrintCore.framework/Versions/A/PrintCore
0x0000000013155000 	/System/Library/Frameworks/ApplicationServices.framework/Versions/A/Frameworks/QD.framework/Versions/A/QD
0x0000000013155000 	/System/Library/Frameworks/ApplicationServices.framework/Versions/A/Frameworks/SpeechSynthesis.framework/Versions/A/SpeechSynthesis
0x0000000013155000 	/System/Library/Frameworks/CoreDisplay.framework/Versions/A/CoreDisplay
0x0000000013155000 	/System/Library/Frameworks/Accelerate.framework/Versions/A/Frameworks/vImage.framework/Versions/A/vImage
0x0000000013155000 	/System/Library/Frameworks/Accelerate.framework/Versions/A/Frameworks/vecLib.framework/Versions/A/vecLib
0x0000000013155000 	/System/Library/Frameworks/Accelerate.framework/Versions/A/Frameworks/vecLib.framework/Versions/A/libvDSP.dylib
0x0000000013155000 	/System/Library/Frameworks/Accelerate.framework/Versions/A/Frameworks/vecLib.framework/Versions/A/libBNNS.dylib
0x0000000013155000 	/System/Library/Frameworks/Accelerate.framework/Versions/A/Frameworks/vecLib.framework/Versions/A/libQuadrature.dylib
0x0000000013155000 	/System/Library/Frameworks/Accelerate.framework/Versions/A/Frameworks/vecLib.framework/Versions/A/libvMisc.dylib
0x0000000013155000 	/System/Library/Frameworks/Accelerate.framework/Versions/A/Frameworks/vecLib.framework/Versions/A/libLAPACK.dylib
0x0000000013155000 	/System/Library/Frameworks/Accelerate.framework/Versions/A/Frameworks/vecLib.framework/Versions/A/libBLAS.dylib
0x0000000013155000 	/System/Library/Frameworks/Accelerate.framework/Versions/A/Frameworks/vecLib.framework/Versions/A/libLinearAlgebra.dylib
0x0000000013155000 	/System/Library/Frameworks/Accelerate.framework/Versions/A/Frameworks/vecLib.framework/Versions/A/libSparse.dylib
0x0000000013155000 	/System/Library/Frameworks/Accelerate.framework/Versions/A/Frameworks/vecLib.framework/Versions/A/libSparseBLAS.dylib
0x0000000013155000 	/System/Library/PrivateFrameworks/GPUWrangler.framework/Versions/A/GPUWrangler
0x0000000013155000 	/System/Library/PrivateFrameworks/IOAccelerator.framework/Versions/A/IOAccelerator
0x0000000013155000 	/System/Library/PrivateFrameworks/IOPresentment.framework/Versions/A/IOPresentment
0x0000000013155000 	/System/Library/PrivateFrameworks/DSExternalDisplay.framework/Versions/A/DSExternalDisplay
0x0000000013155000 	/System/Library/Frameworks/OpenGL.framework/Versions/A/Libraries/libCoreFSCache.dylib
0x0000000013155000 	/System/Library/Frameworks/CoreVideo.framework/Versions/A/CoreVideo
0x0000000013155000 	/System/Library/PrivateFrameworks/GraphVisualizer.framework/Versions/A/GraphVisualizer
0x0000000013155000 	/System/Library/Frameworks/MetalPerformanceShaders.framework/Versions/A/MetalPerformanceShaders
0x0000000013155000 	/usr/lib/libFosl_dynamic.dylib
0x0000000013155000 	/System/Library/PrivateFrameworks/FaceCore.framework/Versions/A/FaceCore
0x0000000013155000 	/System/Library/Frameworks/OpenCL.framework/Versions/A/OpenCL
0x0000000013155000 	/usr/lib/libcompression.dylib
0x0000000013155000 	/System/Library/Frameworks/ApplicationServices.framework/Versions/A/Frameworks/ATS.framework/Versions/A/Resources/libFontParser.dylib
0x0000000013155000 	/System/Library/Frameworks/ApplicationServices.framework/Versions/A/Frameworks/ATS.framework/Versions/A/Resources/libFontRegistry.dylib
0x0000000013155000 	/System/Library/Frameworks/ImageIO.framework/Versions/A/Resources/libJPEG.dylib
0x0000000013155000 	/System/Library/Frameworks/ImageIO.framework/Versions/A/Resources/libTIFF.dylib
0x0000000013155000 	/System/Library/Frameworks/ImageIO.framework/Versions/A/Resources/libPng.dylib
0x0000000013155000 	/System/Library/Frameworks/ImageIO.framework/Versions/A/Resources/libGIF.dylib
0x0000000013155000 	/System/Library/Frameworks/ImageIO.framework/Versions/A/Resources/libJP2.dylib
0x0000000013155000 	/System/Library/Frameworks/ImageIO.framework/Versions/A/Resources/libRadiance.dylib
0x0000000013155000 	/System/Library/PrivateFrameworks/AppleJPEG.framework/Versions/A/AppleJPEG
0x0000000013155000 	/System/Library/Frameworks/MetalPerformanceShaders.framework/Frameworks/MPSCore.framework/Versions/A/MPSCore
0x0000000013155000 	/System/Library/Frameworks/MetalPerformanceShaders.framework/Frameworks/MPSImage.framework/Versions/A/MPSImage
0x0000000013155000 	/System/Library/Frameworks/MetalPerformanceShaders.framework/Frameworks/MPSNeuralNetwork.framework/Versions/A/MPSNeuralNetwork
0x0000000013155000 	/System/Library/Frameworks/MetalPerformanceShaders.framework/Frameworks/MPSMatrix.framework/Versions/A/MPSMatrix
0x0000000013155000 	/System/Library/PrivateFrameworks/MetalTools.framework/Versions/A/MetalTools
0x0000000013155000 	/System/Library/Frameworks/OpenGL.framework/Versions/A/Libraries/libGLU.dylib
0x0000000013155000 	/System/Library/Frameworks/OpenGL.framework/Versions/A/Libraries/libGFXShared.dylib
0x0000000013155000 	/System/Library/Frameworks/OpenGL.framework/Versions/A/Libraries/libGL.dylib
0x0000000013155000 	/System/Library/Frameworks/OpenGL.framework/Versions/A/Libraries/libGLImage.dylib
0x0000000013155000 	/System/Library/Frameworks/OpenGL.framework/Versions/A/Libraries/libCVMSPluginSupport.dylib
0x0000000013155000 	/System/Library/Frameworks/OpenGL.framework/Versions/A/Libraries/libCoreVMClient.dylib
0x0000000013155000 	/usr/lib/libcups.2.dylib
0x0000000013155000 	/System/Library/Frameworks/Kerberos.framework/Versions/A/Kerberos
0x0000000013155000 	/System/Library/Frameworks/GSS.framework/Versions/A/GSS
0x0000000013155000 	/usr/lib/libresolv.9.dylib
0x0000000013155000 	/usr/lib/libiconv.2.dylib
0x0000000013155000 	/System/Library/PrivateFrameworks/Heimdal.framework/Versions/A/Heimdal
0x0000000013155000 	/usr/lib/libheimdal-asn1.dylib
0x0000000013155000 	/System/Library/Frameworks/OpenDirectory.framework/Versions/A/OpenDirectory
0x0000000013155000 	/System/Library/PrivateFrameworks/CommonAuth.framework/Versions/A/CommonAuth
0x0000000013155000 	/System/Library/Frameworks/OpenDirectory.framework/Versions/A/Frameworks/CFOpenDirectory.framework/Versions/A/CFOpenDirectory
0x0000000013155000 	/System/Library/Frameworks/SecurityFoundation.framework/Versions/A/SecurityFoundation
0x0000000013155000 	/System/Library/PrivateFrameworks/APFS.framework/Versions/A/APFS
0x0000000013155000 	/usr/lib/libutil.dylib
0x0000000013155000 	/System/Library/PrivateFrameworks/AppleSauce.framework/Versions/A/AppleSauce
0x0000000013155000 	/System/Library/PrivateFrameworks/LinguisticData.framework/Versions/A/LinguisticData
0x0000000013155000 	/usr/lib/libmarisa.dylib
0x0000000013155000 	/System/Library/PrivateFrameworks/Lexicon.framework/Versions/A/Lexicon
0x0000000013155000 	/usr/lib/libChineseTokenizer.dylib
0x0000000013155000 	/usr/lib/libcmph.dylib
0x0000000013155000 	/System/Library/PrivateFrameworks/LanguageModeling.framework/Versions/A/LanguageModeling
0x0000000013155000 	/System/Library/PrivateFrameworks/CoreEmoji.framework/Versions/A/CoreEmoji
0x0000000013155000 	/System/Library/Frameworks/ServiceManagement.framework/Versions/A/ServiceManagement
0x0000000013155000 	/System/Library/PrivateFrameworks/BackgroundTaskManagement.framework/Versions/A/BackgroundTaskManagement
0x0000000013155000 	/usr/lib/libxslt.1.dylib
0x0000000013155000 	/System/Library/Frameworks/Carbon.framework/Versions/A/Frameworks/Ink.framework/Versions/A/Ink
0x0000000013155000 	/System/Library/PrivateFrameworks/TextureIO.framework/Versions/A/TextureIO
0x0000000013155000 	/usr/lib/libate.dylib
0x0000000013155000 	/System/Library/PrivateFrameworks/CrashReporterSupport.framework/Versions/A/CrashReporterSupport
0x0000000013155000 	/System/Library/PrivateFrameworks/Sharing.framework/Versions/A/Sharing
0x0000000013155000 	/System/Library/PrivateFrameworks/IconServices.framework/Versions/A/IconServices
0x0000000013155000 	/System/Library/PrivateFrameworks/AuthKit.framework/Versions/A/AuthKit
0x0000000013155000 	/System/Library/PrivateFrameworks/Apple80211.framework/Versions/A/Apple80211
0x0000000013155000 	/System/Library/PrivateFrameworks/CoreUtils.framework/Versions/A/CoreUtils
0x0000000013155000 	/System/Library/Frameworks/CoreWLAN.framework/Versions/A/CoreWLAN
0x0000000013155000 	/System/Library/Frameworks/IOBluetooth.framework/Versions/A/IOBluetooth
0x0000000013155000 	/System/Library/PrivateFrameworks/ProtocolBuffer.framework/Versions/A/ProtocolBuffer
0x0000000013155000 	/System/Library/PrivateFrameworks/MobileKeyBag.framework/Versions/A/MobileKeyBag
0x0000000013155000 	/System/Library/PrivateFrameworks/CorePhoneNumbers.framework/Versions/A/CorePhoneNumbers
0x0000000013155000 	/System/Library/PrivateFrameworks/AppleIDAuthSupport.framework/Versions/A/AppleIDAuthSupport
0x0000000013155000 	/System/Library/PrivateFrameworks/KeychainCircle.framework/Versions/A/KeychainCircle
0x0000000013155000 	/System/Library/PrivateFrameworks/CoreWiFi.framework/Versions/A/CoreWiFi
0x0000000013155000 	/System/Library/Frameworks/CoreBluetooth.framework/Versions/A/CoreBluetooth
0x0000000013155000 	/System/Library/PrivateFrameworks/DebugSymbols.framework/Versions/A/DebugSymbols
0x0000000013155000 	/System/Library/PrivateFrameworks/CoreSymbolication.framework/Versions/A/CoreSymbolication
0x0000000013155000 	/System/Library/PrivateFrameworks/Symbolication.framework/Versions/A/Symbolication
0x0000000013155000 	/System/Library/PrivateFrameworks/AppleFSCompression.framework/Versions/A/AppleFSCompression
0x0000000013155000 	/System/Library/PrivateFrameworks/SpeechRecognitionCore.framework/Versions/A/SpeechRecognitionCore
0x0000000105200000 	/Library/Java/JavaVirtualMachines/jdk1.8.0_121.jdk/Contents/Home/jre/lib/server/libjvm.dylib
0x0000000013155000 	/usr/lib/libstdc++.6.0.9.dylib
0x000000010378b000 	/Library/Java/JavaVirtualMachines/jdk1.8.0_121.jdk/Contents/Home/jre/lib/libverify.dylib
0x0000000103799000 	/Library/Java/JavaVirtualMachines/jdk1.8.0_121.jdk/Contents/Home/jre/lib/libjava.dylib
0x0000000103818000 	/Library/Java/JavaVirtualMachines/jdk1.8.0_121.jdk/Contents/Home/jre/lib/libzip.dylib
0x0000000013155000 	/System/Library/Frameworks/JavaVM.framework/Versions/A/Frameworks/JavaRuntimeSupport.framework/Versions/A/JavaRuntimeSupport
0x0000000013155000 	/System/Library/Frameworks/JavaVM.framework/Versions/A/Frameworks/JavaNativeFoundation.framework/Versions/A/JavaNativeFoundation
0x0000000013155000 	/System/Library/Frameworks/JavaVM.framework/Versions/A/JavaVM
0x0000000013155000 	/System/Library/Frameworks/Carbon.framework/Versions/A/Carbon
0x0000000013155000 	/System/Library/PrivateFrameworks/JavaLaunching.framework/Versions/A/JavaLaunching
0x0000000013155000 	/System/Library/Frameworks/Carbon.framework/Versions/A/Frameworks/CommonPanels.framework/Versions/A/CommonPanels
0x0000000013155000 	/System/Library/Frameworks/Carbon.framework/Versions/A/Frameworks/Help.framework/Versions/A/Help
0x0000000013155000 	/System/Library/Frameworks/Carbon.framework/Versions/A/Frameworks/ImageCapture.framework/Versions/A/ImageCapture
0x0000000013155000 	/System/Library/Frameworks/Carbon.framework/Versions/A/Frameworks/OpenScripting.framework/Versions/A/OpenScripting
0x0000000013155000 	/System/Library/Frameworks/Carbon.framework/Versions/A/Frameworks/Print.framework/Versions/A/Print
0x0000000013155000 	/System/Library/Frameworks/Carbon.framework/Versions/A/Frameworks/SecurityHI.framework/Versions/A/SecurityHI
0x000000012230e000 	/Library/Java/JavaVirtualMachines/jdk1.8.0_121.jdk/Contents/Home/jre/lib/libawt.dylib
0x00000001223b6000 	/Library/Java/JavaVirtualMachines/jdk1.8.0_121.jdk/Contents/Home/jre/lib/./libmlib_image.dylib
0x0000000122482000 	/Library/Java/JavaVirtualMachines/jdk1.8.0_121.jdk/Contents/Home/jre/lib/libawt_lwawt.dylib
0x0000000122539000 	/Library/Java/JavaVirtualMachines/jdk1.8.0_121.jdk/Contents/Home/jre/lib/./libosxapp.dylib
0x0000000013155000 	/System/Library/Frameworks/ExceptionHandling.framework/Versions/A/ExceptionHandling
0x0000000013155000 	/System/Library/PrivateFrameworks/CoreServicesInternal.framework/Versions/A/CoreServicesInternal
0x0000000013155000 	/System/Library/CoreServices/RawCamera.bundle/Contents/MacOS/RawCamera
0x0000000013155000 	/System/Library/PrivateFrameworks/MobileAsset.framework/Versions/A/MobileAsset
0x0000000013155000 	/System/Library/PrivateFrameworks/StreamingZip.framework/Versions/A/StreamingZip
0x0000000013155000 	/System/Library/Frameworks/MediaToolbox.framework/Versions/A/MediaToolbox
0x0000000013155000 	/System/Library/PrivateFrameworks/CoreAVCHD.framework/Versions/A/CoreAVCHD
0x0000000013155000 	/System/Library/Frameworks/MediaAccessibility.framework/Versions/A/MediaAccessibility
0x0000000013155000 	/System/Library/PrivateFrameworks/Mangrove.framework/Versions/A/Mangrove
0x0000000013155000 	/System/Library/Frameworks/CoreMedia.framework/Versions/A/CoreMedia
0x0000000013155000 	/System/Library/Frameworks/VideoToolbox.framework/Versions/A/VideoToolbox
0x0000000013155000 	/System/Library/PrivateFrameworks/CoreAUC.framework/Versions/A/CoreAUC
0x0000000013155000 	/usr/lib/libspindump.dylib
0x0000000013155000 	/System/Library/PrivateFrameworks/AppleVA.framework/Versions/A/AppleVA
0x0000000013155000 	/System/Library/Frameworks/Accelerate.framework/Versions/A/Frameworks/vImage.framework/Versions/A/Libraries/libCGInterfaces.dylib
0x0000000013155000 	/System/Library/Frameworks/ApplicationServices.framework/Versions/A/Frameworks/ATS.framework/Versions/A/Resources/libTrueTypeScaler.dylib
0x0000000013155000 	/System/Library/Extensions/AppleIntelHD5000GraphicsMTLDriver.bundle/Contents/MacOS/AppleIntelHD5000GraphicsMTLDriver
0x0000000124781000 	/System/Library/Extensions/AMDMTLBronzeDriver.bundle/Contents/MacOS/AMDMTLBronzeDriver
0x0000000013155000 	/System/Library/PrivateFrameworks/IOAccelMemoryInfo.framework/Versions/A/IOAccelMemoryInfo
0x0000000013155000 	/System/Library/PrivateFrameworks/GPUCompiler.framework/Versions/3802/Libraries/libmetal_timestamp.dylib
0x0000000013155000 	/System/Library/PrivateFrameworks/FamilyControls.framework/Versions/A/FamilyControls
0x0000000013155000 	/System/Library/PrivateFrameworks/CommerceKit.framework/Versions/A/Frameworks/CommerceCore.framework/Versions/A/CommerceCore
0x0000000013155000 	/System/Library/PrivateFrameworks/SystemAdministration.framework/Versions/A/SystemAdministration
0x0000000013155000 	/System/Library/PrivateFrameworks/AppContainer.framework/Versions/A/AppContainer
0x0000000013155000 	/System/Library/PrivateFrameworks/SecCodeWrapper.framework/Versions/A/SecCodeWrapper
0x0000000013155000 	/System/Library/PrivateFrameworks/DiskManagement.framework/Versions/A/DiskManagement
0x0000000013155000 	/System/Library/Frameworks/DirectoryService.framework/Versions/A/DirectoryService
0x0000000013155000 	/System/Library/PrivateFrameworks/DiskImages.framework/Versions/A/DiskImages
0x0000000013155000 	/System/Library/PrivateFrameworks/LoginUIKit.framework/Versions/A/Frameworks/LoginUICore.framework/Versions/A/LoginUICore
0x0000000013155000 	/usr/lib/libCoreStorage.dylib
0x0000000013155000 	/usr/lib/libcsfde.dylib
0x0000000013155000 	/usr/lib/libodfde.dylib
0x0000000013155000 	/System/Library/PrivateFrameworks/MediaKit.framework/Versions/A/MediaKit
0x0000000013155000 	/System/Library/Frameworks/DiscRecording.framework/Versions/A/DiscRecording
0x0000000013155000 	/System/Library/PrivateFrameworks/EFILogin.framework/Versions/A/EFILogin
0x0000000013155000 	/System/Library/PrivateFrameworks/ProtectedCloudStorage.framework/Versions/A/ProtectedCloudStorage
0x0000000013155000 	/usr/lib/libcurl.4.dylib
0x0000000013155000 	/usr/lib/libcrypto.35.dylib
0x0000000013155000 	/usr/lib/libssl.35.dylib
0x0000000013155000 	/System/Library/Frameworks/LDAP.framework/Versions/A/LDAP
0x0000000013155000 	/System/Library/PrivateFrameworks/TrustEvaluationAgent.framework/Versions/A/TrustEvaluationAgent
0x0000000013155000 	/usr/lib/libsasl2.2.dylib
0x0000000013155000 	/System/Library/PrivateFrameworks/CoreDaemon.framework/Versions/B/CoreDaemon
0x0000000013155000 	/System/Library/PrivateFrameworks/AppleSRP.framework/Versions/A/AppleSRP
0x0000000013155000 	/System/Library/Frameworks/OpenGL.framework/Versions/A/Resources/GLEngine.bundle/GLEngine
0x0000000013155000 	/System/Library/Frameworks/OpenGL.framework/Versions/A/Libraries/libGLProgrammability.dylib
0x0000000124edb000 	/System/Library/Extensions/AppleIntelHD5000GraphicsGLDriver.bundle/Contents/MacOS/AppleIntelHD5000GraphicsGLDriver
0x0000000013155000 	/System/Library/PrivateFrameworks/GPUSupport.framework/Versions/A/Libraries/libGPUSupportMercury.dylib
0x0000000125643000 	/System/Library/Extensions/AMDRadeonX4000GLDriver.bundle/Contents/MacOS/AMDRadeonX4000GLDriver
0x0000000013155000 	/System/Library/Extensions/AMDRadeonX4000GLDriver.bundle/Contents/MacOS/ATIRadeonX4000SCLib.dylib
0x0000000013155000 	/System/Library/Frameworks/OpenGL.framework/Versions/A/Resources/GLRendererFloat.bundle/GLRendererFloat
0x0000000013155000 	/System/Library/Frameworks/OpenCL.framework/Versions/A/Libraries/libcldcpuengine.dylib
0x00000001258f8000 	/Library/Java/JavaVirtualMachines/jdk1.8.0_121.jdk/Contents/Home/jre/lib/libfontmanager.dylib
0x000000012595f000 	/Library/Java/JavaVirtualMachines/jdk1.8.0_121.jdk/Contents/Home/jre/lib/libosxui.dylib
0x0000000013155000 	/System/Library/PrivateFrameworks/ViewBridge.framework/Versions/A/ViewBridge
0x0000000127bb0000 	/Library/Java/JavaVirtualMachines/jdk1.8.0_121.jdk/Contents/Home/jre/lib/libnio.dylib
0x000000012972a000 	/Library/Java/JavaVirtualMachines/jdk1.8.0_121.jdk/Contents/Home/jre/lib/./libnet.dylib
0x00000001229e5000 	/Library/Java/JavaVirtualMachines/jdk1.8.0_121.jdk/Contents/Home/jre/lib/libjpeg.dylib

VM Arguments:
jvm_args: -Dfile.encoding=UTF-8 
java_command: com.mdu.DrawLine.DLKaleidoscope
java_class_path (initial): /Library/Java/JavaVirtualMachines/jdk1.8.0_121.jdk/Contents/Home/jre/lib/resources.jar:/Library/Java/JavaVirtualMachines/jdk1.8.0_121.jdk/Contents/Home/jre/lib/rt.jar:/Library/Java/JavaVirtualMachines/jdk1.8.0_121.jdk/Contents/Home/jre/lib/jsse.jar:/Library/Java/JavaVirtualMachines/jdk1.8.0_121.jdk/Contents/Home/jre/lib/jce.jar:/Library/Java/JavaVirtualMachines/jdk1.8.0_121.jdk/Contents/Home/jre/lib/charsets.jar:/Library/Java/JavaVirtualMachines/jdk1.8.0_121.jdk/Contents/Home/jre/lib/jfr.jar:/Library/Java/JavaVirtualMachines/jdk1.8.0_121.jdk/Contents/Home/jre/lib/ext/sunec.jar:/Library/Java/JavaVirtualMachines/jdk1.8.0_121.jdk/Contents/Home/jre/lib/ext/nashorn.jar:/Library/Java/JavaVirtualMachines/jdk1.8.0_121.jdk/Contents/Home/jre/lib/ext/cldrdata.jar:/Library/Java/JavaVirtualMachines/jdk1.8.0_121.jdk/Contents/Home/jre/lib/ext/jfxrt.jar:/Library/Java/JavaVirtualMachines/jdk1.8.0_121.jdk/Contents/Home/jre/lib/ext/dnsns.jar:/Library/Java/JavaVirtualMachines/jdk1.8.0_121.jdk/Contents/Home/jre/lib/ext/localedata.jar:/Library/Java/JavaVirtualMachines/jdk1.8.0_121.jdk/Contents/Home/jre/lib/ext/sunjce_provider.jar:/Library/Java/JavaVirtualMachines/jdk1.8.0_121.jdk/Contents/Home/jre/lib/ext/sunpkcs11.jar:/Library/Java/JavaVirtualMachines/jdk1.8.0_121.jdk/Contents/Home/jre/lib/ext/jaccess.jar:/Library/Java/JavaVirtualMachines/jdk1.8.0_121.jdk/Contents/Home/jre/lib/ext/zipfs.jar:/System/Library/Java/Extensions/MRJToolkit.jar:/Users/mdurocher/Documents/ws-android2/DrawLine/target:/Users/mdurocher/Documents/ws-android2/DrawLine/lib/jsoup-1.8.1.jar
Launcher Type: SUN_STANDARD

Environment Variables:
PATH=/usr/bin:/bin:/usr/sbin:/sbin
SHELL=/bin/bash
DISPLAY=/private/tmp/com.apple.launchd.zV4cPayPHj/org.macosforge.xquartz:0

Signal Handlers:
SIGSEGV: [libjvm.dylib+0x5b1141], sa_mask[0]=11111111011111110111111111111111, sa_flags=SA_ONSTACK|SA_RESTART|SA_SIGINFO
SIGBUS: [libjvm.dylib+0x5b1141], sa_mask[0]=11111111011111110111111111111111, sa_flags=SA_RESTART|SA_SIGINFO
SIGFPE: [libjvm.dylib+0x487bc4], sa_mask[0]=11111111011111110111111111111111, sa_flags=SA_RESTART|SA_SIGINFO
SIGPIPE: [libjvm.dylib+0x487bc4], sa_mask[0]=11111111011111110111111111111111, sa_flags=SA_RESTART|SA_SIGINFO
SIGXFSZ: [libjvm.dylib+0x487bc4], sa_mask[0]=11111111011111110111111111111111, sa_flags=SA_RESTART|SA_SIGINFO
SIGILL: [libjvm.dylib+0x487bc4], sa_mask[0]=11111111011111110111111111111111, sa_flags=SA_RESTART|SA_SIGINFO
SIGUSR1: SIG_DFL, sa_mask[0]=00000000000000000000000000000000, sa_flags=none
SIGUSR2: [libjvm.dylib+0x4876e2], sa_mask[0]=00100000000000000000000000000000, sa_flags=SA_RESTART|SA_SIGINFO
SIGHUP: [libjvm.dylib+0x485cb9], sa_mask[0]=11111111011111110111111111111111, sa_flags=SA_RESTART|SA_SIGINFO
SIGINT: [libjvm.dylib+0x485cb9], sa_mask[0]=11111111011111110111111111111111, sa_flags=SA_RESTART|SA_SIGINFO
SIGTERM: [libjvm.dylib+0x485cb9], sa_mask[0]=11111111011111110111111111111111, sa_flags=SA_RESTART|SA_SIGINFO
SIGQUIT: [libjvm.dylib+0x485cb9], sa_mask[0]=11111111011111110111111111111111, sa_flags=SA_RESTART|SA_SIGINFO


---------------  S Y S T E M  ---------------

OS:Bsduname:Darwin 17.7.0 Darwin Kernel Version 17.7.0: Thu Jun 21 22:53:14 PDT 2018; root:xnu-4570.71.2~1/RELEASE_X86_64 x86_64
rlimit: STACK 8192k, CORE 0k, NPROC 1418, NOFILE 10240, AS infinity
load average:4.74 4.08 4.11

CPU:total 8 (4 cores per cpu, 2 threads per core) family 6 model 70 stepping 1, cmov, cx8, fxsr, mmx, sse, sse2, sse3, ssse3, sse4.1, sse4.2, popcnt, avx, avx2, aes, clmul, erms, lzcnt, ht, tsc, tscinvbit, bmi1, bmi2

Memory: 4k page, physical 16777216k(2501960k free)

/proc/meminfo:


vm_info: Java HotSpot(TM) 64-Bit Server VM (25.121-b13) for bsd-amd64 JRE (1.8.0_121-b13), built on Dec 12 2016 20:39:32 by "java_re" with gcc 4.2.1 (Based on Apple Inc. build 5658) (LLVM build 2336.11.00)

time: Mon Oct 29 16:25:33 2018
elapsed time: 23275 seconds (0d 6h 27m 55s)

